
================================================================
======== Log Rotated - 18/07/2022, 19:46:33                     
================================================================

================================================================
======== FXServer Starting - 18/07/2022, 19:46:48               
================================================================
[    c-scripting-core] Creating script environments for _cfx_internal
[ citizen-server-impl] Scanning resources.
[ citizen-server-impl] Found 112 resources.
[          svadhesive] Authenticating server license key...
[          svadhesive] Server license key authentication succeeded. Welcome!
[    c-scripting-core] Creating script environments for sessionmanager
[ citizen-server-impl] Started resource sessionmanager
[    c-scripting-core] Creating script environments for monitor
[      script:monitor] [txAdminClient] Version 4.14.0 starting...
[ citizen-server-impl] Started resource monitor
[    c-scripting-core] Creating script environments for mapmanager
[ citizen-server-impl] Started resource mapmanager
[38;5;161m[    c-scripting-core] Creating script environments for yarn
[ citizen-server-impl] Started resource yarn
[    c-scripting-core] Creating script environments for webpack
[ citizen-server-impl] Started resource webpack
[    c-scripting-core] Creating script environments for chat
[ citizen-server-impl] Started resource chat
[ citizen-server-impl] Started resource spawnmanager
[   script:mapmanager] Started gametype Freeroam
[ citizen-server-impl] Started resource basic-gamemode
[    c-scripting-core] Creating script environments for hardcap
[ citizen-server-impl] Started resource hardcap
[    c-scripting-core] Creating script environments for baseevents
[ citizen-server-impl] Started resource baseevents
[    c-scripting-core] Creating script environments for oxmysql
[ citizen-server-impl] Started resource oxmysql
[    c-scripting-core] Creating script environments for qb-core
[ citizen-server-impl] Started resource qb-core
[ citizen-server-impl] Started resource menuv
[    c-scripting-core] Creating script environments for qb-adminmenu
[38;5;73m[ citizen-server-impl] Started resource qb-adminmenu
[    c-scripting-core] Creating script environments for qb-ambulancejob
[ citizen-server-impl] Started resource qb-ambulancejob
[ citizen-server-impl] Started resource qb-interior
[    c-scripting-core] Creating script environments for fivem-appearance
[ citizen-server-impl] Started resource fivem-appearance
[    c-scripting-core] Creating script environments for qb-weathersync
[ citizen-server-impl] Started resource qb-weathersync
[    c-scripting-core] Creating script environments for qb-apartments
[ citizen-server-impl] Started resource qb-apartments
[    c-scripting-core] Creating script environments for qb-atms
[ citizen-server-impl] Started resource qb-atms
[    c-scripting-core] Creating script environments for qb-banking
[ citizen-server-impl] Started resource qb-banking
[    c-scripting-core] Creating script environments for PolyZone
[ citizen-server-impl] Started resource PolyZone
[    c-scripting-core] Creating script environments for qb-bankrobbery
[ citizen-server-impl] Started resource qb-bankrobbery
[    c-scripting-core] Creating script environments for qb-busjob
[ citizen-server-impl] Started resource qb-busjob
[    c-scripting-core] Creating script environments for qb-cityhall
[ citizen-server-impl] Started resource qb-cityhall
[    c-scripting-core] Creating script environments for qb-commandbinding
[ citizen-server-impl] Started resource qb-commandbinding
[ citizen-server-impl] Started resource mhacking
[    c-scripting-core] Creating script environments for qb-crypto
[ citizen-server-impl] Started resource qb-crypto
[    c-scripting-core] Creating script environments for qb-customs
[ citizen-server-impl] Started resource qb-customs
[    c-scripting-core] Creating script environments for qb-diving
[ citizen-server-impl] Started resource qb-diving
[    c-scripting-core] Creating script environments for qb-doorlock
[ citizen-server-impl] Started resource qb-doorlock
[    c-scripting-core] Creating script environments for qb-drugs
[ citizen-server-impl] Started resource qb-drugs
[    c-scripting-core] Creating script environments for qb-fitbit
[ citizen-server-impl] Started resource qb-fitbit
[    c-scripting-core] Creating script environments for qb-garages
[ citizen-server-impl] Started resource qb-garages
[    c-scripting-core] Creating script environments for qb-garbagejob
[ citizen-server-impl] Started resource qb-garbagejob
[    c-scripting-core] Creating script environments for qb-hotdogjob
[38;5;73m[ citizen-server-impl] Started resource qb-hotdogjob
[ citizen-server-impl] Started resource qb-lockpick
[ citizen-server-impl] Started resource qb-skillbar
[    c-scripting-core] Creating script environments for qb-houserobbery
[ citizen-server-impl] Started resource qb-houserobbery
[    c-scripting-core] Creating script environments for qb-houses
[ citizen-server-impl] Started resource qb-houses
[    c-scripting-core] Creating script environments for qb-hud
[ citizen-server-impl] Started resource qb-hud
[ citizen-server-impl] Started resource qb-input
[    c-scripting-core] Creating script environments for qb-jewelery
[ citizen-server-impl] Started resource qb-jewelery
[ citizen-server-impl] Started resource qb-keyminigame
[    c-scripting-core] Creating script environments for qb-lapraces
[38;5;73m[ citizen-server-impl] Started resource qb-lapraces
[ citizen-server-impl] Started resource qb-loading
[    c-scripting-core] Creating script environments for qb-management
[ citizen-server-impl] Started resource qb-management
[    c-scripting-core] Creating script environments for qb-mechanicjob
[ citizen-server-impl] Started resource qb-mechanicjob
[ citizen-server-impl] Started resource qb-menu
[    c-scripting-core] Creating script environments for qb-spawn
[ citizen-server-impl] Started resource qb-spawn
[38;5;161m[    c-scripting-core] Creating script environments for qb-multicharacter
[ citizen-server-impl] Started resource qb-multicharacter
[38;5;161m[    c-scripting-core] Creating script environments for qb-newsjob
[ citizen-server-impl] Started resource qb-newsjob
[    c-scripting-core] Creating script environments for qb-pawnshop
[ citizen-server-impl] Started resource qb-pawnshop
[    c-scripting-core] Creating script environments for qb-phone
[ citizen-server-impl] Started resource qb-phone
[    c-scripting-core] Creating script environments for qb-policejob
[38;5;73m[ citizen-server-impl] Started resource qb-policejob
[    c-scripting-core] Creating script environments for qb-prison
[ citizen-server-impl] [97mStarted resource qb-prison
[    c-scripting-core] Creating script environments for qb-radialmenu
[ citizen-server-impl] Started resource qb-radialmenu
[    c-scripting-core] Creating script environments for qb-recyclejob
[ citizen-server-impl] Started resource qb-recyclejob
[    c-scripting-core] Creating script environments for qb-scoreboard
[ citizen-server-impl] Started resource qb-scoreboard
[    c-scripting-core] Creating script environments for qb-scrapyard
[ citizen-server-impl] Started resource qb-scrapyard
[    c-scripting-core] Creating script environments for qb-shops
[ citizen-server-impl] Started resource qb-shops
[    c-scripting-core] Creating script environments for qb-smallresources
[ citizen-server-impl] Started resource qb-smallresources
[    c-scripting-core] Creating script environments for qb-storerobbery
[ citizen-server-impl] Started resource qb-storerobbery
[    c-scripting-core] Creating script environments for qb-streetraces
[ citizen-server-impl] Started resource qb-streetraces
[ citizen-server-impl] Started resource qb-target
[    c-scripting-core] Creating script environments for qb-taxijob
[ citizen-server-impl] Started resource qb-taxijob
[    c-scripting-core] Creating script environments for qb-towjob
[38;5;73m[ citizen-server-impl] Started resource qb-towjob
[    c-scripting-core] Creating script environments for qb-traphouse
[ citizen-server-impl] Started resource qb-traphouse
[    c-scripting-core] Creating script environments for qb-truckerjob
[ citizen-server-impl] [97mStarted resource qb-truckerjob
[    c-scripting-core] Creating script environments for qb-truckrobbery
[ citizen-server-impl] Started resource qb-truckrobbery
[    c-scripting-core] Creating script environments for qb-tunerchip
[ citizen-server-impl] Started resource qb-tunerchip
[    c-scripting-core] Creating script environments for qb-vehiclefailure
[ citizen-server-impl] Started resource qb-vehiclefailure
[    c-scripting-core] Creating script environments for qb-vehiclekeys
[ citizen-server-impl] Started resource qb-vehiclekeys
[    c-scripting-core] Creating script environments for qb-vehiclesales
[ citizen-server-impl] Started resource qb-vehiclesales
[38;5;161m[    c-scripting-core] Creating script environments for qb-vehicleshop
[38;5;73m[ citizen-server-impl] Started resource qb-vehicleshop
[    c-scripting-core] Creating script environments for qb-vineyard
[ citizen-server-impl] Started resource qb-vineyard
[    c-scripting-core] Creating script environments for qb-weapons
[ citizen-server-impl] Started resource qb-weapons
[    c-scripting-core] Creating script environments for qb-weed
[ citizen-server-impl] Started resource qb-weed
[    c-scripting-core] Creating script environments for LegacyFuel
[ citizen-server-impl] Started resource LegacyFuel
[ citizen-server-impl] Started resource bob74_ipl
[    c-scripting-core] Creating script environments for connectqueue
[ script:connectqueue] QUEUE: [97m [connectqueue] Disabling hardcap 
[ citizen-server-impl] Stopping resource hardcap
[ citizen-server-impl] Started resource connectqueue
[ citizen-server-impl] Started resource devyn-backitems
[    c-scripting-core] Creating script environments for dpemotes
[     script:dpemotes] [dp] Sql Keybinding is turned off, if you want to enable /emotebind, import dpkeybinding.sql and set SqlKeybinding = true in config.lua.
[ citizen-server-impl] Started resource dpemotes
[    c-scripting-core] Creating script environments for interact-sound
[ citizen-server-impl] Started resource interact-sound
[    c-scripting-core] Creating script environments for lj-inventory
[ citizen-server-impl] Started resource lj-inventory
[ citizen-server-impl] Started resource progressbar
[ citizen-server-impl] Started resource safecracker
[    c-scripting-core] Creating script environments for screenshot-basic
[ citizen-server-impl] Started resource screenshot-basic
[    c-scripting-core] Creating script environments for pma-voice
[ citizen-server-impl] Started resource pma-voice
[38;5;161m[    c-scripting-core] Creating script environments for qb-radio
[38;5;73m[ citizen-server-impl] Started resource qb-radio
[ citizen-server-impl] Started resource dealer_map
[ citizen-server-impl] Started resource hospital_map
[38;5;73m[ citizen-server-impl] Started resource prison_canteen
[ citizen-server-impl] Asset prison_main/desertos_prison.ytd uses 30.5 MiB of physical memory.
[ citizen-server-impl] Started resource prison_main
[ citizen-server-impl] Started resource prison_meeting
[    c-scripting-core] Creating script environments for ps-dispatch
[ citizen-server-impl] Started resource ps-dispatch
[    c-scripting-core] Creating script environments for ps-mdt
[ citizen-server-impl] Started resource ps-mdt
[      script:monitor] [txAdminClient][97m Threads and commands set up. All Ready.
[38;5;154m[   script:mapmanager] Started map fivem-map-skater
[ citizen-server-impl] Started resource fivem-map-skater
[38;5;111m[  script:ps-dispatch] PlayerDowned	true	true
[  script:ps-dispatch] Autotheft	true	true
[  script:ps-dispatch] Shooting	true	true
[  script:ps-dispatch] Speeding	true	true
[  script:ps-dispatch] Melee	true	true
[ citizen-server-impl] server thread hitch warning: timer interval of 186 milliseconds
[      script:oxmysql] Database server connection established!
[ citizen-server-impl]         fff                          
[ citizen-server-impl]   cccc ff   xx  xx     rr rr    eee  
[ citizen-server-impl] cc     ffff   xx       rrr  r ee   e 
[ citizen-server-impl] cc     ff     xx   ... rr     eeeee  
[ citizen-server-impl]  ccccc ff   xx  xx ... rr      eeeee 
[ citizen-server-impl]                                      
[ citizen-server-impl] Authenticated with cfx.re Nucleus: https://mmoreira6-9bvv5y.users.cfx.re/
[     script:dpemotes] 
[     script:dpemotes] dp Emotes (dpemotes) is up to date. (173)
[ script:connectqueue] [93mQUEUE: morei[license:b82c8958522106057996aec4f2d6e066e8e5ebad] está 1/1 na fila
[ citizen-server-impl] sync thread hitch warning: timer interval of 102 milliseconds
[ script:connectqueue] QUEUE: morei[license:b82c8958522106057996aec4f2d6e066e8e5ebad] is loading into the server
[ citizen-server-impl] Server list query returned an error: System.Threading.Tasks.TaskCanceledException: The operation was canceled. <- System.TimeoutException: The operation was canceled. <- System.Threading.Tasks.TaskCanceledException: The request was canceled due to the configured HttpClient.Timeout of 30 seconds elapsing.
[      script:qb-core] [qb-core:LOG] morei PLAYER SAVED!
[script:qb-multichara] [qb-core] morei (Citizen ID: HCI15875) has succesfully loaded!
[ citizen-server-impl] Server list query returned an error: System.Threading.Tasks.TaskCanceledException: The operation was canceled. <- System.TimeoutException: The operation was canceled. <- System.Threading.Tasks.TaskCanceledException: The request was canceled due to the configured HttpClient.Timeout of 30 seconds elapsing.
[      script:qb-core] [qb-core:LOG] morei PLAYER SAVED!
[ citizen-server-impl] server thread hitch warning: timer interval of 327 milliseconds
[38;5;73m[ citizen-server-impl] Server list query returned an error: System.Threading.Tasks.TaskCanceledException: The operation was canceled. <- System.TimeoutException: The operation was canceled. <- System.Threading.Tasks.TaskCanceledException: The request was canceled due to the configured HttpClient.Timeout of 30 seconds elapsing.
[      script:qb-core] [qb-core:LOG] morei PLAYER SAVED!
[ citizen-server-impl] server thread hitch warning: timer interval of 250 milliseconds
[ citizen-server-main] -> Quitting: SIGHUP received
