
================================================================
======== Log Rotated - 22/07/2022, 19:31:31                     
================================================================

================================================================
======== FXServer Starting - 22/07/2022, 19:31:38               
================================================================
[    c-scripting-core] Creating script environments for _cfx_internal
[ citizen-server-impl] Scanning resources.
[ citizen-server-impl] Found 113 resources.
[          svadhesive] Authenticating server license key...
[          svadhesive] Server license key authentication succeeded. Welcome!
[    c-scripting-core] Creating script environments for sessionmanager
[ citizen-server-impl] Started resource sessionmanager
[    c-scripting-core] Creating script environments for monitor
[      script:monitor] [txAdminClient] Version 4.14.0 starting...
[ citizen-server-impl] Started resource monitor
[    c-scripting-core] Creating script environments for mapmanager
[ citizen-server-impl] Started resource mapmanager
[    c-scripting-core] Creating script environments for yarn
[ citizen-server-impl] Started resource yarn
[    c-scripting-core] Creating script environments for webpack
[ citizen-server-impl] Started resource webpack
[    c-scripting-core] Creating script environments for chat
[ citizen-server-impl] Started resource chat
[ citizen-server-impl] Started resource spawnmanager
[   script:mapmanager] Started gametype Freeroam
[ citizen-server-impl] Started resource basic-gamemode
[    c-scripting-core] Creating script environments for hardcap
[ citizen-server-impl] Started resource hardcap
[    c-scripting-core] Creating script environments for baseevents
[ citizen-server-impl] Started resource baseevents
[    c-scripting-core] Creating script environments for oxmysql
[ citizen-server-impl] Started resource oxmysql
[    c-scripting-core] Creating script environments for qb-core
[ citizen-server-impl] Started resource qb-core
[ citizen-server-impl] Started resource menuv
[    c-scripting-core] [0mCreating script environments for qb-adminmenu
[ citizen-server-impl] Started resource qb-adminmenu
[    c-scripting-core] Creating script environments for qb-ambulancejob
[ citizen-server-impl] Started resource qb-ambulancejob
[ citizen-server-impl] Started resource qb-interior
[    c-scripting-core] Creating script environments for fivem-appearance
[ citizen-server-impl] Started resource fivem-appearance
[    c-scripting-core] Creating script environments for qb-weathersync
[ citizen-server-impl] Started resource qb-weathersync
[    c-scripting-core] Creating script environments for qb-apartments
[ citizen-server-impl] Started resource qb-apartments
[    c-scripting-core] Creating script environments for qb-atms
[38;5;73m[ citizen-server-impl] Started resource qb-atms
[    c-scripting-core] Creating script environments for qb-banking
[ citizen-server-impl] Started resource qb-banking
[    c-scripting-core] Creating script environments for PolyZone
[ citizen-server-impl] [0mStarted resource PolyZone
[    c-scripting-core] Creating script environments for qb-bankrobbery
[ citizen-server-impl] Started resource qb-bankrobbery
[    c-scripting-core] Creating script environments for qb-busjob
[ citizen-server-impl] Started resource qb-busjob
[    c-scripting-core] Creating script environments for qb-cityhall
[ citizen-server-impl] Started resource qb-cityhall
[    c-scripting-core] Creating script environments for qb-commandbinding
[ citizen-server-impl] [0mStarted resource qb-commandbinding
[ citizen-server-impl] Started resource mhacking
[    c-scripting-core] Creating script environments for qb-crypto
[ citizen-server-impl] Started resource qb-crypto
[    c-scripting-core] Creating script environments for qb-customs
[ citizen-server-impl] Started resource qb-customs
[    c-scripting-core] Creating script environments for qb-diving
[ citizen-server-impl] Started resource qb-diving
[    c-scripting-core] Creating script environments for qb-doorlock
[ citizen-server-impl] Started resource qb-doorlock
[    c-scripting-core] Creating script environments for qb-drugs
[38;5;73m[ citizen-server-impl] Started resource qb-drugs
[    c-scripting-core] Creating script environments for qb-fitbit
[ citizen-server-impl] Started resource qb-fitbit
[    c-scripting-core] Creating script environments for qb-garages
[ citizen-server-impl] Started resource qb-garages
[    c-scripting-core] Creating script environments for qb-garbagejob
[ citizen-server-impl] Started resource qb-garbagejob
[    c-scripting-core] Creating script environments for qb-hotdogjob
[ citizen-server-impl] Started resource qb-hotdogjob
[ citizen-server-impl] Started resource qb-lockpick
[ citizen-server-impl] Started resource qb-skillbar
[    c-scripting-core] Creating script environments for qb-houserobbery
[ citizen-server-impl] Started resource qb-houserobbery
[    c-scripting-core] Creating script environments for qb-houses
[ citizen-server-impl] Started resource qb-houses
[    c-scripting-core] Creating script environments for qb-hud
[ citizen-server-impl] Started resource qb-hud
[ citizen-server-impl] Started resource qb-input
[    c-scripting-core] Creating script environments for qb-jewelery
[ citizen-server-impl] Started resource qb-jewelery
[ citizen-server-impl] Started resource qb-keyminigame
[    c-scripting-core] Creating script environments for qb-lapraces
[ citizen-server-impl] Started resource qb-lapraces
[ citizen-server-impl] Started resource qb-loading
[    c-scripting-core] Creating script environments for qb-management
[ citizen-server-impl] Started resource qb-management
[    c-scripting-core] Creating script environments for qb-mechanicjob
[ citizen-server-impl] Started resource qb-mechanicjob
[ citizen-server-impl] Started resource qb-menu
[    c-scripting-core] Creating script environments for qb-spawn
[ citizen-server-impl] Started resource qb-spawn
[    c-scripting-core] Creating script environments for qb-multicharacter
[ citizen-server-impl] Started resource qb-multicharacter
[    c-scripting-core] Creating script environments for qb-newsjob
[ citizen-server-impl] Started resource qb-newsjob
[    c-scripting-core] Creating script environments for qb-pawnshop
[ citizen-server-impl] Started resource qb-pawnshop
[    c-scripting-core] Creating script environments for qb-phone
[ citizen-server-impl] Started resource qb-phone
[    c-scripting-core] Creating script environments for qb-policejob
[ citizen-server-impl] Started resource qb-policejob
[    c-scripting-core] Creating script environments for qb-prison
[ citizen-server-impl] Started resource qb-prison
[    c-scripting-core] Creating script environments for qb-radialmenu
[ citizen-server-impl] Started resource qb-radialmenu
[    c-scripting-core] Creating script environments for qb-recyclejob
[ citizen-server-impl] Started resource qb-recyclejob
[    c-scripting-core] Creating script environments for qb-rentals
[ citizen-server-impl] Started resource qb-rentals
[    c-scripting-core] Creating script environments for qb-scoreboard
[ citizen-server-impl] Started resource qb-scoreboard
[    c-scripting-core] Creating script environments for qb-scrapyard
[ citizen-server-impl] Started resource qb-scrapyard
[    c-scripting-core] Creating script environments for qb-shops
[ citizen-server-impl] Started resource qb-shops
[    c-scripting-core] Creating script environments for qb-smallresources
[ citizen-server-impl] Started resource qb-smallresources
[    c-scripting-core] Creating script environments for qb-storerobbery
[ citizen-server-impl] Started resource qb-storerobbery
[    c-scripting-core] Creating script environments for qb-streetraces
[ citizen-server-impl] Started resource qb-streetraces
[ citizen-server-impl] Started resource qb-target
[    c-scripting-core] Creating script environments for qb-taxijob
[ citizen-server-impl] Started resource qb-taxijob
[    c-scripting-core] Creating script environments for qb-towjob
[ citizen-server-impl] Started resource qb-towjob
[    c-scripting-core] Creating script environments for qb-traphouse
[ citizen-server-impl] Started resource qb-traphouse
[    c-scripting-core] Creating script environments for qb-truckerjob
[ citizen-server-impl] Started resource qb-truckerjob
[    c-scripting-core] Creating script environments for qb-truckrobbery
[ citizen-server-impl] Started resource qb-truckrobbery
[    c-scripting-core] Creating script environments for qb-tunerchip
[ citizen-server-impl] Started resource qb-tunerchip
[    c-scripting-core] Creating script environments for qb-vehiclefailure
[ citizen-server-impl] Started resource qb-vehiclefailure
[    c-scripting-core] Creating script environments for qb-vehiclekeys
[ citizen-server-impl] Started resource qb-vehiclekeys
[    c-scripting-core] Creating script environments for qb-vehiclesales
[ citizen-server-impl] Started resource qb-vehiclesales
[    c-scripting-core] Creating script environments for qb-vehicleshop
[ citizen-server-impl] Started resource qb-vehicleshop
[    c-scripting-core] Creating script environments for qb-vineyard
[ citizen-server-impl] Started resource qb-vineyard
[    c-scripting-core] Creating script environments for qb-weapons
[ citizen-server-impl] [97mStarted resource qb-weapons
[    c-scripting-core] Creating script environments for qb-weed
[ citizen-server-impl] Started resource qb-weed
[    c-scripting-core] Creating script environments for LegacyFuel
[ citizen-server-impl] Started resource LegacyFuel
[ citizen-server-impl] Started resource bob74_ipl
[    c-scripting-core] Creating script environments for connectqueue
[ script:connectqueue] QUEUE:  [connectqueue] Disabling hardcap [0m
[ citizen-server-impl] Stopping resource hardcap
[ citizen-server-impl] Started resource connectqueue
[ citizen-server-impl] Started resource devyn-backitems
[    c-scripting-core] Creating script environments for dpemotes
[     script:dpemotes] [dp] Sql Keybinding is turned off, if you want to enable /emotebind, import dpkeybinding.sql and set SqlKeybinding = true in config.lua.

================================================================
======== FXServer Starting - 22/07/2022, 19:32:06               
================================================================
[    c-scripting-core] Creating script environments for _cfx_internal
[ citizen-server-impl] Scanning resources.
[38;5;73m[ citizen-server-impl] Found 113 resources.
[          svadhesive] Authenticating server license key...
[          svadhesive] Server license key authentication succeeded. Welcome!
[    c-scripting-core] Creating script environments for sessionmanager
[ citizen-server-impl] Started resource sessionmanager
[    c-scripting-core] Creating script environments for monitor
[38;5;84m[      script:monitor] [txAdminClient] Version 4.14.0 starting...
[ citizen-server-impl] Started resource monitor
[    c-scripting-core] Creating script environments for mapmanager
[ citizen-server-impl] Started resource mapmanager
[    c-scripting-core] Creating script environments for yarn
[ citizen-server-impl] Started resource yarn
[    c-scripting-core] Creating script environments for webpack
[ citizen-server-impl] Started resource webpack
[    c-scripting-core] Creating script environments for chat
[ citizen-server-impl] Started resource chat
[ citizen-server-impl] Started resource spawnmanager
[   script:mapmanager] Started gametype Freeroam
[ citizen-server-impl] Started resource basic-gamemode
[    c-scripting-core] Creating script environments for hardcap
[ citizen-server-impl] Started resource hardcap
[38;5;161m[    c-scripting-core] Creating script environments for baseevents
[ citizen-server-impl] Started resource baseevents
[38;5;161m[    c-scripting-core] Creating script environments for oxmysql
[ citizen-server-impl] Started resource oxmysql
[    c-scripting-core] Creating script environments for qb-core
[ citizen-server-impl] Started resource qb-core
[ citizen-server-impl] Started resource menuv
[    c-scripting-core] Creating script environments for qb-adminmenu
[38;5;73m[ citizen-server-impl] Started resource qb-adminmenu
[    c-scripting-core] Creating script environments for qb-ambulancejob
[ citizen-server-impl] Started resource qb-ambulancejob
[ citizen-server-impl] Started resource qb-interior
[    c-scripting-core] Creating script environments for fivem-appearance
[ citizen-server-impl] Started resource fivem-appearance
[38;5;161m[    c-scripting-core] Creating script environments for qb-weathersync
[ citizen-server-impl] Started resource qb-weathersync
[    c-scripting-core] Creating script environments for qb-apartments
[ citizen-server-impl] Started resource qb-apartments
[    c-scripting-core] Creating script environments for qb-atms
[ citizen-server-impl] Started resource qb-atms
[    c-scripting-core] Creating script environments for qb-banking
[ citizen-server-impl] Started resource qb-banking
[    c-scripting-core] Creating script environments for PolyZone
[ citizen-server-impl] Started resource PolyZone
[    c-scripting-core] Creating script environments for qb-bankrobbery
[ citizen-server-impl] Started resource qb-bankrobbery
[    c-scripting-core] Creating script environments for qb-busjob
[ citizen-server-impl] Started resource qb-busjob
[    c-scripting-core] Creating script environments for qb-cityhall
[ citizen-server-impl] Started resource qb-cityhall
[    c-scripting-core] Creating script environments for qb-commandbinding
[ citizen-server-impl] Started resource qb-commandbinding
[ citizen-server-impl] Started resource mhacking
[    c-scripting-core] Creating script environments for qb-crypto
[ citizen-server-impl] Started resource qb-crypto
[    c-scripting-core] Creating script environments for qb-customs
[ citizen-server-impl] Started resource qb-customs
[    c-scripting-core] Creating script environments for qb-diving
[ citizen-server-impl] [97mStarted resource qb-diving
[    c-scripting-core] Creating script environments for qb-doorlock
[ citizen-server-impl] Started resource qb-doorlock
[    c-scripting-core] Creating script environments for qb-drugs
[38;5;73m[ citizen-server-impl] Started resource qb-drugs
[    c-scripting-core] Creating script environments for qb-fitbit
[ citizen-server-impl] Started resource qb-fitbit
[    c-scripting-core] Creating script environments for qb-garages
[ citizen-server-impl] Started resource qb-garages
[    c-scripting-core] Creating script environments for qb-garbagejob
[ citizen-server-impl] Started resource qb-garbagejob
[    c-scripting-core] Creating script environments for qb-hotdogjob
[ citizen-server-impl] Started resource qb-hotdogjob
[ citizen-server-impl] Started resource qb-lockpick
[ citizen-server-impl] Started resource qb-skillbar
[    c-scripting-core] Creating script environments for qb-houserobbery
[ citizen-server-impl] Started resource qb-houserobbery
[38;5;161m[    c-scripting-core] Creating script environments for qb-houses
[ citizen-server-impl] Started resource qb-houses
[    c-scripting-core] Creating script environments for qb-hud
[ citizen-server-impl] Started resource qb-hud
[ citizen-server-impl] Started resource qb-input
[38;5;161m[    c-scripting-core] Creating script environments for qb-jewelery
[ citizen-server-impl] Started resource qb-jewelery
[ citizen-server-impl] Started resource qb-keyminigame
[    c-scripting-core] Creating script environments for qb-lapraces
[ citizen-server-impl] Started resource qb-lapraces
[38;5;73m[ citizen-server-impl] Started resource qb-loading
[    c-scripting-core] Creating script environments for qb-management
[ citizen-server-impl] Started resource qb-management
[    c-scripting-core] Creating script environments for qb-mechanicjob
[38;5;73m[ citizen-server-impl] Started resource qb-mechanicjob
[ citizen-server-impl] Started resource qb-menu
[    c-scripting-core] Creating script environments for qb-spawn
[ citizen-server-impl] Started resource qb-spawn
[    c-scripting-core] Creating script environments for qb-multicharacter
[ citizen-server-impl] Started resource qb-multicharacter
[    c-scripting-core] Creating script environments for qb-newsjob
[ citizen-server-impl] Started resource qb-newsjob
[    c-scripting-core] Creating script environments for qb-pawnshop
[38;5;73m[ citizen-server-impl] Started resource qb-pawnshop
[    c-scripting-core] Creating script environments for qb-phone
[ citizen-server-impl] Started resource qb-phone
[    c-scripting-core] Creating script environments for qb-policejob
[ citizen-server-impl] Started resource qb-policejob
[    c-scripting-core] Creating script environments for qb-prison
[ citizen-server-impl] Started resource qb-prison
[    c-scripting-core] Creating script environments for qb-radialmenu
[ citizen-server-impl] Started resource qb-radialmenu
[    c-scripting-core] Creating script environments for qb-recyclejob
[ citizen-server-impl] Started resource qb-recyclejob
[    c-scripting-core] Creating script environments for qb-rentals
[ citizen-server-impl] Started resource qb-rentals
[    c-scripting-core] Creating script environments for qb-scoreboard
[ citizen-server-impl] Started resource qb-scoreboard
[    c-scripting-core] Creating script environments for qb-scrapyard
[38;5;73m[ citizen-server-impl] Started resource qb-scrapyard
[    c-scripting-core] Creating script environments for qb-shops
[ citizen-server-impl] Started resource qb-shops
[    c-scripting-core] Creating script environments for qb-smallresources
[ citizen-server-impl] Started resource qb-smallresources
[    c-scripting-core] Creating script environments for qb-storerobbery
[ citizen-server-impl] Started resource qb-storerobbery
[    c-scripting-core] Creating script environments for qb-streetraces
[ citizen-server-impl] Started resource qb-streetraces
[ citizen-server-impl] Started resource qb-target
[    c-scripting-core] Creating script environments for qb-taxijob
[38;5;73m[ citizen-server-impl] Started resource qb-taxijob
[38;5;161m[    c-scripting-core] Creating script environments for qb-towjob
[ citizen-server-impl] Started resource qb-towjob
[    c-scripting-core] Creating script environments for qb-traphouse
[ citizen-server-impl] Started resource qb-traphouse
[    c-scripting-core] Creating script environments for qb-truckerjob
[ citizen-server-impl] Started resource qb-truckerjob
[    c-scripting-core] Creating script environments for qb-truckrobbery
[ citizen-server-impl] Started resource qb-truckrobbery
[    c-scripting-core] Creating script environments for qb-tunerchip
[ citizen-server-impl] Started resource qb-tunerchip
[38;5;161m[    c-scripting-core] Creating script environments for qb-vehiclefailure
[ citizen-server-impl] Started resource qb-vehiclefailure
[    c-scripting-core] Creating script environments for qb-vehiclekeys
[ citizen-server-impl] Started resource qb-vehiclekeys
[    c-scripting-core] Creating script environments for qb-vehiclesales
[ citizen-server-impl] Started resource qb-vehiclesales
[    c-scripting-core] Creating script environments for qb-vehicleshop
[ citizen-server-impl] Started resource qb-vehicleshop
[    c-scripting-core] Creating script environments for qb-vineyard
[ citizen-server-impl] Started resource qb-vineyard
[    c-scripting-core] Creating script environments for qb-weapons
[ citizen-server-impl] Started resource qb-weapons
[    c-scripting-core] Creating script environments for qb-weed
[ citizen-server-impl] Started resource qb-weed
[    c-scripting-core] Creating script environments for LegacyFuel
[ citizen-server-impl] Started resource LegacyFuel
[ citizen-server-impl] Started resource bob74_ipl
[    c-scripting-core] Creating script environments for connectqueue
[ script:connectqueue] QUEUE:  [connectqueue] Disabling hardcap 
[ citizen-server-impl] Stopping resource hardcap
[ citizen-server-impl] Started resource connectqueue
[ citizen-server-impl] Started resource devyn-backitems
[    c-scripting-core] Creating script environments for dpemotes
[     script:dpemotes] [dp] Sql Keybinding is turned off, if you want to enable /emotebind, import dpkeybinding.sql and set SqlKeybinding = true in config.lua.
[ citizen-server-impl] Started resource dpemotes
[    c-scripting-core] Creating script environments for interact-sound
[38;5;73m[ citizen-server-impl] Started resource interact-sound
[    c-scripting-core] Creating script environments for lj-inventory
[ citizen-server-impl] Started resource lj-inventory
[ citizen-server-impl] Started resource progressbar
[ citizen-server-impl] Started resource safecracker
[38;5;161m[    c-scripting-core] Creating script environments for screenshot-basic
[ citizen-server-impl] Started resource screenshot-basic
[    c-scripting-core] Creating script environments for pma-voice
[ citizen-server-impl] Started resource pma-voice
[38;5;161m[    c-scripting-core] Creating script environments for qb-radio
[ citizen-server-impl] Started resource qb-radio
[ citizen-server-impl] Started resource dealer_map
[ citizen-server-impl] Started resource hospital_map
[ citizen-server-impl] Started resource prison_canteen
[ citizen-server-impl] Asset prison_main/desertos_prison.ytd uses 30.5 MiB of physical memory.
[ citizen-server-impl] Started resource prison_main
[ citizen-server-impl] Started resource prison_meeting
[    c-scripting-core] Creating script environments for ps-dispatch
[38;5;73m[ citizen-server-impl] Started resource ps-dispatch
[    c-scripting-core] [0mCreating script environments for ps-mdt
[ citizen-server-impl] Started resource ps-mdt
[38;5;84m[      script:monitor] [txAdminClient] Threads and commands set up. All Ready.
[   script:mapmanager] Started map fivem-map-hipster
[ citizen-server-impl] Started resource fivem-map-hipster
[  script:ps-dispatch] Autotheft	true	true
[  script:ps-dispatch] PlayerDowned	true	true
[  script:ps-dispatch] Speeding	true	true
[  script:ps-dispatch] Melee	true	true
[  script:ps-dispatch] Shooting	true	true
[ citizen-server-impl] server thread hitch warning: timer interval of 192 milliseconds
[      script:oxmysql] Database server connection established!
[38;5;133m[     script:dpemotes] 
[     script:dpemotes] dp Emotes (dpemotes) is up to date. (173)
[38;5;73m[ citizen-server-impl]         fff                          
[ citizen-server-impl]   cccc ff   xx  xx     rr rr    eee  
[ citizen-server-impl] cc     ffff   xx       rrr  r ee   e 
[ citizen-server-impl] cc     ff     xx   ... rr     eeeee  
[ citizen-server-impl]  ccccc ff   xx  xx ... rr      eeeee 
[ citizen-server-impl]                                      
[ citizen-server-impl] Authenticated with cfx.re Nucleus: https://mmoreira6-9bvv5y.users.cfx.re/
[38;5;173m[ script:connectqueue] QUEUE: morei[license:b82c8958522106057996aec4f2d6e066e8e5ebad] está 1/1 na fila
[ script:connectqueue] QUEUE: morei[license:b82c8958522106057996aec4f2d6e066e8e5ebad] is loading into the server
[ citizen-server-impl] Server list query returned an error: System.Threading.Tasks.TaskCanceledException: The operation was canceled. <- System.TimeoutException: The operation was canceled. <- System.Threading.Tasks.TaskCanceledException: The request was canceled due to the configured HttpClient.Timeout of 30 seconds elapsing.
[      script:qb-core] [qb-core:LOG] morei PLAYER SAVED!
[script:qb-multichara] [qb-core] morei (Citizen ID: HCI15875) has succesfully loaded!
[38;5;134m[      script:qb-core] [qb-core:LOG] morei PLAYER SAVED!
[ citizen-server-impl] Server list query returned an error: System.Threading.Tasks.TaskCanceledException: The operation was canceled. <- System.TimeoutException: The operation was canceled. <- System.Threading.Tasks.TaskCanceledException: The request was canceled due to the configured HttpClient.Timeout of 30 seconds elapsing.
[ citizen-server-impl] server thread hitch warning: timer interval of 157 milliseconds
[38;5;73m[ citizen-server-impl] sync thread hitch warning: timer interval of 109 milliseconds
[ citizen-server-impl] Server list query returned an error: System.Threading.Tasks.TaskCanceledException: The operation was canceled. <- System.TimeoutException: The operation was canceled. <- System.Threading.Tasks.TaskCanceledException: The request was canceled due to the configured HttpClient.Timeout of 30 seconds elapsing.
[ citizen-server-impl] sync thread hitch warning: timer interval of 106 milliseconds
[      script:qb-core] [qb-core:LOG] morei PLAYER SAVED!
[ citizen-server-main] -> Quitting: SIGHUP received
[      script:qb-core] [qb-core:LOG] morei PLAYER SAVED!

================================================================
======== FXServer Starting - 22/07/2022, 19:40:34               
================================================================
[    c-scripting-core] Creating script environments for _cfx_internal
[ citizen-server-impl] Scanning resources.
[ citizen-server-impl] Found 113 resources.
[          svadhesive] Authenticating server license key...
[          svadhesive] Server license key authentication succeeded. Welcome!
[    c-scripting-core] Creating script environments for sessionmanager
[ citizen-server-impl] Started resource sessionmanager
[    c-scripting-core] Creating script environments for monitor
[      script:monitor] [txAdminClient] Version 4.14.0 starting...
[ citizen-server-impl] Started resource monitor
[    c-scripting-core] Creating script environments for mapmanager
[ citizen-server-impl] Started resource mapmanager
[    c-scripting-core] [97mCreating script environments for yarn
[ citizen-server-impl] Started resource yarn
[    c-scripting-core] Creating script environments for webpack
[ citizen-server-impl] Started resource webpack
[    c-scripting-core] Creating script environments for chat
[ citizen-server-impl] Started resource chat
[ citizen-server-impl] Started resource spawnmanager
[   script:mapmanager] Started gametype Freeroam
[ citizen-server-impl] Started resource basic-gamemode
[    c-scripting-core] Creating script environments for hardcap
[ citizen-server-impl] Started resource hardcap
[    c-scripting-core] [97mCreating script environments for baseevents
[ citizen-server-impl] Started resource baseevents
[    c-scripting-core] Creating script environments for oxmysql
[ citizen-server-impl] Started resource oxmysql
[    c-scripting-core] Creating script environments for qb-core
[ citizen-server-impl] Started resource qb-core
[ citizen-server-impl] Started resource menuv
[    c-scripting-core] Creating script environments for qb-adminmenu
[ citizen-server-impl] Started resource qb-adminmenu
[    c-scripting-core] Creating script environments for qb-ambulancejob
[ citizen-server-impl] Started resource qb-ambulancejob
[ citizen-server-impl] Started resource qb-interior
[    c-scripting-core] Creating script environments for fivem-appearance
[38;5;73m[ citizen-server-impl] Started resource fivem-appearance
[    c-scripting-core] Creating script environments for qb-weathersync
[ citizen-server-impl] Started resource qb-weathersync
[    c-scripting-core] Creating script environments for qb-apartments
[ citizen-server-impl] Started resource qb-apartments
[    c-scripting-core] Creating script environments for qb-atms
[ citizen-server-impl] Started resource qb-atms
[    c-scripting-core] Creating script environments for qb-banking
[ citizen-server-impl] Started resource qb-banking
[    c-scripting-core] Creating script environments for PolyZone
[ citizen-server-impl] Started resource PolyZone
[    c-scripting-core] Creating script environments for qb-bankrobbery
[ citizen-server-impl] Started resource qb-bankrobbery
[    c-scripting-core] Creating script environments for qb-busjob
[ citizen-server-impl] Started resource qb-busjob
[    c-scripting-core] [97mCreating script environments for qb-cityhall
[ citizen-server-impl] Started resource qb-cityhall
[    c-scripting-core] Creating script environments for qb-commandbinding
[ citizen-server-impl] Started resource qb-commandbinding
[ citizen-server-impl] Started resource mhacking
[    c-scripting-core] Creating script environments for qb-crypto
[ citizen-server-impl] Started resource qb-crypto
[    c-scripting-core] Creating script environments for qb-customs
[ citizen-server-impl] Started resource qb-customs
[    c-scripting-core] Creating script environments for qb-diving
[ citizen-server-impl] Started resource qb-diving
[    c-scripting-core] Creating script environments for qb-doorlock
[ citizen-server-impl] Started resource qb-doorlock
[    c-scripting-core] Creating script environments for qb-drugs
[ citizen-server-impl] Started resource qb-drugs
[    c-scripting-core] [97mCreating script environments for qb-fitbit
[ citizen-server-impl] Started resource qb-fitbit
[    c-scripting-core] Creating script environments for qb-garages
[ citizen-server-impl] Started resource qb-garages
[    c-scripting-core] Creating script environments for qb-garbagejob
[ citizen-server-impl] Started resource qb-garbagejob
[    c-scripting-core] Creating script environments for qb-hotdogjob
[ citizen-server-impl] Started resource qb-hotdogjob
[38;5;73m[ citizen-server-impl] Started resource qb-lockpick
[ citizen-server-impl] Started resource qb-skillbar
[    c-scripting-core] Creating script environments for qb-houserobbery
[ citizen-server-impl] Started resource qb-houserobbery
[    c-scripting-core] Creating script environments for qb-houses
[ citizen-server-impl] Started resource qb-houses
[    c-scripting-core] Creating script environments for qb-hud
[ citizen-server-impl] Started resource qb-hud
[ citizen-server-impl] Started resource qb-input
[    c-scripting-core] Creating script environments for qb-jewelery
[ citizen-server-impl] Started resource qb-jewelery
[ citizen-server-impl] Started resource qb-keyminigame
[    c-scripting-core] Creating script environments for qb-lapraces
[ citizen-server-impl] Started resource qb-lapraces
[ citizen-server-impl] Started resource qb-loading
[    c-scripting-core] Creating script environments for qb-management
[ citizen-server-impl] Started resource qb-management
[    c-scripting-core] Creating script environments for qb-mechanicjob
[ citizen-server-impl] Started resource qb-mechanicjob
[ citizen-server-impl] [97mStarted resource qb-menu
[    c-scripting-core] Creating script environments for qb-spawn
[ citizen-server-impl] Started resource qb-spawn
[    c-scripting-core] Creating script environments for qb-multicharacter
[ citizen-server-impl] Started resource qb-multicharacter
[    c-scripting-core] [97mCreating script environments for qb-newsjob
[ citizen-server-impl] Started resource qb-newsjob
[    c-scripting-core] Creating script environments for qb-pawnshop
[ citizen-server-impl] Started resource qb-pawnshop
[    c-scripting-core] Creating script environments for qb-phone
[ citizen-server-impl] Started resource qb-phone
[    c-scripting-core] Creating script environments for qb-policejob
[ citizen-server-impl] Started resource qb-policejob
[    c-scripting-core] Creating script environments for qb-prison
[ citizen-server-impl] Started resource qb-prison
[    c-scripting-core] Creating script environments for qb-radialmenu
[ citizen-server-impl] Started resource qb-radialmenu
[    c-scripting-core] Creating script environments for qb-recyclejob
[ citizen-server-impl] Started resource qb-recyclejob
[    c-scripting-core] Creating script environments for qb-rentals
[ citizen-server-impl] Started resource qb-rentals
[    c-scripting-core] [97mCreating script environments for qb-scoreboard
[ citizen-server-impl] Started resource qb-scoreboard
[    c-scripting-core] Creating script environments for qb-scrapyard
[ citizen-server-impl] Started resource qb-scrapyard
[    c-scripting-core] Creating script environments for qb-shops
[ citizen-server-impl] Started resource qb-shops
[    c-scripting-core] Creating script environments for qb-smallresources
[ citizen-server-impl] Started resource qb-smallresources
[    c-scripting-core] Creating script environments for qb-storerobbery
[ citizen-server-impl] Started resource qb-storerobbery
[    c-scripting-core] Creating script environments for qb-streetraces
[ citizen-server-impl] Started resource qb-streetraces
[ citizen-server-impl] Started resource qb-target
[    c-scripting-core] Creating script environments for qb-taxijob
[ citizen-server-impl] Started resource qb-taxijob
[    c-scripting-core] [97mCreating script environments for qb-towjob
[ citizen-server-impl] Started resource qb-towjob
[    c-scripting-core] Creating script environments for qb-traphouse
[ citizen-server-impl] Started resource qb-traphouse
[    c-scripting-core] Creating script environments for qb-truckerjob
[ citizen-server-impl] Started resource qb-truckerjob
[    c-scripting-core] Creating script environments for qb-truckrobbery
[ citizen-server-impl] Started resource qb-truckrobbery
[    c-scripting-core] Creating script environments for qb-tunerchip
[ citizen-server-impl] Started resource qb-tunerchip
[    c-scripting-core] Creating script environments for qb-vehiclefailure
[ citizen-server-impl] Started resource qb-vehiclefailure
[    c-scripting-core] Creating script environments for qb-vehiclekeys
[ citizen-server-impl] Started resource qb-vehiclekeys
[    c-scripting-core] Creating script environments for qb-vehiclesales
[ citizen-server-impl] Started resource qb-vehiclesales
[    c-scripting-core] [0mCreating script environments for qb-vehicleshop
[ citizen-server-impl] Started resource qb-vehicleshop
[    c-scripting-core] Creating script environments for qb-vineyard
[ citizen-server-impl] Started resource qb-vineyard
[    c-scripting-core] Creating script environments for qb-weapons
[ citizen-server-impl] Started resource qb-weapons
[    c-scripting-core] [0mCreating script environments for qb-weed
[ citizen-server-impl] Started resource qb-weed
[38;5;161m[    c-scripting-core] Creating script environments for LegacyFuel
[ citizen-server-impl] Started resource LegacyFuel
[ citizen-server-impl] Started resource bob74_ipl
[    c-scripting-core] Creating script environments for connectqueue
[ script:connectqueue] QUEUE: [97m [connectqueue] Disabling hardcap 
[ citizen-server-impl] Stopping resource hardcap
[ citizen-server-impl] Started resource connectqueue
[ citizen-server-impl] Started resource devyn-backitems
[    c-scripting-core] Creating script environments for dpemotes
[     script:dpemotes] [dp] Sql Keybinding is turned off, if you want to enable /emotebind, import dpkeybinding.sql and set SqlKeybinding = true in config.lua.
[ citizen-server-impl] Started resource dpemotes
[    c-scripting-core] Creating script environments for interact-sound
[ citizen-server-impl] Started resource interact-sound
[    c-scripting-core] Creating script environments for lj-inventory
[38;5;73m[ citizen-server-impl] Started resource lj-inventory
[ citizen-server-impl] Started resource progressbar
[ citizen-server-impl] Started resource safecracker
[    c-scripting-core] Creating script environments for screenshot-basic
[ citizen-server-impl] Started resource screenshot-basic
[    c-scripting-core] Creating script environments for pma-voice
[38;5;73m[ citizen-server-impl] Started resource pma-voice
[    c-scripting-core] Creating script environments for qb-radio
[ citizen-server-impl] Started resource qb-radio
[ citizen-server-impl] Started resource dealer_map
[ citizen-server-impl] Started resource hospital_map
[ citizen-server-impl] Started resource prison_canteen
[ citizen-server-impl] Asset prison_main/desertos_prison.ytd uses 30.5 MiB of physical memory.
[ citizen-server-impl] Started resource prison_main
[ citizen-server-impl] Started resource prison_meeting
[    c-scripting-core] Creating script environments for ps-dispatch
[ citizen-server-impl] Started resource ps-dispatch
[    c-scripting-core] [0mCreating script environments for ps-mdt
[ citizen-server-impl] Started resource ps-mdt
[      script:monitor] [txAdminClient] Threads and commands set up. All Ready.
[   script:mapmanager] Started map fivem-map-hipster
[ citizen-server-impl] Started resource fivem-map-hipster
[  script:ps-dispatch] PlayerDowned	true	true
[  script:ps-dispatch] Shooting	true	true
[  script:ps-dispatch] Autotheft	true	true
[  script:ps-dispatch] Melee	true	true
[  script:ps-dispatch] Speeding	true	true
[      script:oxmysql] Database server connection established!
[ citizen-server-impl]         fff                          
[ citizen-server-impl]   cccc ff   xx  xx     rr rr    eee  
[ citizen-server-impl] [91mcc     ffff   xx       rrr  r ee   e 
[ citizen-server-impl] cc     ff     xx   ... rr     eeeee  
[ citizen-server-impl]  ccccc ff   xx  xx ... rr      eeeee 
[ citizen-server-impl]                                      
[ citizen-server-impl] Authenticated with cfx.re Nucleus: https://mmoreira6-9bvv5y.users.cfx.re/
[     script:dpemotes] 
[     script:dpemotes] [0mdp Emotes (dpemotes) is up to date. (173)
[ script:connectqueue] QUEUE: [97mmorei[license:b82c8958522106057996aec4f2d6e066e8e5ebad] está 1/1 na fila
[ script:connectqueue] QUEUE: morei[license:b82c8958522106057996aec4f2d6e066e8e5ebad] is loading into the server
[ citizen-server-impl] Server list query returned an error: System.Threading.Tasks.TaskCanceledException: The operation was canceled. <- System.TimeoutException: The operation was canceled. <- System.Threading.Tasks.TaskCanceledException: The request was canceled due to the configured HttpClient.Timeout of 30 seconds elapsing.
[      script:qb-core] [qb-core:LOG] morei PLAYER SAVED!
[script:qb-multichara] [qb-core] morei (Citizen ID: HCI15875) has succesfully loaded!
[      script:qb-core] [qb-core:LOG] morei PLAYER SAVED!
[      script:qb-core] SCRIPT ERROR: @qb-core/server/player.lua:274: attempt to compare nil with number
[      script:qb-core] > AddMoney (@qb-core/server/player.lua:274)
[      script:qb-core] > ref (@qb-core/server/commands.lua:161)
[ citizen-server-impl] Server list query returned an error: System.Threading.Tasks.TaskCanceledException: The operation was canceled. <- System.TimeoutException: The operation was canceled. <- System.Threading.Tasks.TaskCanceledException: The request was canceled due to the configured HttpClient.Timeout of 30 seconds elapsing.
[ citizen-server-impl] Stopping resource qb-rentals
[    c-scripting-core] Creating script environments for qb-rentals
[ citizen-server-impl] Started resource qb-rentals
[ citizen-server-impl] Server list query returned an error: System.Threading.Tasks.TaskCanceledException: The operation was canceled. <- System.TimeoutException: The operation was canceled. <- System.Threading.Tasks.TaskCanceledException: The request was canceled due to the configured HttpClient.Timeout of 30 seconds elapsing.
[      script:qb-core] [qb-core:LOG] morei PLAYER SAVED!
[ citizen-server-impl] Server list query returned an error: System.Threading.Tasks.TaskCanceledException: The operation was canceled. <- System.TimeoutException: The operation was canceled. <- System.Threading.Tasks.TaskCanceledException: The request was canceled due to the configured HttpClient.Timeout of 30 seconds elapsing.
[ citizen-server-impl] sync thread hitch warning: timer interval of 186 milliseconds
[ citizen-server-impl] server thread hitch warning: timer interval of 194 milliseconds
[ citizen-server-impl] sync thread hitch warning: timer interval of 121 milliseconds
[ citizen-server-impl] sync thread hitch warning: timer interval of 104 milliseconds
[ citizen-server-impl] sync thread hitch warning: timer interval of 287 milliseconds
[ citizen-server-impl] server thread hitch warning: timer interval of 294 milliseconds
[ citizen-server-impl] sync thread hitch warning: timer interval of 102 milliseconds
[ citizen-server-impl] sync thread hitch warning: timer interval of 133 milliseconds
[ citizen-server-impl] server thread hitch warning: timer interval of 154 milliseconds
[      script:qb-core] [qb-core:LOG] morei PLAYER SAVED!
[ citizen-server-impl] Server list query returned an error: System.Threading.Tasks.TaskCanceledException: The operation was canceled. <- System.TimeoutException: The operation was canceled. <- System.Threading.Tasks.TaskCanceledException: The request was canceled due to the configured HttpClient.Timeout of 30 seconds elapsing.
[      script:qb-core] [qb-core:LOG] morei PLAYER SAVED!
[ citizen-server-main] -> Quitting: SIGHUP received

================================================================
======== FXServer Starting - 22/07/2022, 20:05:41               
================================================================
[    c-scripting-core] Creating script environments for _cfx_internal
[ citizen-server-impl] Scanning resources.
[ citizen-server-impl] Found 114 resources.
[          svadhesive] Authenticating server license key...
[          svadhesive] Server license key authentication succeeded. Welcome!
[    c-scripting-core] Creating script environments for sessionmanager
[ citizen-server-impl] Started resource sessionmanager
[    c-scripting-core] Creating script environments for monitor
[      script:monitor] [txAdminClient] Version 4.14.0 starting...
[ citizen-server-impl] Started resource monitor
[    c-scripting-core] Creating script environments for mapmanager
[ citizen-server-impl] Started resource mapmanager
[    c-scripting-core] [0mCreating script environments for yarn
[ citizen-server-impl] Started resource yarn
[    c-scripting-core] Creating script environments for webpack
[ citizen-server-impl] Started resource webpack
[    c-scripting-core] Creating script environments for chat
[ citizen-server-impl] Started resource chat
[ citizen-server-impl] Started resource spawnmanager
[   script:mapmanager] Started gametype Freeroam
[ citizen-server-impl] Started resource basic-gamemode
[    c-scripting-core] Creating script environments for hardcap
[ citizen-server-impl] Started resource hardcap
[    c-scripting-core] Creating script environments for baseevents
[ citizen-server-impl] Started resource baseevents
[    c-scripting-core] [0mCreating script environments for oxmysql
[ citizen-server-impl] Started resource oxmysql
[    c-scripting-core] Creating script environments for qb-core
[ citizen-server-impl] Started resource qb-core
[ citizen-server-impl] Started resource menuv
[    c-scripting-core] Creating script environments for qb-adminmenu
[ citizen-server-impl] Started resource qb-adminmenu
[    c-scripting-core] [97mCreating script environments for qb-ambulancejob
[ citizen-server-impl] Started resource qb-ambulancejob
[ citizen-server-impl] Started resource qb-interior
[    c-scripting-core] Creating script environments for fivem-appearance
[ citizen-server-impl] Started resource fivem-appearance
[    c-scripting-core] Creating script environments for qb-weathersync
[ citizen-server-impl] Started resource qb-weathersync
[    c-scripting-core] Creating script environments for qb-apartments
[ citizen-server-impl] Started resource qb-apartments
[    c-scripting-core] Creating script environments for qb-atms
[ citizen-server-impl] Started resource qb-atms
[    c-scripting-core] Creating script environments for qb-banking
[ citizen-server-impl] Started resource qb-banking
[    c-scripting-core] Creating script environments for PolyZone
[ citizen-server-impl] Started resource PolyZone
[    c-scripting-core] Creating script environments for qb-bankrobbery
[ citizen-server-impl] Started resource qb-bankrobbery
[    c-scripting-core] Creating script environments for qb-busjob
[ citizen-server-impl] Started resource qb-busjob
[    c-scripting-core] Creating script environments for qb-cityhall
[ citizen-server-impl] Started resource qb-cityhall
[    c-scripting-core] Creating script environments for qb-commandbinding
[ citizen-server-impl] Started resource qb-commandbinding
[ citizen-server-impl] Started resource mhacking
[    c-scripting-core] Creating script environments for qb-crypto
[38;5;73m[ citizen-server-impl] Started resource qb-crypto
[    c-scripting-core] Creating script environments for qb-customs
[ citizen-server-impl] Started resource qb-customs
[    c-scripting-core] Creating script environments for qb-diving
[ citizen-server-impl] Started resource qb-diving
[    c-scripting-core] Creating script environments for qb-doorlock
[ citizen-server-impl] Started resource qb-doorlock
[    c-scripting-core] Creating script environments for qb-drugs
[ citizen-server-impl] Started resource qb-drugs
[    c-scripting-core] Creating script environments for qb-fitbit
[ citizen-server-impl] Started resource qb-fitbit
[    c-scripting-core] Creating script environments for qb-garages
[ citizen-server-impl] Started resource qb-garages
[    c-scripting-core] Creating script environments for qb-garbagejob
[ citizen-server-impl] Started resource qb-garbagejob
[    c-scripting-core] Creating script environments for qb-hotdogjob
[ citizen-server-impl] Started resource qb-hotdogjob
[ citizen-server-impl] Started resource qb-lockpick
[ citizen-server-impl] Started resource qb-skillbar
[    c-scripting-core] Creating script environments for qb-houserobbery
[ citizen-server-impl] Started resource qb-houserobbery
[    c-scripting-core] Creating script environments for qb-houses
[ citizen-server-impl] Started resource qb-houses
[    c-scripting-core] Creating script environments for qb-hud
[ citizen-server-impl] Started resource qb-hud
[    c-scripting-core] Creating script environments for qb-idcard
[ citizen-server-impl] Started resource qb-idcard
[ citizen-server-impl] Started resource qb-input
[    c-scripting-core] Creating script environments for qb-jewelery
[ citizen-server-impl] Started resource qb-jewelery
[ citizen-server-impl] Started resource qb-keyminigame
[    c-scripting-core] Creating script environments for qb-lapraces
[ citizen-server-impl] Started resource qb-lapraces
[ citizen-server-impl] Started resource qb-loading
[    c-scripting-core] Creating script environments for qb-management
[ citizen-server-impl] Started resource qb-management
[    c-scripting-core] Creating script environments for qb-mechanicjob
[ citizen-server-impl] Started resource qb-mechanicjob
[ citizen-server-impl] Started resource qb-menu
[    c-scripting-core] Creating script environments for qb-spawn
[ citizen-server-impl] Started resource qb-spawn
[    c-scripting-core] Creating script environments for qb-multicharacter
[ citizen-server-impl] Started resource qb-multicharacter
[    c-scripting-core] [97mCreating script environments for qb-newsjob
[ citizen-server-impl] Started resource qb-newsjob
[    c-scripting-core] Creating script environments for qb-pawnshop
[ citizen-server-impl] Started resource qb-pawnshop
[    c-scripting-core] Creating script environments for qb-phone
[ citizen-server-impl] Started resource qb-phone
[    c-scripting-core] Creating script environments for qb-policejob
[ citizen-server-impl] Started resource qb-policejob
[    c-scripting-core] Creating script environments for qb-prison
[ citizen-server-impl] Started resource qb-prison
[    c-scripting-core] Creating script environments for qb-radialmenu
[ citizen-server-impl] Started resource qb-radialmenu
[    c-scripting-core] Creating script environments for qb-recyclejob
[ citizen-server-impl] Started resource qb-recyclejob
[    c-scripting-core] Creating script environments for qb-rentals
[ citizen-server-impl] Started resource qb-rentals
[    c-scripting-core] Creating script environments for qb-scoreboard
[ citizen-server-impl] Started resource qb-scoreboard
[    c-scripting-core] Creating script environments for qb-scrapyard
[ citizen-server-impl] Started resource qb-scrapyard
[    c-scripting-core] Creating script environments for qb-shops
[ citizen-server-impl] Started resource qb-shops
[    c-scripting-core] Creating script environments for qb-smallresources
[ citizen-server-impl] Started resource qb-smallresources
[    c-scripting-core] Creating script environments for qb-storerobbery
[ citizen-server-impl] Started resource qb-storerobbery
[    c-scripting-core] [97mCreating script environments for qb-streetraces
[ citizen-server-impl] Started resource qb-streetraces
[ citizen-server-impl] Started resource qb-target
[    c-scripting-core] Creating script environments for qb-taxijob
[38;5;73m[ citizen-server-impl] Started resource qb-taxijob
[    c-scripting-core] Creating script environments for qb-towjob
[ citizen-server-impl] Started resource qb-towjob
[    c-scripting-core] Creating script environments for qb-traphouse
[ citizen-server-impl] Started resource qb-traphouse
[    c-scripting-core] Creating script environments for qb-truckerjob
[ citizen-server-impl] Started resource qb-truckerjob
[    c-scripting-core] Creating script environments for qb-truckrobbery
[ citizen-server-impl] Started resource qb-truckrobbery
[    c-scripting-core] Creating script environments for qb-tunerchip
[ citizen-server-impl] Started resource qb-tunerchip
[    c-scripting-core] Creating script environments for qb-vehiclefailure
[ citizen-server-impl] Started resource qb-vehiclefailure
[38;5;161m[    c-scripting-core] Creating script environments for qb-vehiclekeys
[ citizen-server-impl] Started resource qb-vehiclekeys
[    c-scripting-core] Creating script environments for qb-vehiclesales
[ citizen-server-impl] Started resource qb-vehiclesales
[    c-scripting-core] [97mCreating script environments for qb-vehicleshop
[38;5;73m[ citizen-server-impl] Started resource qb-vehicleshop
[38;5;161m[    c-scripting-core] Creating script environments for qb-vineyard
[ citizen-server-impl] Started resource qb-vineyard
[    c-scripting-core] Creating script environments for qb-weapons
[ citizen-server-impl] Started resource qb-weapons
[    c-scripting-core] Creating script environments for qb-weed
[ citizen-server-impl] Started resource qb-weed
[    c-scripting-core] Creating script environments for LegacyFuel
[ citizen-server-impl] Started resource LegacyFuel
[ citizen-server-impl] Started resource bob74_ipl
[    c-scripting-core] Creating script environments for connectqueue
[ script:connectqueue] QUEUE:  [connectqueue] Disabling hardcap 
[ citizen-server-impl] Stopping resource hardcap
[ citizen-server-impl] Started resource connectqueue
[ citizen-server-impl] Started resource devyn-backitems
[    c-scripting-core] Creating script environments for dpemotes
[     script:dpemotes] [dp] Sql Keybinding is turned off, if you want to enable /emotebind, import dpkeybinding.sql and set SqlKeybinding = true in config.lua.
[ citizen-server-impl] Started resource dpemotes
[    c-scripting-core] Creating script environments for interact-sound
[ citizen-server-impl] Started resource interact-sound
[    c-scripting-core] Creating script environments for lj-inventory
[ citizen-server-impl] Started resource lj-inventory
[ citizen-server-impl] Started resource progressbar
[ citizen-server-impl] Started resource safecracker
[    c-scripting-core] Creating script environments for screenshot-basic
[ citizen-server-impl] Started resource screenshot-basic
[    c-scripting-core] Creating script environments for pma-voice
[ citizen-server-impl] Started resource pma-voice
[    c-scripting-core] Creating script environments for qb-radio
[ citizen-server-impl] Started resource qb-radio
[ citizen-server-impl] Started resource dealer_map
[ citizen-server-impl] Started resource hospital_map
[38;5;73m[ citizen-server-impl] Started resource prison_canteen
[ citizen-server-impl] Asset prison_main/desertos_prison.ytd uses 30.5 MiB of physical memory.
[ citizen-server-impl] Started resource prison_main
[ citizen-server-impl] Started resource prison_meeting
[    c-scripting-core] Creating script environments for ps-dispatch
[ citizen-server-impl] Started resource ps-dispatch
[38;5;161m[    c-scripting-core] Creating script environments for ps-mdt
[ citizen-server-impl] Started resource ps-mdt
[      script:monitor] [txAdminClient][97m Threads and commands set up. All Ready.
[   script:mapmanager] Started map fivem-map-hipster
[ citizen-server-impl] Started resource fivem-map-hipster
[  script:ps-dispatch] Speeding	true	true
[  script:ps-dispatch] Melee	true	true
[  script:ps-dispatch] PlayerDowned	true	true
[  script:ps-dispatch] Shooting	true	true
[  script:ps-dispatch] Autotheft	true	true
[      script:oxmysql] [97mDatabase server connection established!
[     script:dpemotes] 
[     script:dpemotes] dp Emotes (dpemotes) is up to date. (173)
[38;5;73m[ citizen-server-impl]         fff                          
[ citizen-server-impl]   cccc ff   xx  xx     rr rr    eee  
[ citizen-server-impl] cc     ffff   xx       rrr  r ee   e 
[ citizen-server-impl] cc     ff     xx   ... rr     eeeee  
[ citizen-server-impl]  ccccc ff   xx  xx ... rr      eeeee 
[ citizen-server-impl]                                      
[ citizen-server-impl] Authenticated with cfx.re Nucleus: https://mmoreira6-9bvv5y.users.cfx.re/
[ script:connectqueue] QUEUE: morei[license:b82c8958522106057996aec4f2d6e066e8e5ebad] está 1/1 na fila
[ script:connectqueue] QUEUE: morei[license:b82c8958522106057996aec4f2d6e066e8e5ebad] is loading into the server
[ citizen-server-impl] Server list query returned an error: System.Threading.Tasks.TaskCanceledException: The operation was canceled. <- System.TimeoutException: The operation was canceled. <- System.Threading.Tasks.TaskCanceledException: The request was canceled due to the configured HttpClient.Timeout of 30 seconds elapsing.
[      script:qb-core] [qb-core:LOG] morei PLAYER SAVED!
[script:qb-multichara] [qb-core] morei has succesfully loaded!
[38;5;134m[      script:qb-core] [qb-core:LOG] morei PLAYER SAVED!
[ citizen-server-impl] Server list query returned an error: System.Threading.Tasks.TaskCanceledException: The operation was canceled. <- System.TimeoutException: The operation was canceled. <- System.Threading.Tasks.TaskCanceledException: The request was canceled due to the configured HttpClient.Timeout of 30 seconds elapsing.
[      script:qb-core] [qb-core:LOG] morei PLAYER SAVED!
[ citizen-server-main] -> Quitting: SIGHUP received

================================================================
======== FXServer Starting - 22/07/2022, 20:21:30               
================================================================
[    c-scripting-core] Creating script environments for _cfx_internal
[ citizen-server-impl] Scanning resources.
[ citizen-server-impl] Found 123 resources.
[          svadhesive] Authenticating server license key...
[          svadhesive] Server license key authentication succeeded. Welcome!
[    c-scripting-core] Creating script environments for sessionmanager
[ citizen-server-impl] Started resource sessionmanager
[    c-scripting-core] Creating script environments for monitor
[      script:monitor] [txAdminClient] Version 4.14.0 starting...
[ citizen-server-impl] Started resource monitor
[    c-scripting-core] Creating script environments for mapmanager
[ citizen-server-impl] Started resource mapmanager
[    c-scripting-core] Creating script environments for yarn
[ citizen-server-impl] Started resource yarn
[    c-scripting-core] Creating script environments for webpack
[ citizen-server-impl] Started resource webpack
[    c-scripting-core] Creating script environments for chat
[ citizen-server-impl] Started resource chat
[ citizen-server-impl] Started resource spawnmanager
[   script:mapmanager] [97mStarted gametype Freeroam
[ citizen-server-impl] Started resource basic-gamemode
[    c-scripting-core] Creating script environments for hardcap
[ citizen-server-impl] Started resource hardcap
[    c-scripting-core] Creating script environments for baseevents
[ citizen-server-impl] Started resource baseevents
[    c-scripting-core] Creating script environments for oxmysql
[ citizen-server-impl] Started resource oxmysql
[    c-scripting-core] [97mCreating script environments for qb-core
[ citizen-server-impl] Started resource qb-core
[ citizen-server-impl] Started resource menuv
[    c-scripting-core] Creating script environments for qb-adminmenu
[ citizen-server-impl] Started resource qb-adminmenu
[    c-scripting-core] [0mCreating script environments for qb-ambulancejob
[ citizen-server-impl] Started resource qb-ambulancejob
[ citizen-server-impl] Started resource qb-interior
[    c-scripting-core] Creating script environments for fivem-appearance
[ citizen-server-impl] Started resource fivem-appearance
[    c-scripting-core] Creating script environments for qb-weathersync
[ citizen-server-impl] Started resource qb-weathersync
[    c-scripting-core] Creating script environments for qb-apartments
[ citizen-server-impl] Started resource qb-apartments
[    c-scripting-core] [0mCreating script environments for qb-atms
[ citizen-server-impl] Started resource qb-atms
[    c-scripting-core] Creating script environments for qb-banking
[ citizen-server-impl] Started resource qb-banking
[    c-scripting-core] [97mCreating script environments for PolyZone
[ citizen-server-impl] Started resource PolyZone
[    c-scripting-core] Creating script environments for qb-bankrobbery
[ citizen-server-impl] Started resource qb-bankrobbery
[    c-scripting-core] Creating script environments for qb-busjob
[ citizen-server-impl] Started resource qb-busjob
[    c-scripting-core] Creating script environments for qb-cityhall
[ citizen-server-impl] Started resource qb-cityhall
[    c-scripting-core] Creating script environments for qb-commandbinding
[ citizen-server-impl] Started resource qb-commandbinding
[ citizen-server-impl] Started resource mhacking
[    c-scripting-core] Creating script environments for qb-crypto
[ citizen-server-impl] Started resource qb-crypto
[    c-scripting-core] Creating script environments for qb-customs
[ citizen-server-impl] Started resource qb-customs
[    c-scripting-core] Creating script environments for qb-diving
[ citizen-server-impl] Started resource qb-diving
[    c-scripting-core] [97mCreating script environments for qb-doorlock
[ citizen-server-impl] Started resource qb-doorlock
[    c-scripting-core] [0mCreating script environments for qb-drugs
[ citizen-server-impl] Started resource qb-drugs
[    c-scripting-core] [97mCreating script environments for qb-fitbit
[ citizen-server-impl] Started resource qb-fitbit
[    c-scripting-core] Creating script environments for qb-garages
[ citizen-server-impl] Started resource qb-garages
[    c-scripting-core] Creating script environments for qb-garbagejob
[ citizen-server-impl] Started resource qb-garbagejob
[    c-scripting-core] Creating script environments for qb-hotdogjob
[ citizen-server-impl] Started resource qb-hotdogjob
[ citizen-server-impl] Started resource qb-lockpick
[ citizen-server-impl] Started resource qb-skillbar
[    c-scripting-core] Creating script environments for qb-houserobbery
[ citizen-server-impl] Started resource qb-houserobbery
[    c-scripting-core] Creating script environments for qb-houses
[ citizen-server-impl] Started resource qb-houses
[    c-scripting-core] Creating script environments for qb-hud
[ citizen-server-impl] Started resource qb-hud
[    c-scripting-core] [0mCreating script environments for qb-idcard
[ citizen-server-impl] Started resource qb-idcard
[ citizen-server-impl] Started resource qb-input
[    c-scripting-core] Creating script environments for qb-jewelery
[ citizen-server-impl] Started resource qb-jewelery
[ citizen-server-impl] Started resource qb-keyminigame
[    c-scripting-core] Creating script environments for qb-lapraces
[ citizen-server-impl] [97mStarted resource qb-lapraces
[ citizen-server-impl] Started resource qb-loading
[    c-scripting-core] Creating script environments for qb-management
[ citizen-server-impl] Started resource qb-management
[    c-scripting-core] Creating script environments for qb-mechanicjob
[ citizen-server-impl] Started resource qb-mechanicjob
[ citizen-server-impl] Started resource qb-menu
[    c-scripting-core] Creating script environments for qb-spawn
[ citizen-server-impl] Started resource qb-spawn
[    c-scripting-core] Creating script environments for qb-multicharacter
[ citizen-server-impl] Started resource qb-multicharacter
[    c-scripting-core] Creating script environments for qb-newsjob
[ citizen-server-impl] Started resource qb-newsjob
[    c-scripting-core] Creating script environments for qb-pawnshop
[ citizen-server-impl] Started resource qb-pawnshop
[    c-scripting-core] Creating script environments for qb-phone
[ citizen-server-impl] Started resource qb-phone
[    c-scripting-core] Creating script environments for qb-policejob
[ citizen-server-impl] Started resource qb-policejob
[    c-scripting-core] Creating script environments for qb-prison
[ citizen-server-impl] Started resource qb-prison
[    c-scripting-core] Creating script environments for qb-radialmenu
[ citizen-server-impl] Started resource qb-radialmenu
[    c-scripting-core] Creating script environments for qb-recyclejob
[ citizen-server-impl] Started resource qb-recyclejob
[    c-scripting-core] Creating script environments for qb-rentals
[ citizen-server-impl] Started resource qb-rentals
[    c-scripting-core] Creating script environments for qb-scoreboard
[ citizen-server-impl] Started resource qb-scoreboard
[    c-scripting-core] Creating script environments for qb-scrapyard
[ citizen-server-impl] Started resource qb-scrapyard
[    c-scripting-core] Creating script environments for qb-shops
[ citizen-server-impl] Started resource qb-shops
[38;5;161m[    c-scripting-core] Creating script environments for qb-smallresources
[ citizen-server-impl] Started resource qb-smallresources
[    c-scripting-core] Creating script environments for qb-storerobbery
[ citizen-server-impl] Started resource qb-storerobbery
[    c-scripting-core] Creating script environments for qb-streetraces
[ citizen-server-impl] Started resource qb-streetraces
[ citizen-server-impl] Started resource qb-target
[    c-scripting-core] Creating script environments for qb-taxijob
[ citizen-server-impl] Started resource qb-taxijob
[    c-scripting-core] Creating script environments for qb-towjob
[ citizen-server-impl] Started resource qb-towjob
[    c-scripting-core] Creating script environments for qb-traphouse
[ citizen-server-impl] Started resource qb-traphouse
[    c-scripting-core] Creating script environments for qb-truckerjob
[ citizen-server-impl] Started resource qb-truckerjob
[38;5;161m[    c-scripting-core] Creating script environments for qb-truckrobbery
[ citizen-server-impl] Started resource qb-truckrobbery
[    c-scripting-core] Creating script environments for qb-tunerchip
[ citizen-server-impl] Started resource qb-tunerchip
[    c-scripting-core] Creating script environments for qb-vehiclefailure
[ citizen-server-impl] Started resource qb-vehiclefailure
[    c-scripting-core] [97mCreating script environments for qb-vehiclekeys
[ citizen-server-impl] Started resource qb-vehiclekeys
[    c-scripting-core] Creating script environments for qb-vehiclesales
[ citizen-server-impl] Started resource qb-vehiclesales
[    c-scripting-core] Creating script environments for qb-vehicleshop
[ citizen-server-impl] Started resource qb-vehicleshop
[    c-scripting-core] Creating script environments for qb-vineyard
[ citizen-server-impl] Started resource qb-vineyard
[    c-scripting-core] Creating script environments for qb-weapons
[ citizen-server-impl] Started resource qb-weapons
[    c-scripting-core] Creating script environments for qb-weed
[ citizen-server-impl] Started resource qb-weed
[ citizen-server-impl] Asset DLCiplLoader/ks_vwint03_garage_shell.ydr uses 21.0 MiB of physical memory.
[ citizen-server-impl] Asset DLCiplLoader/ks_vwint03_garage_shell.ydr uses 21.0 MiB of physical memory.
[ citizen-server-impl] Started resource DLCiplLoader
[    c-scripting-core] Creating script environments for LegacyFuel
[ citizen-server-impl] Started resource LegacyFuel
[ citizen-server-impl] Started resource bob74_ipl
[    c-scripting-core] Creating script environments for casino-blackjack
[ citizen-server-impl] Started resource casino-blackjack
[    c-scripting-core] Creating script environments for casino-insidetrack
[ citizen-server-impl] Started resource casino-insidetrack
[    c-scripting-core] Creating script environments for casino-roulette
[ citizen-server-impl] Started resource casino-roulette
[    c-scripting-core] Creating script environments for casino-walls
[ citizen-server-impl] Started resource casino-walls
[ citizen-server-impl] Started resource casinoUi
[    c-scripting-core] Creating script environments for connectqueue
[ script:connectqueue] QUEUE:  [connectqueue] Disabling hardcap 
[ citizen-server-impl] Stopping resource hardcap
[ citizen-server-impl] Started resource connectqueue
[ citizen-server-impl] Started resource devyn-backitems
[    c-scripting-core] Creating script environments for dpemotes
[     script:dpemotes] [dp] Sql Keybinding is turned off, if you want to enable /emotebind, import dpkeybinding.sql and set SqlKeybinding = true in config.lua.
[ citizen-server-impl] Started resource dpemotes
[    c-scripting-core] Creating script environments for interact-sound
[ citizen-server-impl] Started resource interact-sound
[    c-scripting-core] Creating script environments for lj-inventory
[ citizen-server-impl] Started resource lj-inventory
[ citizen-server-impl] Started resource progressbar
[    c-scripting-core] Creating script environments for qb-blackjack
[ citizen-server-impl] Started resource qb-blackjack
[ citizen-server-impl] Started resource safecracker
[    c-scripting-core] Creating script environments for screenshot-basic
[ citizen-server-impl] Started resource screenshot-basic
[ citizen-server-impl] Started resource textUi
[    c-scripting-core] Creating script environments for pma-voice
[38;5;73m[ citizen-server-impl] Started resource pma-voice
[    c-scripting-core] Creating script environments for qb-radio
[ citizen-server-impl] Started resource qb-radio
[ citizen-server-impl] Started resource dealer_map
[ citizen-server-impl] Started resource hospital_map
[ citizen-server-impl] Started resource prison_canteen
[ citizen-server-impl] Asset prison_main/desertos_prison.ytd uses 30.5 MiB of physical memory.
[ citizen-server-impl] Started resource prison_main
[ citizen-server-impl] Started resource prison_meeting
[    c-scripting-core] Creating script environments for ps-dispatch
[ citizen-server-impl] Started resource ps-dispatch
[    c-scripting-core] Creating script environments for ps-mdt
[38;5;73m[ citizen-server-impl] Started resource ps-mdt
[ citizen-server-impl] Started resource ps-ui
[      script:monitor] [txAdminClient] Threads and commands set up. All Ready.
[   script:mapmanager] Started map fivem-map-skater
[ citizen-server-impl] Started resource fivem-map-skater
[  script:ps-dispatch] Shooting	true	true
[  script:ps-dispatch] PlayerDowned	true	true
[  script:ps-dispatch] Speeding	true	true
[  script:ps-dispatch] Melee	true	true
[  script:ps-dispatch] Autotheft	true	true
[      script:oxmysql] Database server connection established!
[     script:dpemotes] 
[     script:dpemotes] dp Emotes (dpemotes) is up to date. (173)
[ citizen-server-impl]         fff                          
[ citizen-server-impl]   cccc ff   xx  xx     rr rr    eee  
[ citizen-server-impl] cc     ffff   xx       rrr  r ee   e 
[ citizen-server-impl] cc     ff     xx   ... rr     eeeee  
[ citizen-server-impl]  ccccc ff   xx  xx ... rr      eeeee 
[ citizen-server-impl]                                      
[ citizen-server-impl] Authenticated with cfx.re Nucleus: https://mmoreira6-9bvv5y.users.cfx.re/
[ script:connectqueue] QUEUE: morei[license:b82c8958522106057996aec4f2d6e066e8e5ebad] está 1/1 na fila
[ script:connectqueue] QUEUE: [97mmorei[license:b82c8958522106057996aec4f2d6e066e8e5ebad] is loading into the server
[38;5;73m[ citizen-server-impl] sync thread hitch warning: timer interval of 101 milliseconds
[ citizen-server-impl] sync thread hitch warning: timer interval of 113 milliseconds
[ citizen-server-impl] Server list query returned an error: System.Threading.Tasks.TaskCanceledException: The operation was canceled. <- System.TimeoutException: The operation was canceled. <- System.Threading.Tasks.TaskCanceledException: The request was canceled due to the configured HttpClient.Timeout of 30 seconds elapsing.
[      script:qb-core] [qb-core:LOG] morei PLAYER SAVED!
[script:qb-multichara] [qb-core] morei (Citizen ID: NRB12152) has succesfully loaded!
[      script:qb-core] [qb-core:LOG] morei PLAYER SAVED!
[ citizen-server-impl] Server list query returned an error: System.Threading.Tasks.TaskCanceledException: The operation was canceled. <- System.TimeoutException: The operation was canceled. <- System.Threading.Tasks.TaskCanceledException: The request was canceled due to the configured HttpClient.Timeout of 30 seconds elapsing.
[      script:qb-core] [qb-core:LOG] morei PLAYER SAVED!
[ citizen-server-impl] Server list query returned an error: System.Threading.Tasks.TaskCanceledException: The operation was canceled. <- System.TimeoutException: The operation was canceled. <- System.Threading.Tasks.TaskCanceledException: The request was canceled due to the configured HttpClient.Timeout of 30 seconds elapsing.
[      script:qb-core] [qb-core:LOG] morei PLAYER SAVED!
[ citizen-server-main] -> Quitting: SIGHUP received
