
================================================================
======== Log Rotated - 30/07/2022, 03:32:56                     
================================================================

================================================================
======== FXServer Starting - 30/07/2022, 03:33:03               
================================================================
[    c-scripting-core] Creating script environments for _cfx_internal
[ citizen-server-impl] Scanning resources.
[ citizen-server-impl] Found 134 resources.
[          svadhesive] Authenticating server license key...
[          svadhesive] Server license key authentication succeeded. Welcome!
[    c-scripting-core] Creating script environments for sessionmanager
[ citizen-server-impl] Started resource sessionmanager
[    c-scripting-core] Creating script environments for monitor
[      script:monitor] [txAdminClient] Version 4.14.0 starting...
[ citizen-server-impl] Started resource monitor
[    c-scripting-core] Creating script environments for mapmanager
[ citizen-server-impl] Started resource mapmanager
[    c-scripting-core] Creating script environments for yarn
[ citizen-server-impl] Started resource yarn
[    c-scripting-core] Creating script environments for webpack
[ citizen-server-impl] Started resource webpack
[    c-scripting-core] Creating script environments for chat
[ citizen-server-impl] Started resource chat
[ citizen-server-impl] Started resource spawnmanager
[   script:mapmanager] Started gametype Freeroam
[ citizen-server-impl] Started resource basic-gamemode
[    c-scripting-core] Creating script environments for hardcap
[38;5;73m[ citizen-server-impl] Started resource hardcap
[    c-scripting-core] Creating script environments for baseevents
[38;5;73m[ citizen-server-impl] Started resource baseevents
[    c-scripting-core] Creating script environments for oxmysql
[ citizen-server-impl] Started resource oxmysql
[    c-scripting-core] Creating script environments for qb-core
[ citizen-server-impl] Started resource qb-core
[ citizen-server-impl] Started resource menuv
[    c-scripting-core] Creating script environments for qb-adminmenu
[ citizen-server-impl] Started resource qb-adminmenu
[    c-scripting-core] Creating script environments for qb-ambulancejob
[ citizen-server-impl] Started resource qb-ambulancejob
[ citizen-server-impl] Started resource qb-interior
[    c-scripting-core] Creating script environments for fivem-appearance
[38;5;73m[ citizen-server-impl] Started resource fivem-appearance
[    c-scripting-core] Creating script environments for qb-weathersync
[ citizen-server-impl] Started resource qb-weathersync
[    c-scripting-core] Creating script environments for qb-apartments
[ citizen-server-impl] Started resource qb-apartments
[    c-scripting-core] Creating script environments for qb-atms
[38;5;73m[ citizen-server-impl] Started resource qb-atms
[    c-scripting-core] Creating script environments for qb-banking
[38;5;73m[ citizen-server-impl] Started resource qb-banking
[    c-scripting-core] Creating script environments for PolyZone
[ citizen-server-impl] Started resource PolyZone
[    c-scripting-core] Creating script environments for qb-bankrobbery
[ citizen-server-impl] Started resource qb-bankrobbery
[38;5;161m[    c-scripting-core] Creating script environments for qb-busjob
[ citizen-server-impl] Started resource qb-busjob
[38;5;161m[    c-scripting-core] Creating script environments for qb-cityhall
[38;5;73m[ citizen-server-impl] Started resource qb-cityhall
[    c-scripting-core] [97mCreating script environments for qb-commandbinding
[ citizen-server-impl] Started resource qb-commandbinding
[ citizen-server-impl] Started resource mhacking
[    c-scripting-core] Creating script environments for qb-crypto
[ citizen-server-impl] [97mStarted resource qb-crypto
[    c-scripting-core] Creating script environments for qb-customs
[ citizen-server-impl] Started resource qb-customs
[    c-scripting-core] Creating script environments for qb-diving
[ citizen-server-impl] Started resource qb-diving
[38;5;161m[    c-scripting-core] Creating script environments for qb-doorlock
[ citizen-server-impl] Started resource qb-doorlock
[    c-scripting-core] Creating script environments for qb-drugs
[ citizen-server-impl] Started resource qb-drugs
[    c-scripting-core] [0mCreating script environments for qb-fitbit
[ citizen-server-impl] Started resource qb-fitbit
[38;5;161m[    c-scripting-core] Creating script environments for qb-garages
[ citizen-server-impl] Started resource qb-garages
[    c-scripting-core] Creating script environments for qb-garbagejob
[ citizen-server-impl] Started resource qb-garbagejob
[    c-scripting-core] Creating script environments for qb-hotdogjob
[ citizen-server-impl] Started resource qb-hotdogjob
[38;5;73m[ citizen-server-impl] Started resource qb-lockpick
[ citizen-server-impl] Started resource qb-skillbar
[    c-scripting-core] Creating script environments for qb-houserobbery
[ citizen-server-impl] Started resource qb-houserobbery
[    c-scripting-core] Creating script environments for qb-houses
[38;5;73m[ citizen-server-impl] Started resource qb-houses
[    c-scripting-core] Creating script environments for qb-idcard
[38;5;73m[ citizen-server-impl] Started resource qb-idcard
[ citizen-server-impl] Started resource qb-input
[    c-scripting-core] Creating script environments for qb-jewelery
[ citizen-server-impl] Started resource qb-jewelery
[ citizen-server-impl] Started resource qb-keyminigame
[    c-scripting-core] Creating script environments for qb-lapraces
[ citizen-server-impl] Started resource qb-lapraces
[ citizen-server-impl] Started resource qb-loading
[    c-scripting-core] Creating script environments for qb-management
[ citizen-server-impl] Started resource qb-management
[    c-scripting-core] Creating script environments for qb-mechanicjob
[ citizen-server-impl] Started resource qb-mechanicjob
[ citizen-server-impl] Started resource qb-menu
[    c-scripting-core] Creating script environments for qb-spawn
[ citizen-server-impl] Started resource qb-spawn
[    c-scripting-core] Creating script environments for qb-multicharacter
[38;5;73m[ citizen-server-impl] Started resource qb-multicharacter
[38;5;161m[    c-scripting-core] Creating script environments for qb-newsjob
[38;5;73m[ citizen-server-impl] Started resource qb-newsjob
[    c-scripting-core] Creating script environments for qb-pawnshop
[ citizen-server-impl] [97mStarted resource qb-pawnshop
[    c-scripting-core] Creating script environments for qb-phone
[ citizen-server-impl] Started resource qb-phone
[    c-scripting-core] Creating script environments for qb-policejob
[ citizen-server-impl] Started resource qb-policejob
[    c-scripting-core] Creating script environments for qb-prison
[ citizen-server-impl] Started resource qb-prison
[    c-scripting-core] Creating script environments for qb-radialmenu
[ citizen-server-impl] Started resource qb-radialmenu
[38;5;161m[    c-scripting-core] Creating script environments for qb-recyclejob
[ citizen-server-impl] Started resource qb-recyclejob
[    c-scripting-core] Creating script environments for qb-rentals
[ citizen-server-impl] Started resource qb-rentals
[    c-scripting-core] Creating script environments for qb-scoreboard
[ citizen-server-impl] Started resource qb-scoreboard
[    c-scripting-core] Creating script environments for qb-scrapyard
[ citizen-server-impl] Started resource qb-scrapyard
[    c-scripting-core] Creating script environments for qb-smallresources
[ citizen-server-impl] Started resource qb-smallresources
[    c-scripting-core] Creating script environments for qb-storerobbery
[ citizen-server-impl] Started resource qb-storerobbery
[    c-scripting-core] Creating script environments for qb-streetraces
[ citizen-server-impl] Started resource qb-streetraces
[ citizen-server-impl] Started resource qb-target
[38;5;161m[    c-scripting-core] Creating script environments for qb-taxijob
[ citizen-server-impl] Started resource qb-taxijob
[    c-scripting-core] Creating script environments for qb-towjob
[ citizen-server-impl] Started resource qb-towjob
[    c-scripting-core] Creating script environments for qb-traphouse
[ citizen-server-impl] Started resource qb-traphouse
[    c-scripting-core] Creating script environments for qb-truckerjob
[ citizen-server-impl] Started resource qb-truckerjob
[    c-scripting-core] Creating script environments for qb-truckrobbery
[ citizen-server-impl] Started resource qb-truckrobbery
[    c-scripting-core] Creating script environments for qb-tunerchip
[38;5;73m[ citizen-server-impl] Started resource qb-tunerchip
[    c-scripting-core] Creating script environments for qb-vehiclefailure
[ citizen-server-impl] Started resource qb-vehiclefailure
[    c-scripting-core] Creating script environments for qb-vehiclekeys
[ citizen-server-impl] Started resource qb-vehiclekeys
[    c-scripting-core] Creating script environments for qb-vehiclesales
[ citizen-server-impl] Started resource qb-vehiclesales
[    c-scripting-core] Creating script environments for qb-vehicleshop
[38;5;73m[ citizen-server-impl] Started resource qb-vehicleshop
[    c-scripting-core] Creating script environments for qb-vineyard
[ citizen-server-impl] Started resource qb-vineyard
[    c-scripting-core] Creating script environments for qb-weapons
[ citizen-server-impl] Started resource qb-weapons
[ citizen-server-impl] Asset DLCiplLoader/ks_vwint03_garage_shell.ydr uses 21.0 MiB of physical memory.
[ citizen-server-impl] Started resource DLCiplLoader
[    c-scripting-core] Creating script environments for LegacyFuel
[ citizen-server-impl] Started resource LegacyFuel
[ citizen-server-impl] Started resource bob74_ipl
[    c-scripting-core] Creating script environments for casino-blackjack
[ citizen-server-impl] Started resource casino-blackjack
[38;5;161m[    c-scripting-core] Creating script environments for casino-insidetrack
[ citizen-server-impl] Started resource casino-insidetrack
[    c-scripting-core] Creating script environments for casino-roulette
[ citizen-server-impl] Started resource casino-roulette
[    c-scripting-core] Creating script environments for casino-walls
[38;5;73m[ citizen-server-impl] [0mStarted resource casino-walls
[ citizen-server-impl] Started resource casinoUi
[    c-scripting-core] Creating script environments for chopshop
[ citizen-server-impl] Started resource chopshop
[    c-scripting-core] Creating script environments for connectqueue
[38;5;173m[ script:connectqueue] QUEUE:  [connectqueue] Disabling hardcap 
[ citizen-server-impl] Stopping resource hardcap
[ citizen-server-impl] Started resource connectqueue
[ citizen-server-impl] Started resource devyn-backitems
[    c-scripting-core] Creating script environments for doj-fishing
[ citizen-server-impl] Started resource doj-fishing
[38;5;161m[    c-scripting-core] Creating script environments for doj-marijuana
[ citizen-server-impl] Started resource doj-marijuana
[    c-scripting-core] Creating script environments for dpemotes
[     script:dpemotes] [dp] Sql Keybinding[0m is turned off, if you want to enable /emotebind, import dpkeybinding.sql and set SqlKeybinding = true in config.lua.
[ citizen-server-impl] Started resource dpemotes
[    c-scripting-core] Creating script environments for interact-sound
[ citizen-server-impl] Started resource interact-sound
[    c-scripting-core] Creating script environments for jim-shops
[    script:jim-shops] Jim-Shops v1.6 - Shop Script by Jimathy
[ citizen-server-impl] Started resource jim-shops
[    c-scripting-core] Creating script environments for keep-crafting
[ citizen-server-impl] Started resource keep-crafting
[ citizen-server-impl] Started resource keep-menu
[    c-scripting-core] Creating script environments for lj-inventory
[ citizen-server-impl] Started resource lj-inventory
[    c-scripting-core] Creating script environments for nc-headbag
[ citizen-server-impl] Started resource nc-headbag
[ citizen-server-impl] Started resource progressbar
[38;5;161m[    c-scripting-core] Creating script environments for qb-blackjack
[ citizen-server-impl] Started resource qb-blackjack
[ citizen-server-impl] Started resource safecracker
[    c-scripting-core] Creating script environments for screenshot-basic
[ citizen-server-impl] Started resource screenshot-basic
[ citizen-server-impl] Started resource textUi
[    c-scripting-core] Creating script environments for pma-voice
[ citizen-server-impl] Started resource pma-voice
[    c-scripting-core] Creating script environments for qb-radio
[ citizen-server-impl] Started resource qb-radio
[ citizen-server-impl] Started resource A1sGroveHouse01
[ citizen-server-impl] Started resource dealer_map
[ citizen-server-impl] Started resource hospital_map
[ citizen-server-impl] Started resource laundry
[ citizen-server-impl] Started resource pablito_vagos
[ citizen-server-impl] Started resource prison_canteen
[ citizen-server-impl] Asset prison_main/desertos_prison.ytd uses 30.5 MiB of physical memory.
[ citizen-server-impl] Started resource prison_main
[ citizen-server-impl] Started resource prison_meeting
[38;5;73m[ citizen-server-impl] Started resource zb_citefamillies
[    c-scripting-core] Creating script environments for ps-buffs
[ citizen-server-impl] Started resource ps-buffs
[    c-scripting-core] Creating script environments for ps-dispatch
[ citizen-server-impl] Started resource ps-dispatch
[38;5;161m[    c-scripting-core] Creating script environments for ps-drugprocessing
[ citizen-server-impl] Started resource ps-drugprocessing
[38;5;161m[    c-scripting-core] Creating script environments for ps-hud
[38;5;73m[ citizen-server-impl] Started resource ps-hud
[    c-scripting-core] Creating script environments for ps-mdt
[ citizen-server-impl] Started resource ps-mdt
[ citizen-server-impl] Started resource ps-ui
[      script:monitor] [txAdminClient][97m Threads and commands set up. All Ready.
[   script:mapmanager] Started map fivem-map-skater
[ citizen-server-impl] Started resource fivem-map-skater
[  script:ps-dispatch] Melee	true	true
[  script:ps-dispatch] Shooting	true	true
[  script:ps-dispatch] Autotheft	true	true
[  script:ps-dispatch] Speeding	true	true
[  script:ps-dispatch] PlayerDowned	true	true
[      script:oxmysql] Database server connection established!
[     script:dpemotes] 
[     script:dpemotes] dp Emotes (dpemotes) is up to date. (173)
[ citizen-server-impl]         fff                          
[ citizen-server-impl]   cccc ff   xx  xx     rr rr    eee  
[ citizen-server-impl] cc     ffff   xx       rrr  r ee   e 
[ citizen-server-impl] cc     ff     xx   ... rr     eeeee  
[ citizen-server-impl]  ccccc ff   xx  xx ... rr      eeeee 
[ citizen-server-impl]                                      
[ citizen-server-impl] Authenticated with cfx.re Nucleus: https://mmoreira6-9bvv5y.users.cfx.re/
[ script:connectqueue] QUEUE: morei[license:b82c8958522106057996aec4f2d6e066e8e5ebad] está 1/1 na fila
[ script:connectqueue] QUEUE: morei[license:b82c8958522106057996aec4f2d6e066e8e5ebad] is loading into the server
[ citizen-server-impl] Server list query returned an error: System.Threading.Tasks.TaskCanceledException: The operation was canceled. <- System.TimeoutException: The operation was canceled. <- System.Threading.Tasks.TaskCanceledException: The request was canceled due to the configured HttpClient.Timeout of 30 seconds elapsing.
[      script:qb-core] [qb-core:LOG] morei PLAYER SAVED!
[script:qb-multichara] [qb-core] morei (Citizen ID: RVF24918) has succesfully loaded!
[      script:qb-core] [qb-core:LOG] morei PLAYER SAVED!
[ citizen-server-impl] Stopping resource chopshop
[    c-scripting-core] Creating script environments for chopshop
[ citizen-server-impl] Started resource chopshop
[38;5;73m[ citizen-server-impl] server thread hitch warning: timer interval of 155 milliseconds
[ citizen-server-impl] Server list query returned an error: System.Threading.Tasks.TaskCanceledException: The operation was canceled. <- System.TimeoutException: The operation was canceled. <- System.Threading.Tasks.TaskCanceledException: The request was canceled due to the configured HttpClient.Timeout of 30 seconds elapsing.
[      script:qb-core] [qb-core:LOG] morei PLAYER SAVED!
[ citizen-server-impl] Server list query returned an error: System.Threading.Tasks.TaskCanceledException: The operation was canceled. <- System.TimeoutException: The operation was canceled. <- System.Threading.Tasks.TaskCanceledException: The request was canceled due to the configured HttpClient.Timeout of 30 seconds elapsing.
[ citizen-server-impl] Server list query returned an error: System.Threading.Tasks.TaskCanceledException: The operation was canceled. <- System.TimeoutException: The operation was canceled. <- System.Threading.Tasks.TaskCanceledException: The request was canceled due to the configured HttpClient.Timeout of 30 seconds elapsing.
[      script:qb-core] [qb-core:LOG] morei PLAYER SAVED!
[ citizen-server-impl] Server list query returned an error: System.Threading.Tasks.TaskCanceledException: The operation was canceled. <- System.TimeoutException: The operation was canceled. <- System.Threading.Tasks.TaskCanceledException: The request was canceled due to the configured HttpClient.Timeout of 30 seconds elapsing.
[ citizen-server-impl] Server list query returned an error: System.Threading.Tasks.TaskCanceledException: The operation was canceled. <- System.TimeoutException: The operation was canceled. <- System.Threading.Tasks.TaskCanceledException: The request was canceled due to the configured HttpClient.Timeout of 30 seconds elapsing.
[ citizen-server-impl] Stopping resource chopshop
[    c-scripting-core] Creating script environments for chopshop
[ citizen-server-impl] Started resource chopshop
[      script:qb-core] [qb-core:LOG] morei PLAYER SAVED!
[ citizen-server-impl] Server list query returned an error: System.Threading.Tasks.TaskCanceledException: The operation was canceled. <- System.TimeoutException: The operation was canceled. <- System.Threading.Tasks.TaskCanceledException: The request was canceled due to the configured HttpClient.Timeout of 30 seconds elapsing.
[      script:qb-core] [qb-core:LOG] morei PLAYER SAVED!
[ citizen-server-impl] Server list query returned an error: System.Threading.Tasks.TaskCanceledException: The operation was canceled. <- System.TimeoutException: The operation was canceled. <- System.Threading.Tasks.TaskCanceledException: The request was canceled due to the configured HttpClient.Timeout of 30 seconds elapsing.
[ citizen-server-impl] Server list query returned an error: System.Threading.Tasks.TaskCanceledException: The operation was canceled. <- System.TimeoutException: The operation was canceled. <- System.Threading.Tasks.TaskCanceledException: The request was canceled due to the configured HttpClient.Timeout of 30 seconds elapsing.
[      script:qb-core] [qb-core:LOG] morei PLAYER SAVED!
[      script:qb-core] [qb-core:LOG] morei PLAYER SAVED!
[ citizen-server-main] -> Quitting: SIGHUP received
