
================================================================
======== Log Rotated - 02/09/2022, 13:24:01                     
================================================================

================================================================
======== FXServer Starting - 02/09/2022, 13:24:09               
================================================================
[    c-scripting-core] Creating script environments for _cfx_internal
[ citizen-server-impl] Scanning resources.
[ citizen-server-impl] Found 146 resources.
[          svadhesive] Authenticating server license key...
[          svadhesive] Server license key authentication succeeded. Welcome!
[    c-scripting-core] Creating script environments for sessionmanager
[ citizen-server-impl] Started resource sessionmanager
[    c-scripting-core] Creating script environments for monitor
[      script:monitor] [txAdminClient] Version 4.14.0 starting...
[ citizen-server-impl] Started resource monitor
[    c-scripting-core] Creating script environments for mapmanager
[ citizen-server-impl] Started resource mapmanager
[    c-scripting-core] [0mCreating script environments for yarn
[ citizen-server-impl] Started resource yarn
[    c-scripting-core] Creating script environments for webpack
[ citizen-server-impl] Started resource webpack
[    c-scripting-core] Creating script environments for chat
[ citizen-server-impl] Started resource chat
[ citizen-server-impl] Started resource spawnmanager
[   script:mapmanager] Started gametype Freeroam
[ citizen-server-impl] Started resource basic-gamemode
[    c-scripting-core] Creating script environments for hardcap
[ citizen-server-impl] Started resource hardcap
[    c-scripting-core] Creating script environments for baseevents
[ citizen-server-impl] Started resource baseevents
[    c-scripting-core] Creating script environments for oxmysql
[ citizen-server-impl] Started resource oxmysql
[    c-scripting-core] Creating script environments for qb-core
[ citizen-server-impl] Started resource qb-core
[ citizen-server-impl] Started resource menuv
[    c-scripting-core] Creating script environments for qb-adminmenu
[ citizen-server-impl] Started resource qb-adminmenu
[    c-scripting-core] [97mCreating script environments for qb-ambulancejob
[ citizen-server-impl] Started resource qb-ambulancejob
[ citizen-server-impl] Started resource qb-interior
[    c-scripting-core] Creating script environments for fivem-appearance
[ citizen-server-impl] Started resource fivem-appearance
[    c-scripting-core] Creating script environments for qb-weathersync
[ citizen-server-impl] Started resource qb-weathersync
[    c-scripting-core] Creating script environments for qb-apartments
[ citizen-server-impl] Started resource qb-apartments
[    c-scripting-core] Creating script environments for qb-atms
[ citizen-server-impl] Started resource qb-atms
[    c-scripting-core] Creating script environments for qb-banking
[ citizen-server-impl] Started resource qb-banking
[    c-scripting-core] Creating script environments for PolyZone
[ citizen-server-impl] Started resource PolyZone
[    c-scripting-core] Creating script environments for qb-bankrobbery
[ citizen-server-impl] Started resource qb-bankrobbery
[    c-scripting-core] [0mCreating script environments for qb-busjob
[ citizen-server-impl] Started resource qb-busjob
[    c-scripting-core] Creating script environments for qb-cityhall
[ citizen-server-impl] Started resource qb-cityhall
[    c-scripting-core] Creating script environments for qb-commandbinding
[ citizen-server-impl] Started resource qb-commandbinding
[ citizen-server-impl] Started resource mhacking
[    c-scripting-core] Creating script environments for qb-crypto
[ citizen-server-impl] Started resource qb-crypto
[    c-scripting-core] Creating script environments for qb-customs
[ citizen-server-impl] Started resource qb-customs
[    c-scripting-core] Creating script environments for qb-diving
[ citizen-server-impl] Started resource qb-diving
[    c-scripting-core] [97mCreating script environments for qb-doorlock
[ citizen-server-impl] Started resource qb-doorlock
[    c-scripting-core] Creating script environments for qb-drugs
[ citizen-server-impl] Started resource qb-drugs
[    c-scripting-core] Creating script environments for qb-fitbit
[ citizen-server-impl] Started resource qb-fitbit
[    c-scripting-core] Creating script environments for qb-garages
[ citizen-server-impl] Started resource qb-garages
[    c-scripting-core] Creating script environments for qb-garbagejob
[ citizen-server-impl] Started resource qb-garbagejob
[    c-scripting-core] Creating script environments for qb-hotdogjob
[ citizen-server-impl] Started resource qb-hotdogjob
[ citizen-server-impl] Started resource qb-lockpick
[ citizen-server-impl] Started resource qb-skillbar
[    c-scripting-core] Creating script environments for qb-houserobbery
[ citizen-server-impl] Started resource qb-houserobbery
[    c-scripting-core] [0mCreating script environments for qb-houses
[ citizen-server-impl] Started resource qb-houses
[    c-scripting-core] Creating script environments for qb-idcard
[ citizen-server-impl] Started resource qb-idcard
[ citizen-server-impl] Started resource qb-input
[    c-scripting-core] Creating script environments for qb-jewelery
[ citizen-server-impl] Started resource qb-jewelery
[ citizen-server-impl] Started resource qb-keyminigame
[    c-scripting-core] [97mCreating script environments for qb-lapraces
[ citizen-server-impl] Started resource qb-lapraces
[ citizen-server-impl] Started resource qb-loading
[    c-scripting-core] [0mCreating script environments for qb-management
[ citizen-server-impl] Started resource qb-management
[    c-scripting-core] Creating script environments for qb-mechanicjob
[ citizen-server-impl] Started resource qb-mechanicjob
[ citizen-server-impl] Started resource qb-menu
[    c-scripting-core] Creating script environments for qb-spawn
[ citizen-server-impl] Started resource qb-spawn
[    c-scripting-core] Creating script environments for qb-multicharacter
[ citizen-server-impl] Started resource qb-multicharacter
[    c-scripting-core] Creating script environments for qb-newsjob
[ citizen-server-impl] Started resource qb-newsjob
[    c-scripting-core] Creating script environments for qb-pawnshop
[ citizen-server-impl] Started resource qb-pawnshop
[    c-scripting-core] Creating script environments for qb-phone
[ citizen-server-impl] Started resource qb-phone
[    c-scripting-core] Creating script environments for qb-policejob
[ citizen-server-impl] Started resource qb-policejob
[    c-scripting-core] Creating script environments for qb-prison
[ citizen-server-impl] Started resource qb-prison
[    c-scripting-core] [97mCreating script environments for qb-radialmenu
[ citizen-server-impl] Started resource qb-radialmenu
[    c-scripting-core] Creating script environments for qb-recyclejob
[ citizen-server-impl] Started resource qb-recyclejob
[    c-scripting-core] Creating script environments for qb-rentals
[ citizen-server-impl] Started resource qb-rentals
[    c-scripting-core] Creating script environments for qb-scoreboard
[ citizen-server-impl] Started resource qb-scoreboard
[    c-scripting-core] Creating script environments for qb-scrapyard
[ citizen-server-impl] Started resource qb-scrapyard
[    c-scripting-core] Creating script environments for qb-smallresources
[ citizen-server-impl] Started resource qb-smallresources
[ citizen-server-impl] Started resource qb-stashbox
[    c-scripting-core] [97mCreating script environments for qb-storerobbery
[ citizen-server-impl] Started resource qb-storerobbery
[    c-scripting-core] Creating script environments for qb-streetraces
[ citizen-server-impl] Started resource qb-streetraces
[ citizen-server-impl] Started resource qb-target
[    c-scripting-core] Creating script environments for qb-taxijob
[ citizen-server-impl] Started resource qb-taxijob
[    c-scripting-core] Creating script environments for qb-towjob
[ citizen-server-impl] Started resource qb-towjob
[    c-scripting-core] Creating script environments for qb-traphouse
[ citizen-server-impl] Started resource qb-traphouse
[    c-scripting-core] Creating script environments for qb-truckerjob
[ citizen-server-impl] Started resource qb-truckerjob
[    c-scripting-core] [97mCreating script environments for qb-truckrobbery
[ citizen-server-impl] Started resource qb-truckrobbery
[    c-scripting-core] Creating script environments for qb-tunerchip
[ citizen-server-impl] Started resource qb-tunerchip
[    c-scripting-core] Creating script environments for qb-vehiclefailure
[ citizen-server-impl] Started resource qb-vehiclefailure
[    c-scripting-core] Creating script environments for qb-vehiclekeys
[ citizen-server-impl] Started resource qb-vehiclekeys
[    c-scripting-core] Creating script environments for qb-vehiclesales
[ citizen-server-impl] Started resource qb-vehiclesales
[    c-scripting-core] Creating script environments for qb-vehicleshop
[ citizen-server-impl] Started resource qb-vehicleshop
[    c-scripting-core] Creating script environments for qb-vineyard
[ citizen-server-impl] Started resource qb-vineyard
[    c-scripting-core] Creating script environments for qb-weapons
[ citizen-server-impl] Started resource qb-weapons
[ citizen-server-impl] Asset DLCiplLoader/ks_vwint03_garage_shell.ydr uses 21.0 MiB of physical memory.
[ citizen-server-impl] Started resource DLCiplLoader
[    c-scripting-core] Creating script environments for LegacyFuel
[ citizen-server-impl] Started resource LegacyFuel
[ citizen-server-impl] Started resource bob74_ipl
[    c-scripting-core] Creating script environments for casino-blackjack
[ citizen-server-impl] Started resource casino-blackjack
[    c-scripting-core] Creating script environments for casino-insidetrack
[ citizen-server-impl] Started resource casino-insidetrack
[    c-scripting-core] Creating script environments for casino-roulette
[ citizen-server-impl] Started resource casino-roulette
[    c-scripting-core] Creating script environments for casino-walls
[ citizen-server-impl] Started resource casino-walls
[ citizen-server-impl] Started resource casinoUi
[    c-scripting-core] Creating script environments for chopshop
[ citizen-server-impl] Started resource chopshop
[    c-scripting-core] Creating script environments for connectqueue
[ script:connectqueue] QUEUE:  [connectqueue] Disabling hardcap 
[ citizen-server-impl] Stopping resource hardcap
[ citizen-server-impl] Started resource connectqueue
[ citizen-server-impl] Started resource devyn-backitems
[    c-scripting-core] Creating script environments for doj-fishing
[ citizen-server-impl] Started resource doj-fishing
[    c-scripting-core] Creating script environments for doj-marijuana
[ citizen-server-impl] Started resource doj-marijuana
[    c-scripting-core] Creating script environments for dpemotes
[     script:dpemotes] [dp] Sql Keybinding is turned off, if you want to enable /emotebind, import dpkeybinding.sql and set SqlKeybinding = true in config.lua.
[ citizen-server-impl] Started resource dpemotes
[    c-scripting-core] [0mCreating script environments for interact-sound
[ citizen-server-impl] Started resource interact-sound
[    c-scripting-core] Creating script environments for jim-mining
[   script:jim-mining] Jim-Mining v2.1 - Mining Script by Jimathy
[ citizen-server-impl] Started resource jim-mining
[    c-scripting-core] Creating script environments for jim-shops
[    script:jim-shops] Jim-Shops v1.6 - Shop Script by Jimathy
[ citizen-server-impl] Started resource jim-shops
[    c-scripting-core] Creating script environments for keep-crafting
[ citizen-server-impl] Started resource keep-crafting
[ citizen-server-impl] Started resource keep-menu
[    c-scripting-core] Creating script environments for lj-inventory
[ citizen-server-impl] Started resource lj-inventory
[    c-scripting-core] Creating script environments for nc-headbag
[ citizen-server-impl] Started resource nc-headbag
[ citizen-server-impl] Started resource progressbar
[    c-scripting-core] Creating script environments for qb-blackjack
[ citizen-server-impl] Started resource qb-blackjack
[ citizen-server-impl] Started resource safecracker
[    c-scripting-core] Creating script environments for screenshot-basic
[ citizen-server-impl] Started resource screenshot-basic
[ citizen-server-impl] Started resource textUi
[    c-scripting-core] Creating script environments for tr-lumberjack
[ citizen-server-impl] Started resource tr-lumberjack
[    c-scripting-core] Creating script environments for pma-voice
[ citizen-server-impl] Started resource pma-voice
[    c-scripting-core] Creating script environments for qb-radio
[ citizen-server-impl] Started resource qb-radio
[ citizen-server-impl] Started resource 365cbb
[ citizen-server-impl] Started resource A1sGroveHouse01
[ citizen-server-impl] Started resource GamerD4veLegion
[ citizen-server-impl] Started resource Ranch-De-Caniche-main
[ citizen-server-impl] Started resource cityhall
[ citizen-server-impl] Started resource dealer_map
[ citizen-server-impl] Started resource hospital_map
[ citizen-server-impl] Started resource laundry
[ citizen-server-impl] Started resource pablito_vagos
[ citizen-server-impl] Started resource prison_canteen
[ citizen-server-impl] Asset prison_main/desertos_prison.ytd uses 30.5 MiB of physical memory.
[ citizen-server-impl] Started resource prison_main
[ citizen-server-impl] Started resource prison_meeting
[ citizen-server-impl] [0mStarted resource rflx_marabunta
[ citizen-server-impl] Started resource verpi_jobcentre
[ citizen-server-impl] Started resource zb_citefamillies
[    c-scripting-core] Creating script environments for ps-buffs
[ citizen-server-impl] [0mStarted resource ps-buffs
[    c-scripting-core] Creating script environments for ps-dispatch
[ citizen-server-impl] Started resource ps-dispatch
[    c-scripting-core] Creating script environments for ps-drugprocessing
[ citizen-server-impl] Started resource ps-drugprocessing
[    c-scripting-core] Creating script environments for ps-hud
[ citizen-server-impl] Started resource ps-hud
[    c-scripting-core] Creating script environments for ps-mdt
[ citizen-server-impl] Started resource ps-mdt
[ citizen-server-impl] Started resource ps-ui
[ citizen-server-impl] Asset logisticas/mule2+hi.ytd uses 100.0 MiB of physical memory. Oversized assets can and WILL lead to streaming issues (models not loading/rendering, commonly known as 'texture loss', 'city bug' or 'streaming isn't great').
[ citizen-server-impl] Asset logisticas/mule2.ytd uses 100.0 MiB of physical memory. Oversized assets can and WILL lead to streaming issues (models not loading/rendering, commonly known as 'texture loss', 'city bug' or 'streaming isn't great').
[ citizen-server-impl] [0mStarted resource logisticas
[ citizen-server-impl] Asset taxicarrinha/trans_mbv250+hi.ytd uses 32.0 MiB of physical memory.
[ citizen-server-impl] Asset taxicarrinha/trans_mbv250.ytd uses 32.0 MiB of physical memory.
[ citizen-server-impl] Started resource taxicarrinha
[ citizen-server-impl] Started resource taxituga
[      script:monitor] [txAdminClient][97m Threads and commands set up. All Ready.
[   script:mapmanager] Started map fivem-map-skater
[ citizen-server-impl] Started resource fivem-map-skater
[  script:ps-dispatch] Melee	true	true
[  script:ps-dispatch] Shooting	true	true
[  script:ps-dispatch] Speeding	true	true
[  script:ps-dispatch] Autotheft	true	true
[  script:ps-dispatch] PlayerDowned	true	true
[      script:oxmysql] Error: Unable to establish a connection to the database!
[      script:oxmysql] [Error: connect ECONNREFUSED 127.0.0.1:3306]
[     script:dpemotes] 
[     script:dpemotes] dp Emotes (dpemotes) is up to date. (173)
[ citizen-server-impl]         fff                          
[ citizen-server-impl]   cccc ff   xx  xx     rr rr    eee  
[ citizen-server-impl] cc     ffff   xx       rrr  r ee   e 
[ citizen-server-impl] cc     ff     xx   ... rr     eeeee  
[ citizen-server-impl]  ccccc ff   xx  xx ... rr      eeeee 
[ citizen-server-impl]                                      
[ citizen-server-impl] Authenticated with cfx.re Nucleus: https://mmoreira6-9bvv5y.users.cfx.re/
[ citizen-server-main] -> Quitting: SIGHUP received

================================================================
======== FXServer Starting - 02/09/2022, 13:24:35               
================================================================
[    c-scripting-core] Creating script environments for _cfx_internal
[ citizen-server-impl] Scanning resources.
[ citizen-server-impl] Found 146 resources.
[          svadhesive] Authenticating server license key...
[          svadhesive] Server license key authentication succeeded. Welcome!
[    c-scripting-core] Creating script environments for sessionmanager
[ citizen-server-impl] Started resource sessionmanager
[    c-scripting-core] Creating script environments for monitor
[      script:monitor] [txAdminClient] Version 4.14.0 starting...
[ citizen-server-impl] Started resource monitor
[    c-scripting-core] Creating script environments for mapmanager
[ citizen-server-impl] Started resource mapmanager
[    c-scripting-core] Creating script environments for yarn
[ citizen-server-impl] Started resource yarn
[    c-scripting-core] Creating script environments for webpack
[ citizen-server-impl] Started resource webpack
[    c-scripting-core] Creating script environments for chat
[ citizen-server-impl] Started resource chat
[ citizen-server-impl] Started resource spawnmanager
[   script:mapmanager] Started gametype Freeroam
[ citizen-server-impl] Started resource basic-gamemode
[    c-scripting-core] Creating script environments for hardcap
[ citizen-server-impl] Started resource hardcap
[    c-scripting-core] Creating script environments for baseevents
[ citizen-server-impl] Started resource baseevents
[    c-scripting-core] Creating script environments for oxmysql
[ citizen-server-impl] Started resource oxmysql
[    c-scripting-core] Creating script environments for qb-core
[ citizen-server-impl] Started resource qb-core
[ citizen-server-impl] Started resource menuv
[    c-scripting-core] [97mCreating script environments for qb-adminmenu
[ citizen-server-impl] Started resource qb-adminmenu
[    c-scripting-core] Creating script environments for qb-ambulancejob
[ citizen-server-impl] Started resource qb-ambulancejob
[ citizen-server-impl] Started resource qb-interior
[    c-scripting-core] Creating script environments for fivem-appearance
[ citizen-server-impl] Started resource fivem-appearance
[    c-scripting-core] Creating script environments for qb-weathersync
[ citizen-server-impl] Started resource qb-weathersync
[    c-scripting-core] Creating script environments for qb-apartments
[ citizen-server-impl] Started resource qb-apartments
[    c-scripting-core] Creating script environments for qb-atms
[ citizen-server-impl] Started resource qb-atms
[    c-scripting-core] Creating script environments for qb-banking
[ citizen-server-impl] Started resource qb-banking
[    c-scripting-core] Creating script environments for PolyZone
[ citizen-server-impl] Started resource PolyZone
[    c-scripting-core] Creating script environments for qb-bankrobbery
[ citizen-server-impl] Started resource qb-bankrobbery
[    c-scripting-core] Creating script environments for qb-busjob
[ citizen-server-impl] Started resource qb-busjob
[    c-scripting-core] Creating script environments for qb-cityhall
[ citizen-server-impl] Started resource qb-cityhall
[    c-scripting-core] Creating script environments for qb-commandbinding
[ citizen-server-impl] Started resource qb-commandbinding
[ citizen-server-impl] Started resource mhacking
[    c-scripting-core] Creating script environments for qb-crypto
[ citizen-server-impl] Started resource qb-crypto
[    c-scripting-core] Creating script environments for qb-customs
[ citizen-server-impl] Started resource qb-customs
[    c-scripting-core] Creating script environments for qb-diving
[ citizen-server-impl] Started resource qb-diving
[    c-scripting-core] Creating script environments for qb-doorlock
[ citizen-server-impl] Started resource qb-doorlock
[    c-scripting-core] Creating script environments for qb-drugs
[ citizen-server-impl] Started resource qb-drugs
[    c-scripting-core] Creating script environments for qb-fitbit
[ citizen-server-impl] Started resource qb-fitbit
[    c-scripting-core] Creating script environments for qb-garages
[ citizen-server-impl] Started resource qb-garages
[    c-scripting-core] Creating script environments for qb-garbagejob
[ citizen-server-impl] Started resource qb-garbagejob
[    c-scripting-core] Creating script environments for qb-hotdogjob
[ citizen-server-impl] Started resource qb-hotdogjob
[ citizen-server-impl] Started resource qb-lockpick
[ citizen-server-impl] Started resource qb-skillbar
[    c-scripting-core] Creating script environments for qb-houserobbery
[ citizen-server-impl] Started resource qb-houserobbery
[    c-scripting-core] [97mCreating script environments for qb-houses
[ citizen-server-impl] Started resource qb-houses
[    c-scripting-core] [0mCreating script environments for qb-idcard
[ citizen-server-impl] Started resource qb-idcard
[ citizen-server-impl] Started resource qb-input
[    c-scripting-core] [97mCreating script environments for qb-jewelery
[ citizen-server-impl] Started resource qb-jewelery
[ citizen-server-impl] Started resource qb-keyminigame
[    c-scripting-core] [0mCreating script environments for qb-lapraces
[ citizen-server-impl] Started resource qb-lapraces
[ citizen-server-impl] Started resource qb-loading
[    c-scripting-core] Creating script environments for qb-management
[ citizen-server-impl] Started resource qb-management
[    c-scripting-core] Creating script environments for qb-mechanicjob
[ citizen-server-impl] Started resource qb-mechanicjob
[ citizen-server-impl] Started resource qb-menu
[    c-scripting-core] Creating script environments for qb-spawn
[ citizen-server-impl] Started resource qb-spawn
[    c-scripting-core] Creating script environments for qb-multicharacter
[ citizen-server-impl] Started resource qb-multicharacter
[    c-scripting-core] Creating script environments for qb-newsjob
[ citizen-server-impl] Started resource qb-newsjob
[    c-scripting-core] Creating script environments for qb-pawnshop
[ citizen-server-impl] Started resource qb-pawnshop
[    c-scripting-core] [97mCreating script environments for qb-phone
[ citizen-server-impl] Started resource qb-phone
[    c-scripting-core] [0mCreating script environments for qb-policejob
[ citizen-server-impl] Started resource qb-policejob
[    c-scripting-core] Creating script environments for qb-prison
[ citizen-server-impl] Started resource qb-prison
[    c-scripting-core] Creating script environments for qb-radialmenu
[ citizen-server-impl] Started resource qb-radialmenu
[    c-scripting-core] Creating script environments for qb-recyclejob
[ citizen-server-impl] Started resource qb-recyclejob
[    c-scripting-core] Creating script environments for qb-rentals
[ citizen-server-impl] Started resource qb-rentals
[    c-scripting-core] Creating script environments for qb-scoreboard
[ citizen-server-impl] Started resource qb-scoreboard
[    c-scripting-core] Creating script environments for qb-scrapyard
[ citizen-server-impl] Started resource qb-scrapyard
[    c-scripting-core] Creating script environments for qb-smallresources
[ citizen-server-impl] Started resource qb-smallresources
[ citizen-server-impl] Started resource qb-stashbox
[    c-scripting-core] Creating script environments for qb-storerobbery
[ citizen-server-impl] Started resource qb-storerobbery
[    c-scripting-core] Creating script environments for qb-streetraces
[ citizen-server-impl] Started resource qb-streetraces
[ citizen-server-impl] Started resource qb-target
[    c-scripting-core] Creating script environments for qb-taxijob
[ citizen-server-impl] Started resource qb-taxijob
[    c-scripting-core] Creating script environments for qb-towjob
[ citizen-server-impl] Started resource qb-towjob
[    c-scripting-core] Creating script environments for qb-traphouse
[ citizen-server-impl] Started resource qb-traphouse
[    c-scripting-core] Creating script environments for qb-truckerjob
[ citizen-server-impl] Started resource qb-truckerjob
[    c-scripting-core] Creating script environments for qb-truckrobbery
[ citizen-server-impl] Started resource qb-truckrobbery
[    c-scripting-core] Creating script environments for qb-tunerchip
[ citizen-server-impl] Started resource qb-tunerchip
[    c-scripting-core] Creating script environments for qb-vehiclefailure
[ citizen-server-impl] Started resource qb-vehiclefailure
[    c-scripting-core] Creating script environments for qb-vehiclekeys
[ citizen-server-impl] Started resource qb-vehiclekeys
[    c-scripting-core] Creating script environments for qb-vehiclesales
[ citizen-server-impl] Started resource qb-vehiclesales
[    c-scripting-core] Creating script environments for qb-vehicleshop
[ citizen-server-impl] Started resource qb-vehicleshop
[    c-scripting-core] Creating script environments for qb-vineyard
[ citizen-server-impl] Started resource qb-vineyard
[    c-scripting-core] Creating script environments for qb-weapons
[ citizen-server-impl] Started resource qb-weapons
[ citizen-server-impl] Asset DLCiplLoader/ks_vwint03_garage_shell.ydr uses 21.0 MiB of physical memory.
[ citizen-server-impl] Started resource DLCiplLoader
[    c-scripting-core] Creating script environments for LegacyFuel
[ citizen-server-impl] Started resource LegacyFuel
[ citizen-server-impl] Started resource bob74_ipl
[    c-scripting-core] Creating script environments for casino-blackjack
[ citizen-server-impl] Started resource casino-blackjack
[    c-scripting-core] Creating script environments for casino-insidetrack
[ citizen-server-impl] Started resource casino-insidetrack
[    c-scripting-core] Creating script environments for casino-roulette
[ citizen-server-impl] Started resource casino-roulette
[    c-scripting-core] Creating script environments for casino-walls
[ citizen-server-impl] Started resource casino-walls
[ citizen-server-impl] Started resource casinoUi
[    c-scripting-core] Creating script environments for chopshop
[ citizen-server-impl] Started resource chopshop
[    c-scripting-core] [0mCreating script environments for connectqueue
[ script:connectqueue] QUEUE:  [connectqueue] Disabling hardcap 
[ citizen-server-impl] Stopping resource hardcap
[ citizen-server-impl] Started resource connectqueue
[ citizen-server-impl] Started resource devyn-backitems
[    c-scripting-core] Creating script environments for doj-fishing
[ citizen-server-impl] Started resource doj-fishing
[    c-scripting-core] Creating script environments for doj-marijuana
[ citizen-server-impl] Started resource doj-marijuana
[    c-scripting-core] Creating script environments for dpemotes
[     script:dpemotes] [dp] Sql Keybinding is turned off, if you want to enable /emotebind, import dpkeybinding.sql and set SqlKeybinding = true in config.lua.
[ citizen-server-impl] Started resource dpemotes
[    c-scripting-core] Creating script environments for interact-sound
[ citizen-server-impl] Started resource interact-sound
[    c-scripting-core] Creating script environments for jim-mining
[   script:jim-mining] Jim-Mining v2.1 - Mining Script by Jimathy
[ citizen-server-impl] Started resource jim-mining
[    c-scripting-core] Creating script environments for jim-shops
[    script:jim-shops] Jim-Shops v[94m1.6 - Shop Script by Jimathy
[ citizen-server-impl] Started resource jim-shops
[    c-scripting-core] Creating script environments for keep-crafting
[ citizen-server-impl] Started resource keep-crafting
[ citizen-server-impl] Started resource keep-menu
[    c-scripting-core] Creating script environments for lj-inventory
[ citizen-server-impl] Started resource lj-inventory
[    c-scripting-core] Creating script environments for nc-headbag
[ citizen-server-impl] Started resource nc-headbag
[ citizen-server-impl] Started resource progressbar
[    c-scripting-core] Creating script environments for qb-blackjack
[ citizen-server-impl] Started resource qb-blackjack
[ citizen-server-impl] Started resource safecracker
[    c-scripting-core] Creating script environments for screenshot-basic
[ citizen-server-impl] Started resource screenshot-basic
[ citizen-server-impl] Started resource textUi
[    c-scripting-core] Creating script environments for tr-lumberjack
[ citizen-server-impl] Started resource tr-lumberjack
[    c-scripting-core] Creating script environments for pma-voice
[ citizen-server-impl] Started resource pma-voice
[    c-scripting-core] Creating script environments for qb-radio
[ citizen-server-impl] Started resource qb-radio
[ citizen-server-impl] Started resource 365cbb
[ citizen-server-impl] Started resource A1sGroveHouse01
[ citizen-server-impl] Started resource GamerD4veLegion
[ citizen-server-impl] Started resource Ranch-De-Caniche-main
[ citizen-server-impl] Started resource cityhall
[ citizen-server-impl] Started resource dealer_map
[ citizen-server-impl] Started resource hospital_map
[ citizen-server-impl] Started resource laundry
[ citizen-server-impl] Started resource pablito_vagos
[ citizen-server-impl] Started resource prison_canteen
[ citizen-server-impl] Asset prison_main/desertos_prison.ytd uses 30.5 MiB of physical memory.
[ citizen-server-impl] Started resource prison_main
[ citizen-server-impl] Started resource prison_meeting
[ citizen-server-impl] Started resource rflx_marabunta
[ citizen-server-impl] Started resource verpi_jobcentre
[ citizen-server-impl] Started resource zb_citefamillies
[    c-scripting-core] [0mCreating script environments for ps-buffs
[ citizen-server-impl] Started resource ps-buffs
[    c-scripting-core] Creating script environments for ps-dispatch
[ citizen-server-impl] Started resource ps-dispatch
[    c-scripting-core] Creating script environments for ps-drugprocessing
[ citizen-server-impl] Started resource ps-drugprocessing
[    c-scripting-core] Creating script environments for ps-hud
[ citizen-server-impl] Started resource ps-hud
[    c-scripting-core] Creating script environments for ps-mdt
[ citizen-server-impl] Started resource ps-mdt
[ citizen-server-impl] Started resource ps-ui
[ citizen-server-impl] Asset logisticas/mule2+hi.ytd uses 100.0 MiB of physical memory. Oversized assets can and WILL lead to streaming issues (models not loading/rendering, commonly known as 'texture loss', 'city bug' or 'streaming isn't great').
[ citizen-server-impl] Asset logisticas/mule2.ytd uses 100.0 MiB of physical memory. Oversized assets can and WILL lead to streaming issues (models not loading/rendering, commonly known as 'texture loss', 'city bug' or 'streaming isn't great').
[ citizen-server-impl] Started resource logisticas
[ citizen-server-impl] Asset taxicarrinha/trans_mbv250+hi.ytd uses 32.0 MiB of physical memory.
[ citizen-server-impl] [0mAsset taxicarrinha/trans_mbv250.ytd uses 32.0 MiB of physical memory.
[ citizen-server-impl] Started resource taxicarrinha
[ citizen-server-impl] Started resource taxituga
[      script:monitor] [txAdminClient] Threads and commands set up. All Ready.
[   script:mapmanager] Started map fivem-map-skater
[ citizen-server-impl] Started resource fivem-map-skater
[  script:ps-dispatch] Shooting	true	true
[  script:ps-dispatch] PlayerDowned	true	true
[  script:ps-dispatch] Speeding	true	true
[  script:ps-dispatch] Melee	true	true
[  script:ps-dispatch] Autotheft	true	true
[      script:oxmysql] Database server connection established!
[     script:dpemotes] 
[     script:dpemotes] dp Emotes (dpemotes) is up to date. (173)
[ citizen-server-impl]         fff                          
[ citizen-server-impl]   cccc ff   xx  xx     rr rr    eee  
[ citizen-server-impl] cc     ffff   xx       rrr  r ee   e 
[ citizen-server-impl] cc     ff     xx   ... rr     eeeee  
[ citizen-server-impl]  ccccc ff   xx  xx ... rr      eeeee 
[ citizen-server-impl]                                      
[ citizen-server-impl] Authenticated with cfx.re Nucleus: https://mmoreira6-9bvv5y.users.cfx.re/
[ script:connectqueue] QUEUE: morei[license:b82c8958522106057996aec4f2d6e066e8e5ebad] está 1/1 na fila
[ script:connectqueue] QUEUE: morei[license:b82c8958522106057996aec4f2d6e066e8e5ebad] is loading into the server
[ citizen-server-impl] Server list query returned an error: System.Threading.Tasks.TaskCanceledException: The operation was canceled. <- System.TimeoutException: The operation was canceled. <- System.Threading.Tasks.TaskCanceledException: The request was canceled due to the configured HttpClient.Timeout of 30 seconds elapsing.
[ citizen-server-impl] sync thread hitch warning: timer interval of 121 milliseconds
[ citizen-server-impl] sync thread hitch warning: timer interval of 240 milliseconds
[ citizen-server-impl] server thread hitch warning: timer interval of 282 milliseconds
[ citizen-server-impl] sync thread hitch warning: timer interval of 116 milliseconds
[ citizen-server-impl] server thread hitch warning: timer interval of 152 milliseconds
[ citizen-server-impl] sync thread hitch warning: timer interval of 129 milliseconds
[ citizen-server-impl] sync thread hitch warning: timer interval of 116 milliseconds
[ citizen-server-impl] server thread hitch warning: timer interval of 216 milliseconds
[ citizen-server-impl] sync thread hitch warning: timer interval of 165 milliseconds
[38;5;73m[ citizen-server-impl] sync thread hitch warning: timer interval of 134 milliseconds
[ citizen-server-impl] server thread hitch warning: timer interval of 159 milliseconds
[ citizen-server-impl] sync thread hitch warning: timer interval of 176 milliseconds
[ citizen-server-impl] server thread hitch warning: timer interval of 199 milliseconds
[ citizen-server-impl] sync thread hitch warning: timer interval of 157 milliseconds
[ citizen-server-impl] server thread hitch warning: timer interval of 168 milliseconds
[ citizen-server-impl] [0msync thread hitch warning: timer interval of 129 milliseconds
[ citizen-server-impl] server thread hitch warning: timer interval of 155 milliseconds
[ citizen-server-impl] sync thread hitch warning: timer interval of 117 milliseconds
[ citizen-server-impl] sync thread hitch warning: timer interval of 121 milliseconds
[ citizen-server-impl] server thread hitch warning: timer interval of 259 milliseconds
[ citizen-server-impl] sync thread hitch warning: timer interval of 175 milliseconds
[38;5;134m[      script:qb-core] [qb-core:LOG] morei PLAYER SAVED!
[script:qb-multichara] [qb-core] morei (Citizen ID: DYX88959) has succesfully loaded!
[38;5;134m[      script:qb-core] [qb-core:LOG] morei PLAYER SAVED!
[      script:oxmysql] [WARNING] qb-vehicleshop took 220.8542ms to execute a query!
[      script:oxmysql]     SELECT * FROM player_vehicles WHERE citizenid = ? AND balance > 0 AND financetime < 1 ["DYX88959"]
[ citizen-server-impl] Server list query returned an error: System.Threading.Tasks.TaskCanceledException: The operation was canceled. <- System.TimeoutException: The operation was canceled. <- System.Threading.Tasks.TaskCanceledException: The request was canceled due to the configured HttpClient.Timeout of 30 seconds elapsing.
[ citizen-server-impl] Server list query returned an error: System.Threading.Tasks.TaskCanceledException: The operation was canceled. <- System.TimeoutException: The operation was canceled. <- System.Threading.Tasks.TaskCanceledException: The request was canceled due to the configured HttpClient.Timeout of 30 seconds elapsing.
[      script:qb-core] [qb-core:LOG] morei PLAYER SAVED!
[ citizen-server-impl] Server list query returned an error: System.Threading.Tasks.TaskCanceledException: The operation was canceled. <- System.TimeoutException: The operation was canceled. <- System.Threading.Tasks.TaskCanceledException: The request was canceled due to the configured HttpClient.Timeout of 30 seconds elapsing.
[ citizen-server-impl] Stopping resource qb-stashbox
[ citizen-server-impl] Started resource qb-stashbox
[ citizen-server-impl] Stopping resource qb-stashbox
[ citizen-server-impl] Started resource qb-stashbox
[      script:qb-core] [qb-core:LOG] morei PLAYER SAVED!
[ citizen-server-impl] Server list query returned an error: System.Threading.Tasks.TaskCanceledException: The operation was canceled. <- System.TimeoutException: The operation was canceled. <- System.Threading.Tasks.TaskCanceledException: The request was canceled due to the configured HttpClient.Timeout of 30 seconds elapsing.
[ citizen-server-impl] Stopping resource qb-stashbox
[ citizen-server-impl] Started resource qb-stashbox
[ citizen-server-impl] Server list query returned an error: System.Threading.Tasks.TaskCanceledException: The operation was canceled. <- System.TimeoutException: The operation was canceled. <- System.Threading.Tasks.TaskCanceledException: The request was canceled due to the configured HttpClient.Timeout of 30 seconds elapsing.
[ citizen-server-impl] Stopping resource qb-stashbox
[ citizen-server-impl] Started resource qb-stashbox
[ citizen-server-impl] Couldn't find resource qb-managment.
[ citizen-server-impl] Stopping resource qb-management
[    c-scripting-core] Creating script environments for qb-management
[ citizen-server-impl] Started resource qb-management
[ citizen-server-impl] server thread hitch warning: timer interval of 166 milliseconds
[      script:qb-core] [qb-core:LOG] morei PLAYER SAVED!
[ citizen-server-impl] Server list query returned an error: System.Threading.Tasks.TaskCanceledException: The operation was canceled. <- System.TimeoutException: The operation was canceled. <- System.Threading.Tasks.TaskCanceledException: The request was canceled due to the configured HttpClient.Timeout of 30 seconds elapsing.
[    c-scripting-core] InvokeNative: execution failed: Argument at index 0 was null.
[38;5;134m[      script:qb-core] SCRIPT ERROR: Execution of native 000000006e31e993 in script host failed: Argument at index 0 was null.
[      script:qb-core] > GetPlayerPed (GetPlayerPed.lua:2)
[      script:qb-core] > ref (@qb-core/server/commands.lua:59)
[ citizen-server-impl] Server list query returned an error: System.Threading.Tasks.TaskCanceledException: The operation was canceled. <- System.TimeoutException: The operation was canceled. <- System.Threading.Tasks.TaskCanceledException: The request was canceled due to the configured HttpClient.Timeout of 30 seconds elapsing.
[      script:qb-core] [qb-core:LOG] morei PLAYER SAVED!
[ citizen-server-impl] Server list query returned an error: System.Threading.Tasks.TaskCanceledException: The operation was canceled. <- System.TimeoutException: The operation was canceled. <- System.Threading.Tasks.TaskCanceledException: The request was canceled due to the configured HttpClient.Timeout of 30 seconds elapsing.
[      script:qb-core] [qb-core:LOG] morei PLAYER SAVED!
[ citizen-server-impl] Server list query returned an error: System.Threading.Tasks.TaskCanceledException: The operation was canceled. <- System.TimeoutException: The operation was canceled. <- System.Threading.Tasks.TaskCanceledException: The request was canceled due to the configured HttpClient.Timeout of 30 seconds elapsing.
[ citizen-server-impl] Server list query returned an error: System.Threading.Tasks.TaskCanceledException: The operation was canceled. <- System.TimeoutException: The operation was canceled. <- System.Threading.Tasks.TaskCanceledException: The request was canceled due to the configured HttpClient.Timeout of 30 seconds elapsing.
[      script:qb-core] [qb-core:LOG] morei PLAYER SAVED!
[ citizen-server-impl] Stopping resource qb-management
[    c-scripting-core] Creating script environments for qb-management
[ citizen-server-impl] Started resource qb-management
[ citizen-server-impl] Server list query returned an error: System.Threading.Tasks.TaskCanceledException: The operation was canceled. <- System.TimeoutException: The operation was canceled. <- System.Threading.Tasks.TaskCanceledException: The request was canceled due to the configured HttpClient.Timeout of 30 seconds elapsing.
[ citizen-server-impl] Stopping resource qb-management
[    c-scripting-core] Creating script environments for qb-management
[ citizen-server-impl] Started resource qb-management
[ citizen-server-impl] Stopping resource qb-stashbox
[ citizen-server-impl] Started resource qb-stashbox
[ citizen-server-impl] Stopping resource qb-stashbox
[ citizen-server-impl] Started resource qb-stashbox
[ citizen-server-impl] Server list query returned an error: System.Threading.Tasks.TaskCanceledException: The operation was canceled. <- System.TimeoutException: The operation was canceled. <- System.Threading.Tasks.TaskCanceledException: The request was canceled due to the configured HttpClient.Timeout of 30 seconds elapsing.
[      script:qb-core] [qb-core:LOG] morei PLAYER SAVED!
[ citizen-server-impl] Stopping resource keep-crafting
[    c-scripting-core] Creating script environments for keep-crafting
[ citizen-server-impl] Started resource keep-crafting
[ citizen-server-impl] Stopping resource keep-crafting
[    c-scripting-core] Creating script environments for keep-crafting
[ citizen-server-impl] Started resource keep-crafting
[ citizen-server-impl] Stopping resource keep-crafting
[    c-scripting-core] Creating script environments for keep-crafting
[ citizen-server-impl] Started resource keep-crafting
[ citizen-server-impl] Stopping resource keep-crafting
[    c-scripting-core] Creating script environments for keep-crafting
[ citizen-server-impl] Started resource keep-crafting
[ citizen-server-impl] Server list query returned an error: System.Threading.Tasks.TaskCanceledException: The operation was canceled. <- System.TimeoutException: The operation was canceled. <- System.Threading.Tasks.TaskCanceledException: The request was canceled due to the configured HttpClient.Timeout of 30 seconds elapsing.
[ citizen-server-impl] Stopping resource keep-crafting
[    c-scripting-core] Creating script environments for keep-crafting
[ citizen-server-impl] Started resource keep-crafting
[ citizen-server-impl] Stopping resource keep-crafting
[    c-scripting-core] Creating script environments for keep-crafting
[ citizen-server-impl] Started resource keep-crafting
[38;5;73m[ citizen-server-impl] Stopping resource keep-crafting
[    c-scripting-core] Creating script environments for keep-crafting
[ citizen-server-impl] Started resource keep-crafting
[ citizen-server-impl] Stopping resource keep-crafting
[    c-scripting-core] Creating script environments for keep-crafting
[ citizen-server-impl] Started resource keep-crafting
[ citizen-server-impl] [0mStopping resource keep-crafting
[    c-scripting-core] Creating script environments for keep-crafting
[ citizen-server-impl] Started resource keep-crafting
[      script:qb-core] [qb-core:LOG] morei PLAYER SAVED!
[ citizen-server-impl] Server list query returned an error: System.Threading.Tasks.TaskCanceledException: The operation was canceled. <- System.TimeoutException: The operation was canceled. <- System.Threading.Tasks.TaskCanceledException: The request was canceled due to the configured HttpClient.Timeout of 30 seconds elapsing.
[ citizen-server-impl] Server list query returned an error: System.Threading.Tasks.TaskCanceledException: The operation was canceled. <- System.TimeoutException: The operation was canceled. <- System.Threading.Tasks.TaskCanceledException: The request was canceled due to the configured HttpClient.Timeout of 30 seconds elapsing.
[ citizen-server-impl] Stopping resource keep-crafting
[    c-scripting-core] Creating script environments for keep-crafting
[ citizen-server-impl] Started resource keep-crafting
[ citizen-server-impl] Stopping resource keep-crafting
[    c-scripting-core] Creating script environments for keep-crafting
[ citizen-server-impl] Started resource keep-crafting
[      script:qb-core] [qb-core:LOG] morei PLAYER SAVED!
[ citizen-server-impl] Stopping resource keep-crafting
[    c-scripting-core] Creating script environments for keep-crafting
[ citizen-server-impl] Started resource keep-crafting
[ citizen-server-impl] Server list query returned an error: System.Threading.Tasks.TaskCanceledException: The operation was canceled. <- System.TimeoutException: The operation was canceled. <- System.Threading.Tasks.TaskCanceledException: The request was canceled due to the configured HttpClient.Timeout of 30 seconds elapsing.
[ citizen-server-impl] Server list query returned an error: System.Threading.Tasks.TaskCanceledException: The operation was canceled. <- System.TimeoutException: The operation was canceled. <- System.Threading.Tasks.TaskCanceledException: The request was canceled due to the configured HttpClient.Timeout of 30 seconds elapsing.
[      script:qb-core] [qb-core:LOG] morei PLAYER SAVED!
[ citizen-server-impl] Stopping resource keep-crafting
[    c-scripting-core] Creating script environments for keep-crafting
[ citizen-server-impl] Started resource keep-crafting
[ citizen-server-impl] Stopping resource keep-crafting
[    c-scripting-core] Creating script environments for keep-crafting
[ citizen-server-impl] Started resource keep-crafting
[ citizen-server-impl] Stopping resource keep-crafting
[    c-scripting-core] Creating script environments for keep-crafting
[ citizen-server-impl] Started resource keep-crafting
[ citizen-server-impl] Stopping resource keep-crafting
[    c-scripting-core] Creating script environments for keep-crafting
[ citizen-server-impl] Started resource keep-crafting
[ citizen-server-impl] Stopping resource keep-crafting
[    c-scripting-core] Creating script environments for keep-crafting
[ citizen-server-impl] Started resource keep-crafting
[38;5;73m[ citizen-server-impl] Stopping resource keep-crafting
[    c-scripting-core] Creating script environments for keep-crafting
[ citizen-server-impl] Started resource keep-crafting
[ citizen-server-impl] Stopping resource keep-crafting
[    c-scripting-core] Creating script environments for keep-crafting
[ citizen-server-impl] Started resource keep-crafting
[ citizen-server-impl] Stopping resource keep-crafting
[    c-scripting-core] Creating script environments for keep-crafting
[ citizen-server-impl] Started resource keep-crafting
[ citizen-server-impl] Server list query returned an error: System.Threading.Tasks.TaskCanceledException: The operation was canceled. <- System.TimeoutException: The operation was canceled. <- System.Threading.Tasks.TaskCanceledException: The request was canceled due to the configured HttpClient.Timeout of 30 seconds elapsing.
[ citizen-server-impl] Stopping resource keep-crafting
[    c-scripting-core] Creating script environments for keep-crafting
[ citizen-server-impl] Started resource keep-crafting
[ citizen-server-impl] Stopping resource qb-stashbox
[ citizen-server-impl] Started resource qb-stashbox
[ citizen-server-impl] Stopping resource keep-crafting
[    c-scripting-core] Creating script environments for keep-crafting
[ citizen-server-impl] Started resource keep-crafting
[ citizen-server-impl] Stopping resource keep-crafting
[    c-scripting-core] Creating script environments for keep-crafting
[ citizen-server-impl] Started resource keep-crafting
[ citizen-server-impl] Stopping resource keep-crafting
[    c-scripting-core] Creating script environments for keep-crafting
[ citizen-server-impl] Started resource keep-crafting
[ citizen-server-impl] Stopping resource keep-crafting
[    c-scripting-core] Creating script environments for keep-crafting
[ citizen-server-impl] Started resource keep-crafting
[ citizen-server-impl] Stopping resource keep-crafting
[    c-scripting-core] Creating script environments for keep-crafting
[ citizen-server-impl] Started resource keep-crafting
[ citizen-server-impl] Stopping resource keep-crafting
[    c-scripting-core] Creating script environments for keep-crafting
[ citizen-server-impl] Started resource keep-crafting
[      script:qb-core] [qb-core:LOG] morei PLAYER SAVED!
[ citizen-server-impl] Stopping resource keep-crafting
[    c-scripting-core] Creating script environments for keep-crafting
[ citizen-server-impl] Started resource keep-crafting
[ citizen-server-impl] Stopping resource keep-crafting
[    c-scripting-core] Creating script environments for keep-crafting
[ citizen-server-impl] Started resource keep-crafting
[ citizen-server-impl] Server list query returned an error: System.Threading.Tasks.TaskCanceledException: The operation was canceled. <- System.TimeoutException: The operation was canceled. <- System.Threading.Tasks.TaskCanceledException: The request was canceled due to the configured HttpClient.Timeout of 30 seconds elapsing.
[ citizen-server-impl] Stopping resource keep-crafting
[    c-scripting-core] Creating script environments for keep-crafting
[ citizen-server-impl] Started resource keep-crafting
[38;5;73m[ citizen-server-impl] Stopping resource keep-crafting
[    c-scripting-core] Creating script environments for keep-crafting
[ citizen-server-impl] Started resource keep-crafting
[ citizen-server-impl] Stopping resource keep-crafting
[    c-scripting-core] Creating script environments for keep-crafting
[ citizen-server-impl] Started resource keep-crafting
[ citizen-server-impl] Server list query returned an error: System.Threading.Tasks.TaskCanceledException: The operation was canceled. <- System.TimeoutException: The operation was canceled. <- System.Threading.Tasks.TaskCanceledException: The request was canceled due to the configured HttpClient.Timeout of 30 seconds elapsing.
[ citizen-server-impl] Stopping resource qb-management
[    c-scripting-core] Creating script environments for qb-management
[ citizen-server-impl] Started resource qb-management
[ citizen-server-impl] Stopping resource qb-stashbox
[ citizen-server-impl] Started resource qb-stashbox
[      script:qb-core] [qb-core:LOG] morei PLAYER SAVED!
[ citizen-server-impl] Stopping resource keep-crafting
[    c-scripting-core] Creating script environments for keep-crafting
[ citizen-server-impl] Started resource keep-crafting
[ citizen-server-impl] Server list query returned an error: System.Threading.Tasks.TaskCanceledException: The operation was canceled. <- System.TimeoutException: The operation was canceled. <- System.Threading.Tasks.TaskCanceledException: The request was canceled due to the configured HttpClient.Timeout of 30 seconds elapsing.
[ citizen-server-impl] Server list query returned an error: System.Threading.Tasks.TaskCanceledException: The operation was canceled. <- System.TimeoutException: The operation was canceled. <- System.Threading.Tasks.TaskCanceledException: The request was canceled due to the configured HttpClient.Timeout of 30 seconds elapsing.
[      script:qb-core] [qb-core:LOG] morei PLAYER SAVED!
[ citizen-server-impl] Server list query returned an error: System.Threading.Tasks.TaskCanceledException: The operation was canceled. <- System.TimeoutException: The operation was canceled. <- System.Threading.Tasks.TaskCanceledException: The request was canceled due to the configured HttpClient.Timeout of 30 seconds elapsing.
[      script:qb-core] [qb-core:LOG] morei PLAYER SAVED!
[      script:qb-core] [qb-core:LOG] morei PLAYER SAVED!
[ citizen-server-main] -> Quitting: SIGINT received

================================================================
======== FXServer Starting - 02/09/2022, 14:59:15               
================================================================
[    c-scripting-core] Creating script environments for _cfx_internal
[ citizen-server-impl] Scanning resources.
[ citizen-server-impl] Found 147 resources.
[          svadhesive] Authenticating server license key...
[          svadhesive] Server license key authentication succeeded. Welcome!
[    c-scripting-core] Creating script environments for sessionmanager
[ citizen-server-impl] Started resource sessionmanager
[    c-scripting-core] Creating script environments for monitor
[      script:monitor] [txAdminClient] Version 4.14.0 starting...
[ citizen-server-impl] Started resource monitor
[    c-scripting-core] Creating script environments for mapmanager
[ citizen-server-impl] Started resource mapmanager
[    c-scripting-core] Creating script environments for yarn
[ citizen-server-impl] Started resource yarn
[    c-scripting-core] Creating script environments for webpack
[ citizen-server-impl] Started resource webpack
[    c-scripting-core] Creating script environments for chat
[ citizen-server-impl] Started resource chat
[ citizen-server-impl] Started resource spawnmanager
[   script:mapmanager] Started gametype Freeroam
[ citizen-server-impl] Started resource basic-gamemode
[    c-scripting-core] Creating script environments for hardcap
[38;5;73m[ citizen-server-impl] Started resource hardcap
[    c-scripting-core] Creating script environments for baseevents
[ citizen-server-impl] Started resource baseevents
[    c-scripting-core] Creating script environments for oxmysql
[ citizen-server-impl] Started resource oxmysql
[    c-scripting-core] Creating script environments for qb-core
[ citizen-server-impl] Started resource qb-core
[ citizen-server-impl] Started resource menuv
[    c-scripting-core] Creating script environments for qb-adminmenu
[ citizen-server-impl] Started resource qb-adminmenu
[    c-scripting-core] Creating script environments for qb-ambulancejob
[ citizen-server-impl] Started resource qb-ambulancejob
[ citizen-server-impl] Started resource qb-interior
[    c-scripting-core] Creating script environments for fivem-appearance
[ citizen-server-impl] Started resource fivem-appearance
[    c-scripting-core] Creating script environments for qb-weathersync
[ citizen-server-impl] Started resource qb-weathersync
[    c-scripting-core] Creating script environments for qb-apartments
[ citizen-server-impl] Started resource qb-apartments
[    c-scripting-core] Creating script environments for qb-atms
[ citizen-server-impl] Started resource qb-atms
[    c-scripting-core] Creating script environments for qb-banking
[ citizen-server-impl] Started resource qb-banking
[    c-scripting-core] Creating script environments for PolyZone
[ citizen-server-impl] Started resource PolyZone
[    c-scripting-core] Creating script environments for qb-bankrobbery
[ citizen-server-impl] Started resource qb-bankrobbery
[    c-scripting-core] Creating script environments for qb-busjob
[ citizen-server-impl] Started resource qb-busjob
[    c-scripting-core] Creating script environments for qb-cityhall
[ citizen-server-impl] Started resource qb-cityhall
[38;5;161m[    c-scripting-core] Creating script environments for qb-commandbinding
[ citizen-server-impl] Started resource qb-commandbinding
[ citizen-server-impl] Started resource mhacking
[38;5;161m[    c-scripting-core] Creating script environments for qb-crypto
[38;5;73m[ citizen-server-impl] Started resource qb-crypto
[    c-scripting-core] Creating script environments for qb-customs
[ citizen-server-impl] Started resource qb-customs
[    c-scripting-core] Creating script environments for qb-diving
[ citizen-server-impl] Started resource qb-diving
[    c-scripting-core] Creating script environments for qb-doorlock
[38;5;73m[ citizen-server-impl] Started resource qb-doorlock
[    c-scripting-core] Creating script environments for qb-drugs
[ citizen-server-impl] Started resource qb-drugs
[    c-scripting-core] Creating script environments for qb-fitbit
[ citizen-server-impl] Started resource qb-fitbit
[    c-scripting-core] Creating script environments for qb-garages
[ citizen-server-impl] Started resource qb-garages
[    c-scripting-core] Creating script environments for qb-garbagejob
[ citizen-server-impl] Started resource qb-garbagejob
[    c-scripting-core] Creating script environments for qb-hotdogjob
[ citizen-server-impl] Started resource qb-hotdogjob
[ citizen-server-impl] Started resource qb-lockpick
[38;5;73m[ citizen-server-impl] Started resource qb-skillbar
[    c-scripting-core] Creating script environments for qb-houserobbery
[ citizen-server-impl] Started resource qb-houserobbery
[    c-scripting-core] Creating script environments for qb-houses
[38;5;73m[ citizen-server-impl] Started resource qb-houses
[    c-scripting-core] Creating script environments for qb-idcard
[ citizen-server-impl] Started resource qb-idcard
[ citizen-server-impl] Started resource qb-input
[    c-scripting-core] Creating script environments for qb-jewelery
[38;5;73m[ citizen-server-impl] Started resource qb-jewelery
[ citizen-server-impl] Started resource qb-keyminigame
[    c-scripting-core] Creating script environments for qb-lapraces
[ citizen-server-impl] Started resource qb-lapraces
[ citizen-server-impl] Started resource qb-loading
[38;5;161m[    c-scripting-core] Creating script environments for qb-management
[38;5;73m[ citizen-server-impl] Started resource qb-management
[    c-scripting-core] Creating script environments for qb-mechanicjob
[ citizen-server-impl] Started resource qb-mechanicjob
[ citizen-server-impl] Started resource qb-menu
[38;5;161m[    c-scripting-core] Creating script environments for qb-spawn
[38;5;73m[ citizen-server-impl] Started resource qb-spawn
[    c-scripting-core] Creating script environments for qb-multicharacter
[ citizen-server-impl] Started resource qb-multicharacter
[    c-scripting-core] Creating script environments for qb-newsjob
[ citizen-server-impl] Started resource qb-newsjob
[    c-scripting-core] Creating script environments for qb-pawnshop
[ citizen-server-impl] Started resource qb-pawnshop
[38;5;161m[    c-scripting-core] Creating script environments for qb-phone
[ citizen-server-impl] Started resource qb-phone
[    c-scripting-core] Creating script environments for qb-policejob
[ citizen-server-impl] Started resource qb-policejob
[    c-scripting-core] Creating script environments for qb-prison
[ citizen-server-impl] Started resource qb-prison
[    c-scripting-core] Creating script environments for qb-radialmenu
[ citizen-server-impl] Started resource qb-radialmenu
[    c-scripting-core] Creating script environments for qb-recyclejob
[ citizen-server-impl] Started resource qb-recyclejob
[    c-scripting-core] Creating script environments for qb-rentals
[ citizen-server-impl] Started resource qb-rentals
[    c-scripting-core] Creating script environments for qb-scoreboard
[ citizen-server-impl] Started resource qb-scoreboard
[    c-scripting-core] Creating script environments for qb-scrapyard
[ citizen-server-impl] Started resource qb-scrapyard
[    c-scripting-core] Creating script environments for qb-smallresources
[38;5;73m[ citizen-server-impl] Started resource qb-smallresources
[ citizen-server-impl] Started resource qb-stashbox
[    c-scripting-core] Creating script environments for qb-storerobbery
[ citizen-server-impl] Started resource qb-storerobbery
[    c-scripting-core] Creating script environments for qb-streetraces
[ citizen-server-impl] Started resource qb-streetraces
[ citizen-server-impl] Started resource qb-target
[38;5;161m[    c-scripting-core] Creating script environments for qb-taxijob
[ citizen-server-impl] Started resource qb-taxijob
[    c-scripting-core] Creating script environments for qb-towjob
[38;5;73m[ citizen-server-impl] Started resource qb-towjob
[    c-scripting-core] Creating script environments for qb-traphouse
[ citizen-server-impl] Started resource qb-traphouse
[38;5;161m[    c-scripting-core] Creating script environments for qb-truckerjob
[ citizen-server-impl] Started resource qb-truckerjob
[38;5;161m[    c-scripting-core] Creating script environments for qb-truckrobbery
[ citizen-server-impl] Started resource qb-truckrobbery
[    c-scripting-core] Creating script environments for qb-tunerchip
[ citizen-server-impl] Started resource qb-tunerchip
[    c-scripting-core] Creating script environments for qb-vehiclefailure
[38;5;73m[ citizen-server-impl] Started resource qb-vehiclefailure
[    c-scripting-core] Creating script environments for qb-vehiclekeys
[ citizen-server-impl] Started resource qb-vehiclekeys
[    c-scripting-core] Creating script environments for qb-vehiclesales
[ citizen-server-impl] Started resource qb-vehiclesales
[    c-scripting-core] Creating script environments for qb-vehicleshop
[ citizen-server-impl] Started resource qb-vehicleshop
[    c-scripting-core] Creating script environments for qb-vineyard
[ citizen-server-impl] Started resource qb-vineyard
[    c-scripting-core] Creating script environments for qb-weapons
[ citizen-server-impl] Started resource qb-weapons
[ citizen-server-impl] Asset DLCiplLoader/ks_vwint03_garage_shell.ydr uses 21.0 MiB of physical memory.
[ citizen-server-impl] Started resource DLCiplLoader
[    c-scripting-core] Creating script environments for LegacyFuel
[ citizen-server-impl] Started resource LegacyFuel
[38;5;73m[ citizen-server-impl] Started resource bob74_ipl
[    c-scripting-core] Creating script environments for casino-blackjack
[ citizen-server-impl] Started resource casino-blackjack
[    c-scripting-core] Creating script environments for casino-insidetrack
[38;5;73m[ citizen-server-impl] Started resource casino-insidetrack
[    c-scripting-core] Creating script environments for casino-roulette
[38;5;73m[ citizen-server-impl] Started resource casino-roulette
[    c-scripting-core] Creating script environments for casino-walls
[38;5;73m[ citizen-server-impl] Started resource casino-walls
[ citizen-server-impl] Started resource casinoUi
[    c-scripting-core] Creating script environments for chopshop
[ citizen-server-impl] Started resource chopshop
[    c-scripting-core] Creating script environments for connectqueue
[ script:connectqueue] QUEUE:  [connectqueue] Disabling hardcap 
[ citizen-server-impl] [0mStopping resource hardcap
[38;5;73m[ citizen-server-impl] Started resource connectqueue
[ citizen-server-impl] Started resource devyn-backitems
[    c-scripting-core] Creating script environments for doj-fishing
[ citizen-server-impl] Started resource doj-fishing
[38;5;161m[    c-scripting-core] Creating script environments for doj-marijuana
[ citizen-server-impl] Started resource doj-marijuana
[    c-scripting-core] Creating script environments for dpemotes
[     script:dpemotes] [dp] Sql Keybinding is turned off, if you want to enable /emotebind, import dpkeybinding.sql and set SqlKeybinding = true in config.lua.
[ citizen-server-impl] Started resource dpemotes
[    c-scripting-core] Creating script environments for interact-sound
[ citizen-server-impl] Started resource interact-sound
[    c-scripting-core] Creating script environments for jim-mining
[   script:jim-mining] Jim-Mining v2.1 [0m- Mining Script by Jimathy
[38;5;73m[ citizen-server-impl] Started resource jim-mining
[    c-scripting-core] Creating script environments for jim-shops
[    script:jim-shops] Jim-Shops v1.6 - Shop Script by Jimathy
[38;5;73m[ citizen-server-impl] Started resource jim-shops
[    c-scripting-core] Creating script environments for keep-crafting
[ citizen-server-impl] Started resource keep-crafting
[38;5;73m[ citizen-server-impl] Started resource keep-menu
[    c-scripting-core] Creating script environments for lj-inventory
[ citizen-server-impl] Started resource lj-inventory
[    c-scripting-core] Creating script environments for nc-headbag
[ citizen-server-impl] Started resource nc-headbag
[ citizen-server-impl] Started resource progressbar
[    c-scripting-core] Creating script environments for qb-blackjack
[38;5;73m[ citizen-server-impl] Started resource qb-blackjack
[ citizen-server-impl] Started resource safecracker
[    c-scripting-core] Creating script environments for screenshot-basic
[38;5;73m[ citizen-server-impl] Started resource screenshot-basic
[ citizen-server-impl] Started resource textUi
[    c-scripting-core] Creating script environments for tr-lumberjack
[ citizen-server-impl] Started resource tr-lumberjack
[    c-scripting-core] Creating script environments for pma-voice
[ citizen-server-impl] Started resource pma-voice
[    c-scripting-core] Creating script environments for qb-radio
[ citizen-server-impl] Started resource qb-radio
[ citizen-server-impl] Started resource 365cbb
[ citizen-server-impl] Started resource A1sGroveHouse01
[ citizen-server-impl] [0mStarted resource GamerD4veLegion
[ citizen-server-impl] Started resource Ranch-De-Caniche-main
[ citizen-server-impl] Started resource cityhall
[ citizen-server-impl] Started resource dealer_map
[ citizen-server-impl] Started resource hospital_map
[ citizen-server-impl] [0mStarted resource laundry
[ citizen-server-impl] Started resource pablito_vagos
[ citizen-server-impl] Started resource prison_canteen
[ citizen-server-impl] Asset prison_main/desertos_prison.ytd uses 30.5 MiB of physical memory.
[ citizen-server-impl] Started resource prison_main
[ citizen-server-impl] Started resource prison_meeting
[ citizen-server-impl] Started resource rflx_marabunta
[ citizen-server-impl] Started resource slth_warehouse
[ citizen-server-impl] Started resource verpi_jobcentre
[ citizen-server-impl] Started resource zb_citefamillies
[    c-scripting-core] Creating script environments for ps-buffs
[ citizen-server-impl] Started resource ps-buffs
[    c-scripting-core] Creating script environments for ps-dispatch
[ citizen-server-impl] Started resource ps-dispatch
[    c-scripting-core] Creating script environments for ps-drugprocessing
[ citizen-server-impl] Started resource ps-drugprocessing
[    c-scripting-core] Creating script environments for ps-hud
[ citizen-server-impl] Started resource ps-hud
[    c-scripting-core] Creating script environments for ps-mdt
[38;5;73m[ citizen-server-impl] Started resource ps-mdt
[ citizen-server-impl] Started resource ps-ui
[ citizen-server-impl] Asset logisticas/mule2+hi.ytd uses 100.0 MiB of physical memory. Oversized assets can and WILL lead to streaming issues (models not loading/rendering, commonly known as 'texture loss', 'city bug' or 'streaming isn't great').
[ citizen-server-impl] Asset logisticas/mule2.ytd uses 100.0 MiB of physical memory. Oversized assets can and WILL lead to streaming issues (models not loading/rendering, commonly known as 'texture loss', 'city bug' or 'streaming isn't great').
[ citizen-server-impl] Started resource logisticas
[ citizen-server-impl] Asset taxicarrinha/trans_mbv250+hi.ytd uses 32.0 MiB of physical memory.
[ citizen-server-impl] Asset taxicarrinha/trans_mbv250.ytd uses 32.0 MiB of physical memory.
[ citizen-server-impl] Started resource taxicarrinha
[ citizen-server-impl] Started resource taxituga
[38;5;84m[      script:monitor] [txAdminClient] Threads and commands set up. All Ready.
[   script:mapmanager] Started map fivem-map-skater
[ citizen-server-impl] Started resource fivem-map-skater
[  script:ps-dispatch] Autotheft	true	true
[  script:ps-dispatch] Melee	true	true
[  script:ps-dispatch] PlayerDowned	true	true
[  script:ps-dispatch] Speeding	true	true
[  script:ps-dispatch] Shooting	true	true
[ citizen-server-impl] server thread hitch warning: timer interval of 260 milliseconds
[      script:oxmysql] Database server connection established!
[     script:dpemotes] 
[     script:dpemotes] dp Emotes (dpemotes) is up to date. (173)
[38;5;73m[ citizen-server-impl]         fff                          
[ citizen-server-impl]   cccc ff   xx  xx     rr rr    eee  
[ citizen-server-impl] cc     ffff   xx       rrr  r ee   e 
[ citizen-server-impl] cc     ff     xx   ... rr     eeeee  
[ citizen-server-impl]  ccccc ff   xx  xx ... rr      eeeee 
[ citizen-server-impl]                                      
[ citizen-server-impl] Authenticated with cfx.re Nucleus: https://mmoreira6-9bvv5y.users.cfx.re/
[ script:connectqueue] QUEUE: [97mmorei[license:b82c8958522106057996aec4f2d6e066e8e5ebad] está 1/1 na fila
[ script:connectqueue] QUEUE: morei[license:b82c8958522106057996aec4f2d6e066e8e5ebad] is loading into the server
[ citizen-server-impl] Server list query returned an error: System.Threading.Tasks.TaskCanceledException: The operation was canceled. <- System.TimeoutException: The operation was canceled. <- System.Threading.Tasks.TaskCanceledException: The request was canceled due to the configured HttpClient.Timeout of 30 seconds elapsing.
[      script:qb-core] [qb-core:LOG] morei PLAYER SAVED!
[script:qb-multichara] [qb-core] morei (Citizen ID: DYX88959) has succesfully loaded!
[      script:qb-core] [qb-core:LOG] morei PLAYER SAVED!
[ citizen-server-impl] Server list query returned an error: System.Threading.Tasks.TaskCanceledException: The operation was canceled. <- System.TimeoutException: The operation was canceled. <- System.Threading.Tasks.TaskCanceledException: The request was canceled due to the configured HttpClient.Timeout of 30 seconds elapsing.
[ citizen-server-impl] Server list query returned an error: System.Threading.Tasks.TaskCanceledException: The operation was canceled. <- System.TimeoutException: The operation was canceled. <- System.Threading.Tasks.TaskCanceledException: The request was canceled due to the configured HttpClient.Timeout of 30 seconds elapsing.
[      script:qb-core] [qb-core:LOG] morei PLAYER SAVED!
[ citizen-server-impl] Server list query returned an error: System.Threading.Tasks.TaskCanceledException: The operation was canceled. <- System.TimeoutException: The operation was canceled. <- System.Threading.Tasks.TaskCanceledException: The request was canceled due to the configured HttpClient.Timeout of 30 seconds elapsing.
[      script:qb-core] [qb-core:LOG] morei PLAYER SAVED!
[ citizen-server-impl] Server list query returned an error: System.Threading.Tasks.TaskCanceledException: The operation was canceled. <- System.TimeoutException: The operation was canceled. <- System.Threading.Tasks.TaskCanceledException: The request was canceled due to the configured HttpClient.Timeout of 30 seconds elapsing.
[ citizen-server-impl] Server list query returned an error: System.Threading.Tasks.TaskCanceledException: The operation was canceled. <- System.TimeoutException: The operation was canceled. <- System.Threading.Tasks.TaskCanceledException: The request was canceled due to the configured HttpClient.Timeout of 30 seconds elapsing.
[      script:qb-core] [qb-core:LOG] morei PLAYER SAVED!
[ citizen-server-impl] Server list query returned an error: System.Threading.Tasks.TaskCanceledException: The operation was canceled. <- System.TimeoutException: The operation was canceled. <- System.Threading.Tasks.TaskCanceledException: The request was canceled due to the configured HttpClient.Timeout of 30 seconds elapsing.
[ citizen-server-impl] Server list query returned an error: System.Threading.Tasks.TaskCanceledException: The operation was canceled. <- System.TimeoutException: The operation was canceled. <- System.Threading.Tasks.TaskCanceledException: The request was canceled due to the configured HttpClient.Timeout of 30 seconds elapsing.
[      script:qb-core] [qb-core:LOG] morei PLAYER SAVED!
[ citizen-server-impl] [0mServer list query returned an error: System.Threading.Tasks.TaskCanceledException: The operation was canceled. <- System.TimeoutException: The operation was canceled. <- System.Threading.Tasks.TaskCanceledException: The request was canceled due to the configured HttpClient.Timeout of 30 seconds elapsing.
[      script:qb-core] [qb-core:LOG] morei PLAYER SAVED!
[ citizen-server-impl] Server list query returned an error: System.Threading.Tasks.TaskCanceledException: The operation was canceled. <- System.TimeoutException: The operation was canceled. <- System.Threading.Tasks.TaskCanceledException: The request was canceled due to the configured HttpClient.Timeout of 30 seconds elapsing.
[ citizen-server-impl] Server list query returned an error: System.Threading.Tasks.TaskCanceledException: The operation was canceled. <- System.TimeoutException: The operation was canceled. <- System.Threading.Tasks.TaskCanceledException: The request was canceled due to the configured HttpClient.Timeout of 30 seconds elapsing.
[      script:qb-core] [qb-core:LOG] morei PLAYER SAVED!
[ citizen-server-impl] Server list query returned an error: System.Threading.Tasks.TaskCanceledException: The operation was canceled. <- System.TimeoutException: The operation was canceled. <- System.Threading.Tasks.TaskCanceledException: The request was canceled due to the configured HttpClient.Timeout of 30 seconds elapsing.
[38;5;73m[ citizen-server-impl] Server list query returned an error: System.Threading.Tasks.TaskCanceledException: The operation was canceled. <- System.TimeoutException: The operation was canceled. <- System.Threading.Tasks.TaskCanceledException: The request was canceled due to the configured HttpClient.Timeout of 30 seconds elapsing.
[      script:qb-core] [qb-core:LOG] morei PLAYER SAVED!
[ citizen-server-impl] Server list query returned an error: System.Threading.Tasks.TaskCanceledException: The operation was canceled. <- System.TimeoutException: The operation was canceled. <- System.Threading.Tasks.TaskCanceledException: The request was canceled due to the configured HttpClient.Timeout of 30 seconds elapsing.
[      script:qb-core] [qb-core:LOG] morei PLAYER SAVED!
[ citizen-server-main] -> Quitting: SIGHUP received
