
================================================================
======== txAdmin Starting - 17/08/2022, 19:24:36                
================================================================

================================================================
======== Log Rotated - 17/08/2022, 19:24:36                     
================================================================
[19:25:00] txAdmin: Logger started
[19:26:57] [KfUaY#1] morei: joined with identifiers [license:b82c8958522106057996aec4f2d6e066e8e5ebad; xbl:2535424126043824; live:1759222484594985; discord:367108967010402314; fivem:6962974; license2:b82c8958522106057996aec4f2d6e066e8e5ebad]
[19:27:59] [KfUaY#1] morei: said "/-crafting_menu"
[19:27:59] [KfUaY#1] morei: said "/-crafting_menu"
[19:29:18] [KfUaY#1] morei: said "/-crafting_menu"
[19:33:26] [KfUaY#1] morei: said "/-crafting_menu"
[19:33:26] [KfUaY#1] morei: said "/-crafting_menu"
[19:33:26] [KfUaY#1] morei: said "/-crafting_menu"
[19:36:42] [KfUaY#1] morei: disconnected (Exiting)

================================================================
======== txAdmin Starting - 17/08/2022, 19:39:37                
================================================================
[19:39:43] txAdmin: Logger started
[19:40:32] [RE8n4#1] morei: joined with identifiers [license:b82c8958522106057996aec4f2d6e066e8e5ebad; xbl:2535424126043824; live:1759222484594985; discord:367108967010402314; fivem:6962974; license2:b82c8958522106057996aec4f2d6e066e8e5ebad]
[19:44:49] [RE8n4#1] morei: disconnected (Exiting)
