
================================================================
======== txAdmin Starting - 24/08/2022, 16:26:05                
================================================================

================================================================
======== Log Rotated - 24/08/2022, 16:26:05                     
================================================================
[16:26:20] txAdmin: Logger started
[16:27:33] [ccqfh#1] morei: joined with identifiers [license:b82c8958522106057996aec4f2d6e066e8e5ebad; xbl:2535424126043824; live:1759222484594985; discord:367108967010402314; fivem:6962974; license2:b82c8958522106057996aec4f2d6e066e8e5ebad]
[16:31:02] [ccqfh#1] morei: said "/-crafting_menu"
[16:31:12] [ccqfh#1] morei: said "/-crafting_menu"
[16:31:15] [ccqfh#1] morei: said "/-crafting_menu"
[16:31:16] [ccqfh#1] morei: said "/-crafting_menu"
[16:31:23] [ccqfh#1] morei: said "/-crafting_menu"
[16:31:29] [ccqfh#1] morei: said "/-crafting_menu"
[16:31:33] [ccqfh#1] morei: said "/-crafting_menu"
[16:31:41] [ccqfh#1] morei: said "/-crafting_menu"
[16:34:33] [ccqfh#1] morei: said "/-crafting_menu"
[16:34:35] [ccqfh#1] morei: said "/-crafting_menu"
[16:34:38] [ccqfh#1] morei: said "/-crafting_menu"
[16:34:38] [ccqfh#1] morei: said "/-crafting_menu"
[16:35:10] [ccqfh#1] morei: disconnected (Exiting)

================================================================
======== txAdmin Starting - 24/08/2022, 16:35:57                
================================================================
[16:36:10] txAdmin: Logger started
