
================================================================
======== txAdmin Starting - 28/07/2022, 00:05:32                
================================================================

================================================================
======== Log Rotated - 28/07/2022, 00:05:33                     
================================================================
[00:05:38] txAdmin: Logger started
[00:07:07] [U9eUx#1] morei: joined with identifiers [license:b82c8958522106057996aec4f2d6e066e8e5ebad; xbl:2535424126043824; live:1759222484594985; discord:367108967010402314; fivem:6962974; license2:b82c8958522106057996aec4f2d6e066e8e5ebad]
[00:07:57] [U9eUx#1] morei: said "/-crafting_menu"
[00:07:59] [U9eUx#1] morei: said "/-crafting_menu"
[00:11:14] [U9eUx#1] morei: said "/-crafting_menu"
[00:11:14] [U9eUx#1] morei: said "/-crafting_menu"
[00:11:14] [U9eUx#1] morei: said "/-crafting_menu"
[00:11:15] [U9eUx#1] morei: said "/-crafting_menu"
[00:11:15] [U9eUx#1] morei: said "/-crafting_menu"
[00:11:15] [U9eUx#1] morei: said "/-crafting_menu"
[00:11:17] [U9eUx#1] morei: said "/-crafting_menu"
[00:11:18] [U9eUx#1] morei: said "/-crafting_menu"
[00:11:26] [U9eUx#1] morei: said "/-crafting_menu"
[00:11:26] [U9eUx#1] morei: said "/-crafting_menu"
[00:11:26] [U9eUx#1] morei: said "/-crafting_menu"
[00:11:28] [U9eUx#1] morei: said "/-crafting_menu"
[00:11:28] [U9eUx#1] morei: said "/-crafting_menu"
[00:11:28] [U9eUx#1] morei: said "/-crafting_menu"
[00:11:49] [U9eUx#1] morei: said "/-crafting_menu"
[00:11:50] [U9eUx#1] morei: said "/-crafting_menu"
[00:11:50] [U9eUx#1] morei: said "/-crafting_menu"
[00:11:50] [U9eUx#1] morei: said "/-crafting_menu"
[00:11:50] [U9eUx#1] morei: said "/-crafting_menu"
[00:11:51] [U9eUx#1] morei: said "/-crafting_menu"
[00:11:51] [U9eUx#1] morei: said "/-crafting_menu"
[00:11:51] [U9eUx#1] morei: said "/-crafting_menu"
[00:11:52] [U9eUx#1] morei: said "/-crafting_menu"
[00:11:52] [U9eUx#1] morei: said "/-crafting_menu"
[00:11:52] [U9eUx#1] morei: said "/-crafting_menu"
[00:12:27] [U9eUx#1] morei: said "/-crafting_menu"
[00:12:51] [U9eUx#1] morei: said "/-crafting_menu"
[00:14:40] [U9eUx#1] morei: disconnected (Exiting)
