
================================================================
======== txAdmin Starting - 22/07/2022, 19:31:30                
================================================================

================================================================
======== Log Rotated - 22/07/2022, 19:31:31                     
================================================================

================================================================
======== txAdmin Starting - 22/07/2022, 19:32:05                
================================================================
[19:32:21] txAdmin: Logger started
[19:32:39] [h7aHC#1] morei: joined with identifiers [license:b82c8958522106057996aec4f2d6e066e8e5ebad; xbl:2535424126043824; live:1759222484594985; discord:367108967010402314; fivem:6962974; license2:b82c8958522106057996aec4f2d6e066e8e5ebad]
[19:40:26] [h7aHC#1] morei: disconnected (Server shutting down: SIGHUP received)

================================================================
======== txAdmin Starting - 22/07/2022, 19:40:33                
================================================================
[19:40:39] txAdmin: Logger started
[19:41:07] [e8g3m#1] morei: joined with identifiers [license:b82c8958522106057996aec4f2d6e066e8e5ebad; xbl:2535424126043824; live:1759222484594985; discord:367108967010402314; fivem:6962974; license2:b82c8958522106057996aec4f2d6e066e8e5ebad]
[19:47:05] [e8g3m#1] morei: said "/dbv"
[19:53:44] [e8g3m#1] morei: disconnected (Exiting)

================================================================
======== txAdmin Starting - 22/07/2022, 20:05:41                
================================================================
[20:05:47] txAdmin: Logger started
[20:06:13] [MaByx#1] morei: joined with identifiers [license:b82c8958522106057996aec4f2d6e066e8e5ebad; xbl:2535424126043824; live:1759222484594985; discord:367108967010402314; fivem:6962974; license2:b82c8958522106057996aec4f2d6e066e8e5ebad]
[20:08:29] [MaByx#1] morei: said "/-engine"
[20:10:11] [MaByx#1] morei: disconnected (Exiting)

================================================================
======== txAdmin Starting - 22/07/2022, 20:21:29                
================================================================
[20:21:36] txAdmin: Logger started
[20:22:10] [FAFKK#1] morei: joined with identifiers [license:b82c8958522106057996aec4f2d6e066e8e5ebad; xbl:2535424126043824; live:1759222484594985; discord:367108967010402314; fivem:6962974; license2:b82c8958522106057996aec4f2d6e066e8e5ebad]
[20:30:29] [FAFKK#1] morei: disconnected (Exiting)
