
================================================================
======== txAdmin Starting - 25/07/2022, 13:42:44                
================================================================

================================================================
======== Log Rotated - 25/07/2022, 13:42:45                     
================================================================
[13:43:24] txAdmin: Logger started

================================================================
======== txAdmin Starting - 25/07/2022, 13:43:35                
================================================================
[13:43:50] txAdmin: Logger started
[13:44:13] [eTM76#1] morei: joined with identifiers [license:b82c8958522106057996aec4f2d6e066e8e5ebad; xbl:2535424126043824; live:1759222484594985; discord:367108967010402314; fivem:6962974; license2:b82c8958522106057996aec4f2d6e066e8e5ebad]
[14:26:15] [eTM76#1] morei: disconnected (Exiting)

================================================================
======== txAdmin Starting - 25/07/2022, 15:26:28                
================================================================
[15:26:36] txAdmin: Logger started
[15:27:04] [WQrYd#1] morei: joined with identifiers [license:b82c8958522106057996aec4f2d6e066e8e5ebad; xbl:2535424126043824; live:1759222484594985; discord:367108967010402314; fivem:6962974; license2:b82c8958522106057996aec4f2d6e066e8e5ebad]
[15:39:38] [WQrYd#1] morei: died from suicide (Falling)
[15:40:44] [WQrYd#1] morei: disconnected (Exiting)

================================================================
======== txAdmin Starting - 25/07/2022, 15:43:52                
================================================================
[15:43:57] txAdmin: Logger started

================================================================
======== txAdmin Starting - 25/07/2022, 18:55:57                
================================================================
[18:56:02] txAdmin: Logger started
[18:56:29] [GfXYW#1] morei: joined with identifiers [license:b82c8958522106057996aec4f2d6e066e8e5ebad; xbl:2535424126043824; live:1759222484594985; discord:367108967010402314; fivem:6962974; license2:b82c8958522106057996aec4f2d6e066e8e5ebad]
[19:09:47] [GfXYW#1] morei: disconnected (Exiting)

================================================================
======== txAdmin Starting - 25/07/2022, 19:12:46                
================================================================
[19:12:52] txAdmin: Logger started
[19:13:19] [84HBt#1] morei: joined with identifiers [license:b82c8958522106057996aec4f2d6e066e8e5ebad; xbl:2535424126043824; live:1759222484594985; discord:367108967010402314; fivem:6962974; license2:b82c8958522106057996aec4f2d6e066e8e5ebad]
[19:22:45] [84HBt#1] morei: disconnected (Exiting)

================================================================
======== txAdmin Starting - 25/07/2022, 19:28:28                
================================================================
[19:28:34] txAdmin: Logger started
[19:29:06] [7ddW8#1] morei: joined with identifiers [license:b82c8958522106057996aec4f2d6e066e8e5ebad; xbl:2535424126043824; live:1759222484594985; discord:367108967010402314; fivem:6962974; license2:b82c8958522106057996aec4f2d6e066e8e5ebad]
[19:43:59] [7ddW8#1] morei: disconnected (Exiting)

================================================================
======== txAdmin Starting - 25/07/2022, 19:44:04                
================================================================
[19:44:11] txAdmin: Logger started
[19:45:03] [beFMB#1] morei: joined with identifiers [license:b82c8958522106057996aec4f2d6e066e8e5ebad; xbl:2535424126043824; live:1759222484594985; discord:367108967010402314; fivem:6962974; license2:b82c8958522106057996aec4f2d6e066e8e5ebad]
[19:46:10] [beFMB#1] morei: died from suicide (Falling)
[19:46:21] [beFMB#1] morei: disconnected (Exiting)

================================================================
======== txAdmin Starting - 25/07/2022, 19:46:34                
================================================================
[19:46:39] txAdmin: Logger started
