
================================================================
======== txAdmin Starting - 29/07/2022, 01:18:52                
================================================================

================================================================
======== Log Rotated - 29/07/2022, 01:18:53                     
================================================================
[01:19:15] txAdmin: Logger started
[01:20:01] [jYFmN#1] morei: joined with identifiers [license:b82c8958522106057996aec4f2d6e066e8e5ebad; xbl:2535424126043824; live:1759222484594985; discord:367108967010402314; fivem:6962974; license2:b82c8958522106057996aec4f2d6e066e8e5ebad]
[01:51:12] [jYFmN#1] morei: died from suicide (Falling)
[01:55:45] [jYFmN#1] morei: said "/-crafting_menu"
[01:58:09] [jYFmN#1] morei: said "/sit"
[02:28:31] [jYFmN#1] morei: said "/spawn sultan"
[02:29:07] [jYFmN#1] morei: said "/-crafting_menu"
[02:29:08] [jYFmN#1] morei: said "/-engine"
[02:29:08] [jYFmN#1] morei: said "/-crafting_menu"
[02:30:53] [jYFmN#1] morei: said "/-engine"
[02:30:55] [jYFmN#1] morei: said "/-crafting_menu"
[02:32:56] [jYFmN#1] morei: disconnected (Exiting)

================================================================
======== txAdmin Starting - 29/07/2022, 02:36:33                
================================================================
[02:37:00] txAdmin: Logger started
[02:37:23] [ADdBg#1] morei: joined with identifiers [license:b82c8958522106057996aec4f2d6e066e8e5ebad; xbl:2535424126043824; live:1759222484594985; discord:367108967010402314; fivem:6962974; license2:b82c8958522106057996aec4f2d6e066e8e5ebad]
[02:38:03] [ADdBg#1] morei: said "/-crafting_menu"
[02:38:03] [ADdBg#1] morei: said "/-crafting_menu"
[02:40:48] [ADdBg#1] morei: said "/-crafting_menu"
[02:40:48] [ADdBg#1] morei: said "/-crafting_menu"
[02:40:49] [ADdBg#1] morei: said "/-crafting_menu"
[02:40:49] [ADdBg#1] morei: said "/-crafting_menu"
[02:40:50] [ADdBg#1] morei: said "/-crafting_menu"
[02:40:50] [ADdBg#1] morei: said "/-crafting_menu"
[02:40:50] [ADdBg#1] morei: said "/-crafting_menu"
[02:40:50] [ADdBg#1] morei: said "/-crafting_menu"
[02:46:13] [ADdBg#1] morei: said "~´"
[02:49:40] [ADdBg#1] morei: disconnected (Exiting)

================================================================
======== txAdmin Starting - 29/07/2022, 22:33:54                
================================================================
[22:34:16] txAdmin: Logger started

================================================================
======== txAdmin Starting - 29/07/2022, 22:38:27                
================================================================
[22:38:33] txAdmin: Logger started

================================================================
======== txAdmin Starting - 29/07/2022, 22:39:49                
================================================================
[22:39:54] txAdmin: Logger started
[22:41:10] [LQcJd#1] morei: joined with identifiers [license:b82c8958522106057996aec4f2d6e066e8e5ebad; xbl:2535424126043824; live:1759222484594985; discord:367108967010402314; fivem:6962974; license2:b82c8958522106057996aec4f2d6e066e8e5ebad]
[22:44:33] [LQcJd#1] morei: disconnected (Exiting)

================================================================
======== txAdmin Starting - 29/07/2022, 22:46:27                
================================================================
[22:46:32] txAdmin: Logger started

================================================================
======== txAdmin Starting - 29/07/2022, 22:47:59                
================================================================
[22:48:05] txAdmin: Logger started
[22:48:31] [9f9mD#1] morei: joined with identifiers [license:b82c8958522106057996aec4f2d6e066e8e5ebad; xbl:2535424126043824; live:1759222484594985; discord:367108967010402314; fivem:6962974; license2:b82c8958522106057996aec4f2d6e066e8e5ebad]
[22:53:51] [9f9mD#1] morei: said "/-crafting_menu"
[22:53:59] [9f9mD#1] morei: said "/-crafting_menu"
[22:54:37] [9f9mD#1] morei: said "/-crafting_menu"
[22:55:59] [9f9mD#1] morei: said "/-crafting_menu"
[22:55:59] [9f9mD#1] morei: said "/-crafting_menu"
[22:56:01] [9f9mD#1] morei: said "/-crafting_menu"
[22:56:01] [9f9mD#1] morei: said "/-crafting_menu"
[22:56:01] [9f9mD#1] morei: said "/-crafting_menu"
[22:56:02] [9f9mD#1] morei: said "/-crafting_menu"
[22:56:02] [9f9mD#1] morei: said "/-crafting_menu"
[22:56:02] [9f9mD#1] morei: said "/-crafting_menu"
[22:56:03] [9f9mD#1] morei: said "/-crafting_menu"
[22:57:19] [9f9mD#1] morei: said "/-crafting_menu"
[22:58:30] [9f9mD#1] morei: disconnected (Exiting)
