
================================================================
======== txAdmin Starting - 01/09/2022, 16:34:33                
================================================================

================================================================
======== Log Rotated - 01/09/2022, 16:34:34                     
================================================================
[16:34:59] txAdmin: Logger started

================================================================
======== txAdmin Starting - 01/09/2022, 16:35:10                
================================================================
[16:35:16] txAdmin: Logger started
[16:36:02] [96raC#1] morei: joined with identifiers [license:b82c8958522106057996aec4f2d6e066e8e5ebad; xbl:2535424126043824; live:1759222484594985; discord:367108967010402314; fivem:6962974; license2:b82c8958522106057996aec4f2d6e066e8e5ebad]
[16:37:34] [96raC#1] morei: disconnected (You Have Been Kicked For Exploitation)
[16:38:33] [96raC#2] morei: joined with identifiers [license:b82c8958522106057996aec4f2d6e066e8e5ebad; xbl:2535424126043824; live:1759222484594985; discord:367108967010402314; fivem:6962974; license2:b82c8958522106057996aec4f2d6e066e8e5ebad]
[16:42:16] [96raC#2] morei: said "/-crafting_menu"
[16:42:18] [96raC#2] morei: said "/-crafting_menu"

================================================================
======== txAdmin Starting - 01/09/2022, 16:45:51                
================================================================
[16:46:05] txAdmin: Logger started
[16:46:25] [z4FLF#1] morei: joined with identifiers [license:b82c8958522106057996aec4f2d6e066e8e5ebad; xbl:2535424126043824; live:1759222484594985; discord:367108967010402314; fivem:6962974; license2:b82c8958522106057996aec4f2d6e066e8e5ebad]

================================================================
======== txAdmin Starting - 01/09/2022, 16:53:58                
================================================================
[16:54:04] txAdmin: Logger started
[16:54:31] [D9gj7#1] morei: joined with identifiers [license:b82c8958522106057996aec4f2d6e066e8e5ebad; xbl:2535424126043824; live:1759222484594985; discord:367108967010402314; fivem:6962974; license2:b82c8958522106057996aec4f2d6e066e8e5ebad]
[16:55:18] [D9gj7#1] morei: disconnected (Server shutting down: SIGHUP received)

================================================================
======== txAdmin Starting - 01/09/2022, 16:58:47                
================================================================
[16:58:54] txAdmin: Logger started
[16:59:21] [mgcJe#1] morei: joined with identifiers [license:b82c8958522106057996aec4f2d6e066e8e5ebad; xbl:2535424126043824; live:1759222484594985; discord:367108967010402314; fivem:6962974; license2:b82c8958522106057996aec4f2d6e066e8e5ebad]

================================================================
======== txAdmin Starting - 01/09/2022, 17:03:12                
================================================================
[17:03:22] txAdmin: Logger started
[17:03:46] [cBrLY#1] morei: joined with identifiers [license:b82c8958522106057996aec4f2d6e066e8e5ebad; xbl:2535424126043824; live:1759222484594985; discord:367108967010402314; fivem:6962974; license2:b82c8958522106057996aec4f2d6e066e8e5ebad]

================================================================
======== txAdmin Starting - 01/09/2022, 17:07:21                
================================================================
[17:07:28] txAdmin: Logger started
[17:07:55] [MiRUz#1] morei: joined with identifiers [license:b82c8958522106057996aec4f2d6e066e8e5ebad; xbl:2535424126043824; live:1759222484594985; discord:367108967010402314; fivem:6962974; license2:b82c8958522106057996aec4f2d6e066e8e5ebad]
[17:09:01] [MiRUz#1] morei: disconnected (Server shutting down: SIGHUP received)

================================================================
======== txAdmin Starting - 01/09/2022, 17:10:34                
================================================================
[17:10:39] txAdmin: Logger started

================================================================
======== txAdmin Starting - 01/09/2022, 17:11:13                
================================================================
[17:11:19] txAdmin: Logger started
[17:12:37] [QAXpB#1] morei: joined with identifiers [license:b82c8958522106057996aec4f2d6e066e8e5ebad; xbl:2535424126043824; live:1759222484594985; discord:367108967010402314; fivem:6962974; license2:b82c8958522106057996aec4f2d6e066e8e5ebad]
[17:21:17] [QAXpB#1] morei: said "/-crafting_menu"
[17:23:01] [QAXpB#1] morei: said "/-crafting_menu"
[17:23:40] [QAXpB#1] morei: disconnected (Exiting)
