
================================================================
======== txAdmin Starting - 09/09/2022, 00:12:54                
================================================================

================================================================
======== Log Rotated - 09/09/2022, 00:12:54                     
================================================================
[00:13:18] txAdmin: Logger started
[00:14:49] [ekP3w#1] morei: joined with identifiers [license:b82c8958522106057996aec4f2d6e066e8e5ebad; xbl:2535424126043824; live:1759222484594985; discord:367108967010402314; fivem:6962974; license2:b82c8958522106057996aec4f2d6e066e8e5ebad]
[00:18:09] [ekP3w#1] morei: said "/-crafting_menu"
[00:18:09] [ekP3w#1] morei: said "/-crafting_menu"
[00:18:09] [ekP3w#1] morei: said "/-crafting_menu"
[00:18:13] [ekP3w#1] morei: said "/-crafting_menu"
[00:18:17] [ekP3w#1] morei: said "/-crafting_menu"
[00:18:18] [ekP3w#1] morei: said "/-crafting_menu"
[00:18:23] [ekP3w#1] morei: said "/-crafting_menu"
[00:18:23] [ekP3w#1] morei: said "/-crafting_menu"
[00:18:23] [ekP3w#1] morei: said "/-crafting_menu"
[00:18:24] [ekP3w#1] morei: said "/-crafting_menu"
[00:18:24] [ekP3w#1] morei: said "/-crafting_menu"
[00:18:24] [ekP3w#1] morei: said "/-crafting_menu"
[00:18:25] [ekP3w#1] morei: said "/-crafting_menu"
[00:18:46] [ekP3w#1] morei: said "/stancer"
[00:19:07] [ekP3w#1] morei: said "/-crafting_menu"
[00:20:36] [ekP3w#1] morei: said "/-crafting_menu"
[00:20:36] [ekP3w#1] morei: said "/-crafting_menu"
[00:21:56] [ekP3w#1] morei: said "/-crafting_menu"
[00:22:31] [ekP3w#1] morei: said "/-crafting_menu"
[00:22:34] [ekP3w#1] morei: said "/-crafting_menu"
[00:22:39] [ekP3w#1] morei: said "/-crafting_menu"
[00:22:42] [ekP3w#1] morei: said "/-crafting_menu"
[00:22:46] [ekP3w#1] morei: said "/-crafting_menu"
[00:22:52] [ekP3w#1] morei: said "/-crafting_menu"
[00:22:53] [ekP3w#1] morei: said "/-crafting_menu"
[00:23:32] [ekP3w#1] morei: said "/-crafting_menu"
[00:23:37] [ekP3w#1] morei: said "/-crafting_menu"
[00:24:24] [ekP3w#1] morei: said "/-crafting_menu"
[00:24:35] [ekP3w#1] morei: said "/-crafting_menu"
[00:24:36] [ekP3w#1] morei: said "/-crafting_menu"
[00:24:42] [ekP3w#1] morei: said "/-crafting_menu"
[00:24:42] [ekP3w#1] morei: said "/-crafting_menu"
[00:25:01] [ekP3w#1] morei: said "/-crafting_menu"
[00:25:14] [ekP3w#1] morei: said "/-crafting_menu"
[00:25:22] [ekP3w#1] morei: said "/-crafting_menu"
[00:26:43] [ekP3w#1] morei: disconnected (Exiting)

================================================================
======== txAdmin Starting - 09/09/2022, 00:28:50                
================================================================
[00:29:10] txAdmin: Logger started

================================================================
======== txAdmin Starting - 09/09/2022, 00:29:52                
================================================================
[00:29:59] txAdmin: Logger started
[00:30:25] [Ke4ej#1] morei: joined with identifiers [license:b82c8958522106057996aec4f2d6e066e8e5ebad; xbl:2535424126043824; live:1759222484594985; discord:367108967010402314; fivem:6962974; license2:b82c8958522106057996aec4f2d6e066e8e5ebad]
[00:31:36] [Ke4ej#1] morei: said "/-crafting_menu"
[00:31:37] [Ke4ej#1] morei: said "/-crafting_menu"
[00:31:54] [Ke4ej#1] morei: said "/-crafting_menu"
[00:31:55] [Ke4ej#1] morei: said "/-crafting_menu"
[00:31:55] [Ke4ej#1] morei: said "/-crafting_menu"
[00:31:57] [Ke4ej#1] morei: said "/duty"
[00:32:08] [Ke4ej#1] morei: said "/-crafting_menu"
[00:32:58] [Ke4ej#1] morei: said "/benny"
[00:36:32] [Ke4ej#1] morei: said "/-crafting_menu"
[00:36:37] [Ke4ej#1] morei: said "/-crafting_menu"
[00:36:37] [Ke4ej#1] morei: said "/-crafting_menu"
[00:36:37] [Ke4ej#1] morei: said "/-crafting_menu"
[00:37:46] [Ke4ej#1] morei: disconnected (Exiting)

================================================================
======== txAdmin Starting - 09/09/2022, 00:45:26                
================================================================
[00:45:43] txAdmin: Logger started
[00:46:01] [W6HK7#1] morei: joined with identifiers [license:b82c8958522106057996aec4f2d6e066e8e5ebad; xbl:2535424126043824; live:1759222484594985; discord:367108967010402314; fivem:6962974; license2:b82c8958522106057996aec4f2d6e066e8e5ebad]
[00:47:18] [W6HK7#1] morei: said "/-crafting_menu"
[00:47:23] [W6HK7#1] morei: said "/-crafting_menu"
[00:47:40] [W6HK7#1] morei: said "/-crafting_menu"
[00:50:32] [W6HK7#1] morei: said "/stancer"
[00:54:02] [W6HK7#1] morei: said "/stancer"
[00:54:45] [W6HK7#1] morei: said "/STANCER´~"
[00:54:48] [W6HK7#1] morei: said "/stancer"
[00:54:59] [W6HK7#1] morei: said "/stancer"
[00:58:18] [W6HK7#1] morei: said "/stancer"
[01:01:22] [W6HK7#1] morei: said "/-crafting_menu"
[01:03:01] [W6HK7#1] morei: died from suicide (Falling)
[01:04:00] [W6HK7#1] morei: said "/-crafting_menu"
[01:04:40] [W6HK7#1] morei: said "/-crafting_menu"
[01:04:41] [W6HK7#1] morei: said "/-crafting_menu"
[01:04:42] [W6HK7#1] morei: said "/-crafting_menu"
[01:04:44] [W6HK7#1] morei: said "/-crafting_menu"
[01:04:44] [W6HK7#1] morei: said "/-crafting_menu"
[01:04:47] [W6HK7#1] morei: said "/-crafting_menu"
[01:04:49] [W6HK7#1] morei: said "/-crafting_menu"
[01:07:24] [W6HK7#1] morei: disconnected (Exiting)

================================================================
======== txAdmin Starting - 09/09/2022, 01:10:05                
================================================================
[01:10:23] txAdmin: Logger started
[01:11:01] [M6hLJ#1] morei: joined with identifiers [license:b82c8958522106057996aec4f2d6e066e8e5ebad; xbl:2535424126043824; live:1759222484594985; discord:367108967010402314; fivem:6962974; license2:b82c8958522106057996aec4f2d6e066e8e5ebad]
[01:11:54] [M6hLJ#1] morei: said "/logout"
[01:11:56] [M6hLJ#1] morei: disconnected (Exiting)

================================================================
======== txAdmin Starting - 09/09/2022, 01:16:43                
================================================================
[01:16:51] txAdmin: Logger started
[01:17:25] [A798p#1] morei: joined with identifiers [license:b82c8958522106057996aec4f2d6e066e8e5ebad; xbl:2535424126043824; live:1759222484594985; discord:367108967010402314; fivem:6962974; license2:b82c8958522106057996aec4f2d6e066e8e5ebad]
[01:20:58] [A798p#1] morei: said "/-crafting_menu"
[01:20:58] [A798p#1] morei: said "/-crafting_menu"
[01:20:58] [A798p#1] morei: said "/-crafting_menu"
[01:20:59] [A798p#1] morei: said "/-crafting_menu"
[01:21:55] [A798p#1] morei: disconnected (Exiting)

================================================================
======== txAdmin Starting - 09/09/2022, 01:54:43                
================================================================
[01:54:51] txAdmin: Logger started
[01:55:23] [8UVnk#1] morei: joined with identifiers [license:b82c8958522106057996aec4f2d6e066e8e5ebad; xbl:2535424126043824; live:1759222484594985; discord:367108967010402314; fivem:6962974; license2:b82c8958522106057996aec4f2d6e066e8e5ebad]
[01:56:59] [8UVnk#1] morei: disconnected (Exiting)

================================================================
======== txAdmin Starting - 09/09/2022, 02:18:40                
================================================================
[02:18:46] txAdmin: Logger started
[02:19:27] [CHRfR#1] morei: joined with identifiers [license:b82c8958522106057996aec4f2d6e066e8e5ebad; xbl:2535424126043824; live:1759222484594985; discord:367108967010402314; fivem:6962974; license2:b82c8958522106057996aec4f2d6e066e8e5ebad]
[02:22:05] [CHRfR#1] morei: said "/-crafting_menu"
[02:22:38] [CHRfR#1] morei: said "/-crafting_menu"
[02:22:39] [CHRfR#1] morei: said "/-crafting_menu"
[02:25:39] [CHRfR#1] morei: disconnected (Exiting)

================================================================
======== txAdmin Starting - 09/09/2022, 02:29:33                
================================================================
[02:29:40] txAdmin: Logger started
[02:30:28] [i6GWw#1] morei: joined with identifiers [license:b82c8958522106057996aec4f2d6e066e8e5ebad; xbl:2535424126043824; live:1759222484594985; discord:367108967010402314; fivem:6962974; license2:b82c8958522106057996aec4f2d6e066e8e5ebad]
[02:39:28] [i6GWw#1] morei: said "/-crafting_menu"
[02:39:28] [i6GWw#1] morei: said "/-crafting_menu"
[02:39:37] [i6GWw#1] morei: said "/-crafting_menu"
[02:39:37] [i6GWw#1] morei: said "/-crafting_menu"
[02:39:55] [i6GWw#1] morei: said "/-crafting_menu"
[02:39:56] [i6GWw#1] morei: said "/-crafting_menu"
[02:39:56] [i6GWw#1] morei: said "/-crafting_menu"
[02:39:56] [i6GWw#1] morei: said "/-crafting_menu"
[02:40:10] [i6GWw#1] morei: said "/-crafting_menu"
[02:40:10] [i6GWw#1] morei: said "/-crafting_menu"
[02:40:11] [i6GWw#1] morei: said "/-crafting_menu"
[02:40:12] [i6GWw#1] morei: said "/-crafting_menu"
[02:40:12] [i6GWw#1] morei: said "/-crafting_menu"
[02:40:12] [i6GWw#1] morei: said "/-crafting_menu"
[02:40:13] [i6GWw#1] morei: said "/-crafting_menu"
[02:40:13] [i6GWw#1] morei: said "/-crafting_menu"
[02:40:13] [i6GWw#1] morei: said "/-crafting_menu"
[02:40:13] [i6GWw#1] morei: said "/-crafting_menu"
[02:40:13] [i6GWw#1] morei: said "/-crafting_menu"
[02:40:15] [i6GWw#1] morei: said "/-crafting_menu"
[02:42:04] [i6GWw#1] morei: disconnected (Exiting)

================================================================
======== txAdmin Starting - 09/09/2022, 02:46:15                
================================================================
[02:46:28] txAdmin: Logger started
[02:46:59] [VhLpE#1] morei: joined with identifiers [license:b82c8958522106057996aec4f2d6e066e8e5ebad; xbl:2535424126043824; live:1759222484594985; discord:367108967010402314; fivem:6962974; license2:b82c8958522106057996aec4f2d6e066e8e5ebad]
[02:48:27] [VhLpE#1] morei: said "/-crafting_menu"
[02:49:59] [VhLpE#1] morei: disconnected (Exiting)

================================================================
======== txAdmin Starting - 09/09/2022, 02:50:54                
================================================================
[02:51:03] txAdmin: Logger started
[02:51:50] [XCGbz#1] morei: joined with identifiers [license:b82c8958522106057996aec4f2d6e066e8e5ebad; xbl:2535424126043824; live:1759222484594985; discord:367108967010402314; fivem:6962974; license2:b82c8958522106057996aec4f2d6e066e8e5ebad]
[02:53:03] [XCGbz#1] morei: said "/tuner"
[02:54:26] [XCGbz#1] morei: said "/-crafting_menu"
[02:54:51] [XCGbz#1] morei: said "/sultan"
[02:55:01] [XCGbz#1] morei: said "/-crafting_menu"
[02:55:21] [XCGbz#1] morei: said "/-crafting_menu"
[02:55:22] [XCGbz#1] morei: said "/-crafting_menu"
[02:55:22] [XCGbz#1] morei: said "/-crafting_menu"
[02:55:23] [XCGbz#1] morei: said "/-crafting_menu"
[02:55:25] [XCGbz#1] morei: said "/-crafting_menu"
[02:55:26] [XCGbz#1] morei: said "/-crafting_menu"
[02:55:26] [XCGbz#1] morei: said "/-crafting_menu"
[02:55:26] [XCGbz#1] morei: said "/-crafting_menu"
[02:55:39] [XCGbz#1] morei: said "/-crafting_menu"
[02:55:39] [XCGbz#1] morei: said "/-crafting_menu"
[02:55:39] [XCGbz#1] morei: said "/-crafting_menu"
[02:55:40] [XCGbz#1] morei: said "/-crafting_menu"
[02:55:40] [XCGbz#1] morei: said "/-crafting_menu"
[02:55:40] [XCGbz#1] morei: said "/-crafting_menu"
[02:55:41] [XCGbz#1] morei: said "/-crafting_menu"
[02:55:41] [XCGbz#1] morei: said "/-crafting_menu"
[02:56:13] [XCGbz#1] morei: said "/-crafting_menu"
[02:56:14] [XCGbz#1] morei: said "/-crafting_menu"
[02:56:29] [XCGbz#1] morei: said "/-crafting_menu"
[02:59:21] [XCGbz#1] morei: said "/-crafting_menu"
[03:03:41] [XCGbz#1] morei: disconnected (Exiting)

================================================================
======== txAdmin Starting - 09/09/2022, 03:20:09                
================================================================
[03:20:15] txAdmin: Logger started

================================================================
======== txAdmin Starting - 09/09/2022, 03:24:39                
================================================================
[03:24:47] txAdmin: Logger started
[03:25:29] [dWXmj#1] morei: joined with identifiers [license:b82c8958522106057996aec4f2d6e066e8e5ebad; xbl:2535424126043824; live:1759222484594985; discord:367108967010402314; fivem:6962974; license2:b82c8958522106057996aec4f2d6e066e8e5ebad]
[03:28:30] [dWXmj#1] morei: said "/-crafting_menu"
[03:32:57] [dWXmj#1] morei: said "/-crafting_menu"
[03:32:58] [dWXmj#1] morei: said "/-crafting_menu"
[03:36:48] [dWXmj#1] morei: disconnected (Exiting)
