
================================================================
======== txAdmin Starting - 12/08/2022, 15:39:12                
================================================================

================================================================
======== Log Rotated - 12/08/2022, 15:39:13                     
================================================================
[15:39:51] txAdmin: Logger started

================================================================
======== txAdmin Starting - 12/08/2022, 15:40:45                
================================================================
[15:40:53] txAdmin: Logger started
[15:41:21] [bLYGj#1] morei: joined with identifiers [license:b82c8958522106057996aec4f2d6e066e8e5ebad; xbl:2535424126043824; live:1759222484594985; discord:367108967010402314; fivem:6962974; license2:b82c8958522106057996aec4f2d6e066e8e5ebad]
[16:08:26] [bLYGj#1] morei: died from suicide (Falling)
[16:15:16] [bLYGj#1] morei: disconnected (Server->client connection timed out. Last seen 31288 msec ago.)

================================================================
======== txAdmin Starting - 12/08/2022, 18:49:39                
================================================================

================================================================
======== txAdmin Starting - 12/08/2022, 18:49:43                
================================================================
[18:49:51] txAdmin: Logger started
[18:50:23] [j7UKx#1] morei: joined with identifiers [license:b82c8958522106057996aec4f2d6e066e8e5ebad; xbl:2535424126043824; live:1759222484594985; discord:367108967010402314; fivem:6962974; license2:b82c8958522106057996aec4f2d6e066e8e5ebad]
[19:01:24] [j7UKx#1] morei: disconnected (Exiting)

================================================================
======== txAdmin Starting - 12/08/2022, 19:11:24                
================================================================
[19:11:33] txAdmin: Logger started
[19:12:05] [X79Dp#1] morei: joined with identifiers [license:b82c8958522106057996aec4f2d6e066e8e5ebad; xbl:2535424126043824; live:1759222484594985; discord:367108967010402314; fivem:6962974; license2:b82c8958522106057996aec4f2d6e066e8e5ebad]
[19:19:11] [X79Dp#1] morei: said "/-crafting_menu"
[19:19:11] [X79Dp#1] morei: said "/-crafting_menu"
[19:19:12] [X79Dp#1] morei: said "/-crafting_menu"
[19:19:13] [X79Dp#1] morei: said "/-crafting_menu"
[19:19:14] [X79Dp#1] morei: said "/-crafting_menu"
[19:19:14] [X79Dp#1] morei: said "/-crafting_menu"
[19:19:47] [X79Dp#1] morei: said "/-crafting_menu"
[19:20:19] [X79Dp#1] morei: said "/-crafting_menu"
[19:20:20] [X79Dp#1] morei: said "/-crafting_menu"
[19:20:26] [X79Dp#1] morei: said "/-crafting_menu"
[19:20:27] [X79Dp#1] morei: said "/-crafting_menu"
[19:20:54] [X79Dp#1] morei: said "/-crafting_menu"
[19:22:10] [X79Dp#1] morei: said "/-crafting_menu"
[19:22:11] [X79Dp#1] morei: said "/-crafting_menu"
[19:22:12] [X79Dp#1] morei: said "/-crafting_menu"
[19:22:23] [X79Dp#1] morei: said "/-crafting_menu"
[19:22:45] [X79Dp#1] morei: said "/-crafting_menu"
[19:22:48] [X79Dp#1] morei: said "/-crafting_menu"
[19:22:49] [X79Dp#1] morei: said "/-crafting_menu"
[19:22:49] [X79Dp#1] morei: said "/-crafting_menu"
[19:22:52] [X79Dp#1] morei: said "/-crafting_menu"
[19:25:08] [X79Dp#1] morei: said "/-engine"
[19:25:09] [X79Dp#1] morei: said "/-engine"
[19:27:34] [X79Dp#1] morei: said "/-crafting_menu"
[19:28:32] [X79Dp#1] morei: said "/-crafting_menu"
[19:29:30] [X79Dp#1] morei: said "/-crafting_menu"
[19:30:12] [X79Dp#1] morei: said "/fb"
[19:30:39] [X79Dp#1] morei: said "/-crafting_menu"
[19:30:40] [X79Dp#1] morei: said "/-crafting_menu"
[19:30:41] [X79Dp#1] morei: said "/-crafting_menu"
[19:35:55] [X79Dp#1] morei: said "/-crafting_menu"
[19:35:55] [X79Dp#1] morei: said "/-crafting_menu"
[19:35:55] [X79Dp#1] morei: said "/-crafting_menu"
[19:35:56] [X79Dp#1] morei: said "/-crafting_menu"
[19:35:57] [X79Dp#1] morei: said "/-crafting_menu"
[19:36:10] [X79Dp#1] morei: said "/-crafting_menu"
[19:38:06] [X79Dp#1] morei: disconnected (Attempted exploit abuse)
