
================================================================
======== txAdmin Starting - 27/07/2022, 17:57:50                
================================================================

================================================================
======== Log Rotated - 27/07/2022, 17:57:50                     
================================================================

================================================================
======== txAdmin Starting - 27/07/2022, 17:57:59                
================================================================
[17:58:30] txAdmin: Logger started
[17:59:58] [nBGay#1] morei: joined with identifiers [license:b82c8958522106057996aec4f2d6e066e8e5ebad; xbl:2535424126043824; live:1759222484594985; discord:367108967010402314; fivem:6962974; license2:b82c8958522106057996aec4f2d6e066e8e5ebad]
[18:09:44] [nBGay#1] morei: disconnected (Exiting)

================================================================
======== txAdmin Starting - 27/07/2022, 18:11:25                
================================================================
[18:11:31] txAdmin: Logger started
[18:11:58] [cPng6#1] morei: joined with identifiers [license:b82c8958522106057996aec4f2d6e066e8e5ebad; xbl:2535424126043824; live:1759222484594985; discord:367108967010402314; fivem:6962974; license2:b82c8958522106057996aec4f2d6e066e8e5ebad]
[18:15:40] [cPng6#1] morei: said "/maskon"
[18:15:42] [cPng6#1] morei: said "/maskoff"
[18:16:41] [cPng6#1] morei: disconnected (Exiting)

================================================================
======== txAdmin Starting - 27/07/2022, 20:19:55                
================================================================
[20:20:00] txAdmin: Logger started
[20:20:45] [AYYcK#1] morei: joined with identifiers [license:b82c8958522106057996aec4f2d6e066e8e5ebad; xbl:2535424126043824; live:1759222484594985; discord:367108967010402314; fivem:6962974; license2:b82c8958522106057996aec4f2d6e066e8e5ebad]
[20:22:06] [AYYcK#1] morei: said "/-crafting_menu"
[20:23:39] [AYYcK#1] morei: said "/-crafting_menu"
[20:24:11] [AYYcK#1] morei: said "/-crafting_menu"
[20:24:47] [AYYcK#1] morei: said "/give 1 steel 10"
[20:35:19] [AYYcK#1] morei: disconnected (Exiting)

================================================================
======== txAdmin Starting - 27/07/2022, 20:36:09                
================================================================
[20:36:15] txAdmin: Logger started
[20:36:45] [AEEkx#1] morei: joined with identifiers [license:b82c8958522106057996aec4f2d6e066e8e5ebad; xbl:2535424126043824; live:1759222484594985; discord:367108967010402314; fivem:6962974; license2:b82c8958522106057996aec4f2d6e066e8e5ebad]
[20:38:29] [AEEkx#1] morei: disconnected (Exiting)

================================================================
======== txAdmin Starting - 27/07/2022, 23:37:46                
================================================================
[23:37:51] txAdmin: Logger started

================================================================
======== txAdmin Starting - 27/07/2022, 23:40:33                
================================================================
[23:40:37] txAdmin: Logger started

================================================================
======== txAdmin Starting - 27/07/2022, 23:42:41                
================================================================
[23:42:45] txAdmin: Logger started
[23:43:14] [ciFNt#1] morei: joined with identifiers [license:b82c8958522106057996aec4f2d6e066e8e5ebad; xbl:2535424126043824; live:1759222484594985; discord:367108967010402314; fivem:6962974; license2:b82c8958522106057996aec4f2d6e066e8e5ebad]
[23:58:45] [ciFNt#1] morei: said "/-crafting_menu"
[23:59:43] [ciFNt#1] morei: disconnected (Exiting)
