
================================================================
======== txAdmin Starting - 16/08/2022, 16:54:37                
================================================================

================================================================
======== Log Rotated - 16/08/2022, 16:54:38                     
================================================================
[16:55:03] txAdmin: Logger started
[16:56:53] [bPkrX#1] morei: joined with identifiers [license:b82c8958522106057996aec4f2d6e066e8e5ebad; xbl:2535424126043824; live:1759222484594985; discord:367108967010402314; fivem:6962974; license2:b82c8958522106057996aec4f2d6e066e8e5ebad]
[16:58:39] [bPkrX#1] morei: disconnected (Exiting)

================================================================
======== txAdmin Starting - 16/08/2022, 17:24:57                
================================================================
[17:25:11] txAdmin: Logger started

================================================================
======== txAdmin Starting - 16/08/2022, 18:25:41                
================================================================
[18:25:47] txAdmin: Logger started

================================================================
======== txAdmin Starting - 16/08/2022, 18:36:48                
================================================================
[18:36:54] txAdmin: Logger started
[18:37:24] [Jb8BU#1] morei: joined with identifiers [license:b82c8958522106057996aec4f2d6e066e8e5ebad; xbl:2535424126043824; live:1759222484594985; discord:367108967010402314; fivem:6962974; license2:b82c8958522106057996aec4f2d6e066e8e5ebad]
[18:46:36] [Jb8BU#1] morei: said "/-crafting_menu"
[18:46:37] [Jb8BU#1] morei: said "/-crafting_menu"
[18:46:52] [Jb8BU#1] morei: said "/-crafting_menu"
[18:46:53] [Jb8BU#1] morei: said "/-crafting_menu"
[18:46:53] [Jb8BU#1] morei: said "/-crafting_menu"
[18:47:17] [Jb8BU#1] morei: said "/-crafting_menu"
[18:47:18] [Jb8BU#1] morei: said "/-crafting_menu"
[18:48:29] [Jb8BU#1] morei: said "/-crafting_menu"
[18:49:00] [Jb8BU#1] morei: disconnected (Exiting)
