
================================================================
======== txAdmin Starting - 02/09/2022, 13:24:01                
================================================================

================================================================
======== Log Rotated - 02/09/2022, 13:24:01                     
================================================================
[13:24:25] txAdmin: Logger started

================================================================
======== txAdmin Starting - 02/09/2022, 13:24:34                
================================================================
[13:24:44] txAdmin: Logger started
[13:25:59] [gUa3C#1] morei: joined with identifiers [license:b82c8958522106057996aec4f2d6e066e8e5ebad; xbl:2535424126043824; live:1759222484594985; discord:367108967010402314; fivem:6962974; license2:b82c8958522106057996aec4f2d6e066e8e5ebad]
[13:31:10] [gUa3C#1] morei: said "/-crafting_menu"
[13:35:14] [gUa3C#1] morei: said "/-crafting_menu"
[13:35:56] [gUa3C#1] morei: said "/-crafting_menu"
[13:36:01] [gUa3C#1] morei: said "/-crafting_menu"
[13:36:36] [gUa3C#1] morei: said "/-crafting_menu"
[13:36:37] [gUa3C#1] morei: said "/-crafting_menu"
[13:36:37] [gUa3C#1] morei: said "/-crafting_menu"
[13:36:37] [gUa3C#1] morei: said "/-crafting_menu"
[13:36:38] [gUa3C#1] morei: said "/-crafting_menu"
[13:36:38] [gUa3C#1] morei: said "/-crafting_menu"
[13:36:38] [gUa3C#1] morei: said "/-crafting_menu"
[13:36:38] [gUa3C#1] morei: said "/-crafting_menu"
[13:36:45] [gUa3C#1] morei: said "/-crafting_menu"
[13:39:05] [gUa3C#1] morei: said "/-crafting_menu"
[13:39:07] [gUa3C#1] morei: said "/-crafting_menu"
[13:39:07] [gUa3C#1] morei: said "/-crafting_menu"
[13:39:07] [gUa3C#1] morei: said "/-crafting_menu"
[13:39:07] [gUa3C#1] morei: said "/-crafting_menu"
[13:39:08] [gUa3C#1] morei: said "/-crafting_menu"
[13:39:08] [gUa3C#1] morei: said "/-crafting_menu"
[13:39:08] [gUa3C#1] morei: said "/-crafting_menu"
[13:39:08] [gUa3C#1] morei: said "/-crafting_menu"
[13:39:09] [gUa3C#1] morei: said "/-crafting_menu"
[13:39:09] [gUa3C#1] morei: said "/-crafting_menu"
[13:39:12] [gUa3C#1] morei: said "/-crafting_menu"
[13:39:12] [gUa3C#1] morei: said "/-crafting_menu"
[13:39:12] [gUa3C#1] morei: said "/-crafting_menu"
[13:39:12] [gUa3C#1] morei: said "/-crafting_menu"
[13:39:13] [gUa3C#1] morei: said "/-crafting_menu"
[13:39:28] [gUa3C#1] morei: said "/-crafting_menu"
[13:39:29] [gUa3C#1] morei: said "/-crafting_menu"
[13:39:29] [gUa3C#1] morei: said "/-crafting_menu"
[13:39:29] [gUa3C#1] morei: said "/-crafting_menu"
[13:39:29] [gUa3C#1] morei: said "/-crafting_menu"
[13:39:29] [gUa3C#1] morei: said "/-crafting_menu"
[13:39:30] [gUa3C#1] morei: said "/-crafting_menu"
[13:41:48] [gUa3C#1] morei: said "/-crafting_menu"
[13:41:52] [gUa3C#1] morei: said "/-crafting_menu"
[13:41:56] [gUa3C#1] morei: said "/-crafting_menu"
[13:42:04] [gUa3C#1] morei: said "/-crafting_menu"
[13:42:05] [gUa3C#1] morei: said "/-crafting_menu"
[13:42:05] [gUa3C#1] morei: said "/-crafting_menu"
[13:42:10] [gUa3C#1] morei: said "/-crafting_menu"
[13:42:14] [gUa3C#1] morei: said "/-crafting_menu"
[13:42:23] [gUa3C#1] morei: said "/-crafting_menu"
[13:43:08] [gUa3C#1] morei: said "/-crafting_menu"
[13:43:12] [gUa3C#1] morei: said "/-crafting_menu"
[13:43:13] [gUa3C#1] morei: said "/-crafting_menu"
[13:57:56] [gUa3C#1] morei: said "/-crafting_menu"
[13:58:07] [gUa3C#1] morei: said "/-crafting_menu"
[13:58:14] [gUa3C#1] morei: said "/-crafting_menu"
[13:59:09] [gUa3C#1] morei: said "/-crafting_menu"
[13:59:54] [gUa3C#1] morei: said "/-crafting_menu"
[13:59:59] [gUa3C#1] morei: said "/-crafting_menu"
[14:00:01] [gUa3C#1] morei: said "/-crafting_menu"
[14:00:01] [gUa3C#1] morei: said "/-crafting_menu"
[14:00:02] [gUa3C#1] morei: said "/-crafting_menu"
[14:00:03] [gUa3C#1] morei: said "/-crafting_menu"
[14:00:34] [gUa3C#1] morei: said "/-crafting_menu"
[14:00:41] [gUa3C#1] morei: said "/-crafting_menu"
[14:03:24] [gUa3C#1] morei: said "/-crafting_menu"
[14:05:19] [gUa3C#1] morei: said "/-crafting_menu"
[14:06:23] [gUa3C#1] morei: said "/-crafting_menu"
[14:06:26] [gUa3C#1] morei: said "/-crafting_menu"
[14:06:33] [gUa3C#1] morei: said "/-crafting_menu"
[14:06:36] [gUa3C#1] morei: said "/-crafting_menu"
[14:06:38] [gUa3C#1] morei: said "/-crafting_menu"
[14:06:42] [gUa3C#1] morei: said "/-crafting_menu"
[14:12:43] [gUa3C#1] morei: said "/-crafting_menu"
[14:12:53] [gUa3C#1] morei: said "/-crafting_menu"
[14:12:58] [gUa3C#1] morei: said "/-crafting_menu"
[14:13:34] [gUa3C#1] morei: said "/-crafting_menu"
[14:13:39] [gUa3C#1] morei: said "/-crafting_menu"
[14:13:46] [gUa3C#1] morei: said "/-crafting_menu"
[14:14:32] [gUa3C#1] morei: said "/-crafting_menu"
[14:14:33] [gUa3C#1] morei: said "/-crafting_menu"
[14:14:33] [gUa3C#1] morei: said "/-crafting_menu"
[14:14:33] [gUa3C#1] morei: said "/-crafting_menu"
[14:14:33] [gUa3C#1] morei: said "/-crafting_menu"
[14:14:33] [gUa3C#1] morei: said "/-crafting_menu"
[14:14:34] [gUa3C#1] morei: said "/-crafting_menu"
[14:14:34] [gUa3C#1] morei: said "/-crafting_menu"
[14:14:34] [gUa3C#1] morei: said "/-crafting_menu"
[14:23:34] [gUa3C#1] morei: said "/-crafting_menu"
[14:23:43] [gUa3C#1] morei: said "/-crafting_menu"
[14:23:43] [gUa3C#1] morei: said "/-crafting_menu"
[14:24:18] [gUa3C#1] morei: said "/-crafting_menu"
[14:26:39] [gUa3C#1] morei: said "/-crafting_menu"
[14:26:45] [gUa3C#1] morei: said "/-crafting_menu"
[14:26:52] [gUa3C#1] morei: said "/-crafting_menu"
[14:27:28] [gUa3C#1] morei: said "/-crafting_menu"
[14:27:28] [gUa3C#1] morei: said "/-crafting_menu"
[14:37:47] [gUa3C#1] morei: disconnected (Exiting)

================================================================
======== txAdmin Starting - 02/09/2022, 14:59:08                
================================================================
[14:59:34] txAdmin: Logger started
[14:59:53] [QHmhA#1] morei: joined with identifiers [license:b82c8958522106057996aec4f2d6e066e8e5ebad; xbl:2535424126043824; live:1759222484594985; discord:367108967010402314; fivem:6962974; license2:b82c8958522106057996aec4f2d6e066e8e5ebad]
[15:27:41] [QHmhA#1] morei: died from suicide (Falling)
[15:28:26] [QHmhA#1] morei: died from suicide (Falling)
[15:39:26] [QHmhA#1] morei: disconnected (Exiting)
